[I 2024-01-25 11:25:51,424] A new study created in memory with name: no-name-a52da106-de12-4b95-bd2e-9285a89e4251
[I 2024-01-25 11:25:51,569] Trial 0 finished with value: 1.0 and parameters: {'min_samples_leaf': 9, 'max_depth': 11, 'min_samples_split': 3}. Best is trial 0 with value: 1.0.
[I 2024-01-25 11:25:51,696] Trial 1 finished with value: 0.9473684210526315 and parameters: {'min_samples_leaf': 7, 'max_depth': 9, 'min_samples_split': 3}. Best is trial 0 with value: 1.0.
[I 2024-01-25 11:25:51,835] Trial 2 finished with value: 0.9473684210526315 and parameters: {'min_samples_leaf': 4, 'max_depth': 18, 'min_samples_split': 5}. Best is trial 0 with value: 1.0.
[I 2024-01-25 11:25:51,933] Trial 3 finished with value: 0.8947368421052632 and parameters: {'min_samples_leaf': 4, 'max_depth': 7, 'min_samples_split': 3}. Best is trial 0 with value: 1.0.
[I 2024-01-25 11:25:52,027] Trial 4 finished with value: 0.9210526315789473 and parameters: {'min_samples_leaf': 7, 'max_depth': 19, 'min_samples_split': 4}. Best is trial 0 with value: 1.0.
[I 2024-01-25 11:25:52,137] Trial 5 finished with value: 0.8947368421052632 and parameters: {'min_samples_leaf': 10, 'max_depth': 12, 'min_samples_split': 7}. Best is trial 0 with value: 1.0.
[I 2024-01-25 11:25:52,276] Trial 6 finished with value: 1.0 and parameters: {'min_samples_leaf': 4, 'max_depth': 7, 'min_samples_split': 8}. Best is trial 0 with value: 1.0.
[I 2024-01-25 11:25:52,393] Trial 7 finished with value: 0.9473684210526315 and parameters: {'min_samples_leaf': 6, 'max_depth': 14, 'min_samples_split': 8}. Best is trial 0 with value: 1.0.
[I 2024-01-25 11:25:52,495] Trial 8 finished with value: 0.9736842105263158 and parameters: {'min_samples_leaf': 6, 'max_depth': 15, 'min_samples_split': 7}. Best is trial 0 with value: 1.0.
[I 2024-01-25 11:25:52,586] Trial 9 finished with value: 0.9736842105263158 and parameters: {'min_samples_leaf': 9, 'max_depth': 18, 'min_samples_split': 5}. Best is trial 0 with value: 1.0.
[I 2024-01-25 11:25:52,708] Trial 10 finished with value: 0.9473684210526315 and parameters: {'min_samples_leaf': 2, 'max_depth': 10, 'min_samples_split': 10}. Best is trial 0 with value: 1.0.
[I 2024-01-25 11:25:52,857] Trial 11 finished with value: 0.9473684210526315 and parameters: {'min_samples_leaf': 3, 'max_depth': 5, 'min_samples_split': 9}. Best is trial 0 with value: 1.0.
[I 2024-01-25 11:25:52,997] Trial 12 finished with value: 0.9736842105263158 and parameters: {'min_samples_leaf': 9, 'max_depth': 9, 'min_samples_split': 2}. Best is trial 0 with value: 1.0.
[I 2024-01-25 11:25:53,097] Trial 13 finished with value: 0.9210526315789473 and parameters: {'min_samples_leaf': 5, 'max_depth': 5, 'min_samples_split': 6}. Best is trial 0 with value: 1.0.
[I 2024-01-25 11:25:53,198] Trial 14 finished with value: 0.9736842105263158 and parameters: {'min_samples_leaf': 8, 'max_depth': 12, 'min_samples_split': 8}. Best is trial 0 with value: 1.0.
[I 2024-01-25 11:25:53,300] Trial 15 finished with value: 1.0 and parameters: {'min_samples_leaf': 2, 'max_depth': 8, 'min_samples_split': 10}. Best is trial 0 with value: 1.0.
[I 2024-01-25 11:25:53,402] Trial 16 finished with value: 0.9473684210526315 and parameters: {'min_samples_leaf': 5, 'max_depth': 11, 'min_samples_split': 2}. Best is trial 0 with value: 1.0.
[I 2024-01-25 11:25:53,502] Trial 17 finished with value: 1.0 and parameters: {'min_samples_leaf': 10, 'max_depth': 7, 'min_samples_split': 6}. Best is trial 0 with value: 1.0.
[I 2024-01-25 11:25:53,601] Trial 18 finished with value: 0.9736842105263158 and parameters: {'min_samples_leaf': 4, 'max_depth': 13, 'min_samples_split': 8}. Best is trial 0 with value: 1.0.
[I 2024-01-25 11:25:53,703] Trial 19 finished with value: 0.9210526315789473 and parameters: {'min_samples_leaf': 7, 'max_depth': 16, 'min_samples_split': 4}. Best is trial 0 with value: 1.0.
[I 2024-01-25 11:25:53,812] Trial 20 finished with value: 1.0 and parameters: {'min_samples_leaf': 8, 'max_depth': 7, 'min_samples_split': 7}. Best is trial 0 with value: 1.0.
[I 2024-01-25 11:25:53,914] Trial 21 finished with value: 0.9473684210526315 and parameters: {'min_samples_leaf': 2, 'max_depth': 8, 'min_samples_split': 10}. Best is trial 0 with value: 1.0.
[I 2024-01-25 11:25:54,016] Trial 22 finished with value: 0.9473684210526315 and parameters: {'min_samples_leaf': 3, 'max_depth': 10, 'min_samples_split': 9}. Best is trial 0 with value: 1.0.
[I 2024-01-25 11:25:54,117] Trial 23 finished with value: 0.9473684210526315 and parameters: {'min_samples_leaf': 3, 'max_depth': 6, 'min_samples_split': 9}. Best is trial 0 with value: 1.0.
[I 2024-01-25 11:25:54,218] Trial 24 finished with value: 0.9473684210526315 and parameters: {'min_samples_leaf': 2, 'max_depth': 8, 'min_samples_split': 10}. Best is trial 0 with value: 1.0.
[I 2024-01-25 11:25:54,323] Trial 25 finished with value: 0.9210526315789473 and parameters: {'min_samples_leaf': 5, 'max_depth': 10, 'min_samples_split': 9}. Best is trial 0 with value: 1.0.
[I 2024-01-25 11:25:54,459] Trial 26 finished with value: 0.9473684210526315 and parameters: {'min_samples_leaf': 3, 'max_depth': 11, 'min_samples_split': 8}. Best is trial 0 with value: 1.0.
[I 2024-01-25 11:25:54,562] Trial 27 finished with value: 0.9473684210526315 and parameters: {'min_samples_leaf': 4, 'max_depth': 8, 'min_samples_split': 5}. Best is trial 0 with value: 1.0.
[I 2024-01-25 11:25:54,693] Trial 28 finished with value: 0.9736842105263158 and parameters: {'min_samples_leaf': 2, 'max_depth': 6, 'min_samples_split': 10}. Best is trial 0 with value: 1.0.
[I 2024-01-25 11:25:54,795] Trial 29 finished with value: 0.9473684210526315 and parameters: {'min_samples_leaf': 6, 'max_depth': 9, 'min_samples_split': 3}. Best is trial 0 with value: 1.0.
[I 2024-01-25 11:25:54,895] Trial 30 finished with value: 0.9210526315789473 and parameters: {'min_samples_leaf': 8, 'max_depth': 13, 'min_samples_split': 4}. Best is trial 0 with value: 1.0.
[I 2024-01-25 11:25:54,995] Trial 31 finished with value: 1.0 and parameters: {'min_samples_leaf': 10, 'max_depth': 7, 'min_samples_split': 6}. Best is trial 0 with value: 1.0.
[I 2024-01-25 11:25:55,095] Trial 32 finished with value: 1.0 and parameters: {'min_samples_leaf': 9, 'max_depth': 6, 'min_samples_split': 7}. Best is trial 0 with value: 1.0.
[I 2024-01-25 11:25:55,196] Trial 33 finished with value: 0.9473684210526315 and parameters: {'min_samples_leaf': 10, 'max_depth': 8, 'min_samples_split': 6}. Best is trial 0 with value: 1.0.
[I 2024-01-25 11:25:55,296] Trial 34 finished with value: 0.9736842105263158 and parameters: {'min_samples_leaf': 9, 'max_depth': 9, 'min_samples_split': 3}. Best is trial 0 with value: 1.0.
[I 2024-01-25 11:25:55,396] Trial 35 finished with value: 0.8947368421052632 and parameters: {'min_samples_leaf': 10, 'max_depth': 7, 'min_samples_split': 6}. Best is trial 0 with value: 1.0.
[I 2024-01-25 11:25:55,497] Trial 36 finished with value: 0.9736842105263158 and parameters: {'min_samples_leaf': 4, 'max_depth': 11, 'min_samples_split': 5}. Best is trial 0 with value: 1.0.
[I 2024-01-25 11:25:55,598] Trial 37 finished with value: 0.9736842105263158 and parameters: {'min_samples_leaf': 7, 'max_depth': 5, 'min_samples_split': 9}. Best is trial 0 with value: 1.0.
[I 2024-01-25 11:25:55,698] Trial 38 finished with value: 0.8947368421052632 and parameters: {'min_samples_leaf': 6, 'max_depth': 20, 'min_samples_split': 7}. Best is trial 0 with value: 1.0.
[I 2024-01-25 11:25:55,799] Trial 39 finished with value: 0.9473684210526315 and parameters: {'min_samples_leaf': 10, 'max_depth': 15, 'min_samples_split': 8}. Best is trial 0 with value: 1.0.
[I 2024-01-25 11:25:55,901] Trial 40 finished with value: 0.9473684210526315 and parameters: {'min_samples_leaf': 9, 'max_depth': 6, 'min_samples_split': 5}. Best is trial 0 with value: 1.0.
[I 2024-01-25 11:25:56,001] Trial 41 finished with value: 0.9210526315789473 and parameters: {'min_samples_leaf': 8, 'max_depth': 7, 'min_samples_split': 7}. Best is trial 0 with value: 1.0.
[I 2024-01-25 11:25:56,101] Trial 42 finished with value: 0.9736842105263158 and parameters: {'min_samples_leaf': 8, 'max_depth': 7, 'min_samples_split': 8}. Best is trial 0 with value: 1.0.
[I 2024-01-25 11:25:56,202] Trial 43 finished with value: 0.9736842105263158 and parameters: {'min_samples_leaf': 9, 'max_depth': 8, 'min_samples_split': 7}. Best is trial 0 with value: 1.0.
[I 2024-01-25 11:25:56,303] Trial 44 finished with value: 0.9736842105263158 and parameters: {'min_samples_leaf': 8, 'max_depth': 10, 'min_samples_split': 7}. Best is trial 0 with value: 1.0.
[I 2024-01-25 11:25:56,403] Trial 45 finished with value: 1.0 and parameters: {'min_samples_leaf': 10, 'max_depth': 5, 'min_samples_split': 2}. Best is trial 0 with value: 1.0.
[I 2024-01-25 11:25:56,504] Trial 46 finished with value: 0.9736842105263158 and parameters: {'min_samples_leaf': 7, 'max_depth': 7, 'min_samples_split': 4}. Best is trial 0 with value: 1.0.
[I 2024-01-25 11:25:56,606] Trial 47 finished with value: 0.9210526315789473 and parameters: {'min_samples_leaf': 5, 'max_depth': 6, 'min_samples_split': 9}. Best is trial 0 with value: 1.0.
[I 2024-01-25 11:25:56,706] Trial 48 finished with value: 0.9210526315789473 and parameters: {'min_samples_leaf': 9, 'max_depth': 9, 'min_samples_split': 5}. Best is trial 0 with value: 1.0.
[I 2024-01-25 11:25:56,808] Trial 49 finished with value: 1.0 and parameters: {'min_samples_leaf': 4, 'max_depth': 10, 'min_samples_split': 6}. Best is trial 0 with value: 1.0.
[I 2024-01-25 11:25:56,909] Trial 50 finished with value: 0.9736842105263158 and parameters: {'min_samples_leaf': 7, 'max_depth': 17, 'min_samples_split': 10}. Best is trial 0 with value: 1.0.
[I 2024-01-25 11:25:57,011] Trial 51 finished with value: 0.8947368421052632 and parameters: {'min_samples_leaf': 10, 'max_depth': 7, 'min_samples_split': 6}. Best is trial 0 with value: 1.0.
[I 2024-01-25 11:25:57,112] Trial 52 finished with value: 0.9473684210526315 and parameters: {'min_samples_leaf': 10, 'max_depth': 8, 'min_samples_split': 6}. Best is trial 0 with value: 1.0.
[I 2024-01-25 11:25:57,235] Trial 53 finished with value: 0.9473684210526315 and parameters: {'min_samples_leaf': 9, 'max_depth': 7, 'min_samples_split': 8}. Best is trial 0 with value: 1.0.
[I 2024-01-25 11:25:57,359] Trial 54 finished with value: 0.9210526315789473 and parameters: {'min_samples_leaf': 10, 'max_depth': 5, 'min_samples_split': 6}. Best is trial 0 with value: 1.0.
[I 2024-01-25 11:25:57,460] Trial 55 finished with value: 0.9210526315789473 and parameters: {'min_samples_leaf': 9, 'max_depth': 6, 'min_samples_split': 7}. Best is trial 0 with value: 1.0.
[I 2024-01-25 11:25:57,561] Trial 56 finished with value: 0.9736842105263158 and parameters: {'min_samples_leaf': 3, 'max_depth': 12, 'min_samples_split': 8}. Best is trial 0 with value: 1.0.
[I 2024-01-25 11:25:57,664] Trial 57 finished with value: 0.9473684210526315 and parameters: {'min_samples_leaf': 8, 'max_depth': 8, 'min_samples_split': 2}. Best is trial 0 with value: 1.0.
[I 2024-01-25 11:25:57,766] Trial 58 finished with value: 0.9473684210526315 and parameters: {'min_samples_leaf': 10, 'max_depth': 9, 'min_samples_split': 4}. Best is trial 0 with value: 1.0.
[I 2024-01-25 11:25:57,873] Trial 59 finished with value: 0.9736842105263158 and parameters: {'min_samples_leaf': 2, 'max_depth': 7, 'min_samples_split': 5}. Best is trial 0 with value: 1.0.
[I 2024-01-25 11:25:57,976] Trial 60 finished with value: 0.9736842105263158 and parameters: {'min_samples_leaf': 5, 'max_depth': 14, 'min_samples_split': 9}. Best is trial 0 with value: 1.0.
[I 2024-01-25 11:25:58,118] Trial 61 finished with value: 0.9736842105263158 and parameters: {'min_samples_leaf': 9, 'max_depth': 6, 'min_samples_split': 7}. Best is trial 0 with value: 1.0.
[I 2024-01-25 11:25:58,241] Trial 62 finished with value: 0.9210526315789473 and parameters: {'min_samples_leaf': 9, 'max_depth': 6, 'min_samples_split': 7}. Best is trial 0 with value: 1.0.
[I 2024-01-25 11:25:58,408] Trial 63 finished with value: 0.9210526315789473 and parameters: {'min_samples_leaf': 10, 'max_depth': 8, 'min_samples_split': 6}. Best is trial 0 with value: 1.0.
[I 2024-01-25 11:25:58,516] Trial 64 finished with value: 0.9736842105263158 and parameters: {'min_samples_leaf': 9, 'max_depth': 5, 'min_samples_split': 8}. Best is trial 0 with value: 1.0.
[I 2024-01-25 11:25:58,624] Trial 65 finished with value: 1.0 and parameters: {'min_samples_leaf': 8, 'max_depth': 9, 'min_samples_split': 7}. Best is trial 0 with value: 1.0.
[I 2024-01-25 11:25:58,728] Trial 66 finished with value: 0.9473684210526315 and parameters: {'min_samples_leaf': 10, 'max_depth': 11, 'min_samples_split': 6}. Best is trial 0 with value: 1.0.
[I 2024-01-25 11:25:58,830] Trial 67 finished with value: 0.8947368421052632 and parameters: {'min_samples_leaf': 9, 'max_depth': 6, 'min_samples_split': 8}. Best is trial 0 with value: 1.0.
[I 2024-01-25 11:25:58,961] Trial 68 finished with value: 0.9736842105263158 and parameters: {'min_samples_leaf': 3, 'max_depth': 8, 'min_samples_split': 10}. Best is trial 0 with value: 1.0.
[I 2024-01-25 11:25:59,063] Trial 69 finished with value: 0.9736842105263158 and parameters: {'min_samples_leaf': 4, 'max_depth': 5, 'min_samples_split': 3}. Best is trial 0 with value: 1.0.
[I 2024-01-25 11:25:59,167] Trial 70 finished with value: 0.9473684210526315 and parameters: {'min_samples_leaf': 2, 'max_depth': 7, 'min_samples_split': 7}. Best is trial 0 with value: 1.0.
[I 2024-01-25 11:25:59,269] Trial 71 finished with value: 0.9736842105263158 and parameters: {'min_samples_leaf': 10, 'max_depth': 5, 'min_samples_split': 2}. Best is trial 0 with value: 1.0.
[I 2024-01-25 11:25:59,370] Trial 72 finished with value: 0.8947368421052632 and parameters: {'min_samples_leaf': 10, 'max_depth': 6, 'min_samples_split': 3}. Best is trial 0 with value: 1.0.
[I 2024-01-25 11:25:59,474] Trial 73 finished with value: 0.868421052631579 and parameters: {'min_samples_leaf': 10, 'max_depth': 5, 'min_samples_split': 2}. Best is trial 0 with value: 1.0.
[I 2024-01-25 11:25:59,581] Trial 74 finished with value: 0.9736842105263158 and parameters: {'min_samples_leaf': 9, 'max_depth': 7, 'min_samples_split': 3}. Best is trial 0 with value: 1.0.
[I 2024-01-25 11:25:59,684] Trial 75 finished with value: 0.9210526315789473 and parameters: {'min_samples_leaf': 10, 'max_depth': 6, 'min_samples_split': 2}. Best is trial 0 with value: 1.0.
[I 2024-01-25 11:25:59,804] Trial 76 finished with value: 0.868421052631579 and parameters: {'min_samples_leaf': 9, 'max_depth': 7, 'min_samples_split': 9}. Best is trial 0 with value: 1.0.
[I 2024-01-25 11:25:59,908] Trial 77 finished with value: 0.9473684210526315 and parameters: {'min_samples_leaf': 6, 'max_depth': 5, 'min_samples_split': 4}. Best is trial 0 with value: 1.0.
[I 2024-01-25 11:26:00,010] Trial 78 finished with value: 0.9473684210526315 and parameters: {'min_samples_leaf': 10, 'max_depth': 8, 'min_samples_split': 7}. Best is trial 0 with value: 1.0.
[I 2024-01-25 11:26:00,112] Trial 79 finished with value: 0.9473684210526315 and parameters: {'min_samples_leaf': 8, 'max_depth': 6, 'min_samples_split': 5}. Best is trial 0 with value: 1.0.
[I 2024-01-25 11:26:00,216] Trial 80 finished with value: 1.0 and parameters: {'min_samples_leaf': 9, 'max_depth': 9, 'min_samples_split': 3}. Best is trial 0 with value: 1.0.
[I 2024-01-25 11:26:00,319] Trial 81 finished with value: 0.9736842105263158 and parameters: {'min_samples_leaf': 4, 'max_depth': 12, 'min_samples_split': 6}. Best is trial 0 with value: 1.0.
[I 2024-01-25 11:26:00,445] Trial 82 finished with value: 0.9210526315789473 and parameters: {'min_samples_leaf': 3, 'max_depth': 10, 'min_samples_split': 6}. Best is trial 0 with value: 1.0.
[I 2024-01-25 11:26:00,566] Trial 83 finished with value: 0.9736842105263158 and parameters: {'min_samples_leaf': 5, 'max_depth': 10, 'min_samples_split': 6}. Best is trial 0 with value: 1.0.
[I 2024-01-25 11:26:00,685] Trial 84 finished with value: 0.8947368421052632 and parameters: {'min_samples_leaf': 3, 'max_depth': 7, 'min_samples_split': 5}. Best is trial 0 with value: 1.0.
[I 2024-01-25 11:26:00,842] Trial 85 finished with value: 0.9210526315789473 and parameters: {'min_samples_leaf': 6, 'max_depth': 11, 'min_samples_split': 6}. Best is trial 0 with value: 1.0.
[I 2024-01-25 11:26:00,948] Trial 86 finished with value: 0.9736842105263158 and parameters: {'min_samples_leaf': 4, 'max_depth': 8, 'min_samples_split': 8}. Best is trial 0 with value: 1.0.
[I 2024-01-25 11:26:01,051] Trial 87 finished with value: 1.0 and parameters: {'min_samples_leaf': 7, 'max_depth': 10, 'min_samples_split': 10}. Best is trial 0 with value: 1.0.
[I 2024-01-25 11:26:01,154] Trial 88 finished with value: 0.9736842105263158 and parameters: {'min_samples_leaf': 2, 'max_depth': 9, 'min_samples_split': 5}. Best is trial 0 with value: 1.0.
[I 2024-01-25 11:26:01,258] Trial 89 finished with value: 0.9473684210526315 and parameters: {'min_samples_leaf': 10, 'max_depth': 12, 'min_samples_split': 7}. Best is trial 0 with value: 1.0.
[I 2024-01-25 11:26:01,364] Trial 90 finished with value: 0.9473684210526315 and parameters: {'min_samples_leaf': 5, 'max_depth': 13, 'min_samples_split': 7}. Best is trial 0 with value: 1.0.
[I 2024-01-25 11:26:01,466] Trial 91 finished with value: 0.9210526315789473 and parameters: {'min_samples_leaf': 8, 'max_depth': 9, 'min_samples_split': 7}. Best is trial 0 with value: 1.0.
[I 2024-01-25 11:26:01,569] Trial 92 finished with value: 0.9473684210526315 and parameters: {'min_samples_leaf': 8, 'max_depth': 10, 'min_samples_split': 7}. Best is trial 0 with value: 1.0.
[I 2024-01-25 11:26:01,675] Trial 93 finished with value: 0.9736842105263158 and parameters: {'min_samples_leaf': 7, 'max_depth': 8, 'min_samples_split': 6}. Best is trial 0 with value: 1.0.
[I 2024-01-25 11:26:01,776] Trial 94 finished with value: 0.9473684210526315 and parameters: {'min_samples_leaf': 6, 'max_depth': 7, 'min_samples_split': 8}. Best is trial 0 with value: 1.0.
[I 2024-01-25 11:26:01,878] Trial 95 finished with value: 0.9473684210526315 and parameters: {'min_samples_leaf': 10, 'max_depth': 9, 'min_samples_split': 6}. Best is trial 0 with value: 1.0.
[I 2024-01-25 11:26:01,983] Trial 96 finished with value: 0.9736842105263158 and parameters: {'min_samples_leaf': 8, 'max_depth': 11, 'min_samples_split': 8}. Best is trial 0 with value: 1.0.
[I 2024-01-25 11:26:02,085] Trial 97 finished with value: 0.9473684210526315 and parameters: {'min_samples_leaf': 9, 'max_depth': 6, 'min_samples_split': 7}. Best is trial 0 with value: 1.0.
[I 2024-01-25 11:26:02,187] Trial 98 finished with value: 0.9210526315789473 and parameters: {'min_samples_leaf': 9, 'max_depth': 8, 'min_samples_split': 2}. Best is trial 0 with value: 1.0.
[I 2024-01-25 11:26:02,290] Trial 99 finished with value: 0.9473684210526315 and parameters: {'min_samples_leaf': 10, 'max_depth': 6, 'min_samples_split': 4}. Best is trial 0 with value: 1.0.
Number of finished trials:  100
Best trial:
  Value:  1.0
  Params:
    min_samples_leaf: 9
    max_depth: 11
    min_samples_split: 3