[I 2024-01-25 11:34:13,238] A new study created in memory with name: no-name-a163771a-d9d4-40e4-9cce-23c63d56c7a5
[I 2024-01-25 11:34:13,375] Trial 0 finished with value: 0.9473684210526315 and parameters: {'min_samples_leaf': 10, 'max_depth': 17, 'min_samples_split': 9}. Best is trial 0 with value: 0.9473684210526315.
[I 2024-01-25 11:34:13,470] Trial 1 finished with value: 1.0 and parameters: {'min_samples_leaf': 2, 'max_depth': 18, 'min_samples_split': 7}. Best is trial 1 with value: 1.0.
[I 2024-01-25 11:34:13,583] Trial 2 finished with value: 0.9736842105263158 and parameters: {'min_samples_leaf': 10, 'max_depth': 10, 'min_samples_split': 8}. Best is trial 1 with value: 1.0.
[I 2024-01-25 11:34:13,683] Trial 3 finished with value: 0.9736842105263158 and parameters: {'min_samples_leaf': 5, 'max_depth': 18, 'min_samples_split': 10}. Best is trial 1 with value: 1.0.
[I 2024-01-25 11:34:13,787] Trial 4 finished with value: 0.9736842105263158 and parameters: {'min_samples_leaf': 4, 'max_depth': 6, 'min_samples_split': 8}. Best is trial 1 with value: 1.0.
[I 2024-01-25 11:34:13,879] Trial 5 finished with value: 0.9473684210526315 and parameters: {'min_samples_leaf': 10, 'max_depth': 9, 'min_samples_split': 5}. Best is trial 1 with value: 1.0.
[I 2024-01-25 11:34:13,970] Trial 6 finished with value: 0.9473684210526315 and parameters: {'min_samples_leaf': 2, 'max_depth': 15, 'min_samples_split': 6}. Best is trial 1 with value: 1.0.
[I 2024-01-25 11:34:14,061] Trial 7 finished with value: 0.9736842105263158 and parameters: {'min_samples_leaf': 6, 'max_depth': 7, 'min_samples_split': 9}. Best is trial 1 with value: 1.0.
[I 2024-01-25 11:34:14,155] Trial 8 finished with value: 0.9736842105263158 and parameters: {'min_samples_leaf': 3, 'max_depth': 11, 'min_samples_split': 2}. Best is trial 1 with value: 1.0.
[I 2024-01-25 11:34:14,248] Trial 9 finished with value: 1.0 and parameters: {'min_samples_leaf': 7, 'max_depth': 18, 'min_samples_split': 7}. Best is trial 1 with value: 1.0.
[I 2024-01-25 11:34:14,350] Trial 10 finished with value: 0.9473684210526315 and parameters: {'min_samples_leaf': 8, 'max_depth': 14, 'min_samples_split': 4}. Best is trial 1 with value: 1.0.
[I 2024-01-25 11:34:14,454] Trial 11 finished with value: 1.0 and parameters: {'min_samples_leaf': 7, 'max_depth': 20, 'min_samples_split': 7}. Best is trial 1 with value: 1.0.
[I 2024-01-25 11:34:14,555] Trial 12 finished with value: 0.9210526315789473 and parameters: {'min_samples_leaf': 8, 'max_depth': 20, 'min_samples_split': 6}. Best is trial 1 with value: 1.0.
[I 2024-01-25 11:34:14,657] Trial 13 finished with value: 1.0 and parameters: {'min_samples_leaf': 5, 'max_depth': 16, 'min_samples_split': 4}. Best is trial 1 with value: 1.0.
[I 2024-01-25 11:34:14,758] Trial 14 finished with value: 0.9736842105263158 and parameters: {'min_samples_leaf': 2, 'max_depth': 13, 'min_samples_split': 7}. Best is trial 1 with value: 1.0.
[I 2024-01-25 11:34:14,858] Trial 15 finished with value: 0.9473684210526315 and parameters: {'min_samples_leaf': 8, 'max_depth': 18, 'min_samples_split': 7}. Best is trial 1 with value: 1.0.
[I 2024-01-25 11:34:14,958] Trial 16 finished with value: 0.868421052631579 and parameters: {'min_samples_leaf': 6, 'max_depth': 19, 'min_samples_split': 5}. Best is trial 1 with value: 1.0.
[I 2024-01-25 11:34:15,063] Trial 17 finished with value: 0.9736842105263158 and parameters: {'min_samples_leaf': 4, 'max_depth': 16, 'min_samples_split': 8}. Best is trial 1 with value: 1.0.
[I 2024-01-25 11:34:15,163] Trial 18 finished with value: 0.9736842105263158 and parameters: {'min_samples_leaf': 7, 'max_depth': 13, 'min_samples_split': 2}. Best is trial 1 with value: 1.0.
[I 2024-01-25 11:34:15,265] Trial 19 finished with value: 0.9210526315789473 and parameters: {'min_samples_leaf': 3, 'max_depth': 17, 'min_samples_split': 10}. Best is trial 1 with value: 1.0.
[I 2024-01-25 11:34:15,412] Trial 20 finished with value: 0.8947368421052632 and parameters: {'min_samples_leaf': 9, 'max_depth': 15, 'min_samples_split': 5}. Best is trial 1 with value: 1.0.
[I 2024-01-25 11:34:15,551] Trial 21 finished with value: 0.9473684210526315 and parameters: {'min_samples_leaf': 7, 'max_depth': 20, 'min_samples_split': 7}. Best is trial 1 with value: 1.0.
[I 2024-01-25 11:34:15,653] Trial 22 finished with value: 0.9736842105263158 and parameters: {'min_samples_leaf': 7, 'max_depth': 20, 'min_samples_split': 6}. Best is trial 1 with value: 1.0.
[I 2024-01-25 11:34:15,755] Trial 23 finished with value: 0.9210526315789473 and parameters: {'min_samples_leaf': 6, 'max_depth': 18, 'min_samples_split': 7}. Best is trial 1 with value: 1.0.
[I 2024-01-25 11:34:15,857] Trial 24 finished with value: 0.9473684210526315 and parameters: {'min_samples_leaf': 5, 'max_depth': 19, 'min_samples_split': 9}. Best is trial 1 with value: 1.0.
[I 2024-01-25 11:34:15,962] Trial 25 finished with value: 0.9736842105263158 and parameters: {'min_samples_leaf': 7, 'max_depth': 17, 'min_samples_split': 8}. Best is trial 1 with value: 1.0.
[I 2024-01-25 11:34:16,063] Trial 26 finished with value: 0.9736842105263158 and parameters: {'min_samples_leaf': 9, 'max_depth': 19, 'min_samples_split': 6}. Best is trial 1 with value: 1.0.
[I 2024-01-25 11:34:16,164] Trial 27 finished with value: 0.9736842105263158 and parameters: {'min_samples_leaf': 4, 'max_depth': 15, 'min_samples_split': 7}. Best is trial 1 with value: 1.0.
[I 2024-01-25 11:34:16,265] Trial 28 finished with value: 0.9473684210526315 and parameters: {'min_samples_leaf': 6, 'max_depth': 12, 'min_samples_split': 4}. Best is trial 1 with value: 1.0.
[I 2024-01-25 11:34:16,367] Trial 29 finished with value: 1.0 and parameters: {'min_samples_leaf': 9, 'max_depth': 16, 'min_samples_split': 9}. Best is trial 1 with value: 1.0.
[I 2024-01-25 11:34:16,467] Trial 30 finished with value: 0.9473684210526315 and parameters: {'min_samples_leaf': 8, 'max_depth': 18, 'min_samples_split': 8}. Best is trial 1 with value: 1.0.
[I 2024-01-25 11:34:16,566] Trial 31 finished with value: 0.9210526315789473 and parameters: {'min_samples_leaf': 5, 'max_depth': 17, 'min_samples_split': 3}. Best is trial 1 with value: 1.0.
[I 2024-01-25 11:34:16,669] Trial 32 finished with value: 0.9473684210526315 and parameters: {'min_samples_leaf': 3, 'max_depth': 16, 'min_samples_split': 6}. Best is trial 1 with value: 1.0.
[I 2024-01-25 11:34:16,769] Trial 33 finished with value: 0.9473684210526315 and parameters: {'min_samples_leaf': 5, 'max_depth': 19, 'min_samples_split': 4}. Best is trial 1 with value: 1.0.
[I 2024-01-25 11:34:16,869] Trial 34 finished with value: 0.9473684210526315 and parameters: {'min_samples_leaf': 7, 'max_depth': 20, 'min_samples_split': 3}. Best is trial 1 with value: 1.0.
[I 2024-01-25 11:34:16,969] Trial 35 finished with value: 0.8947368421052632 and parameters: {'min_samples_leaf': 5, 'max_depth': 18, 'min_samples_split': 5}. Best is trial 1 with value: 1.0.
[I 2024-01-25 11:34:17,072] Trial 36 finished with value: 0.9473684210526315 and parameters: {'min_samples_leaf': 2, 'max_depth': 16, 'min_samples_split': 7}. Best is trial 1 with value: 1.0.
[I 2024-01-25 11:34:17,173] Trial 37 finished with value: 0.8947368421052632 and parameters: {'min_samples_leaf': 4, 'max_depth': 9, 'min_samples_split': 8}. Best is trial 1 with value: 1.0.
[I 2024-01-25 11:34:17,273] Trial 38 finished with value: 0.8947368421052632 and parameters: {'min_samples_leaf': 6, 'max_depth': 5, 'min_samples_split': 9}. Best is trial 1 with value: 1.0.
[I 2024-01-25 11:34:17,374] Trial 39 finished with value: 1.0 and parameters: {'min_samples_leaf': 8, 'max_depth': 17, 'min_samples_split': 5}. Best is trial 1 with value: 1.0.
[I 2024-01-25 11:34:17,475] Trial 40 finished with value: 1.0 and parameters: {'min_samples_leaf': 7, 'max_depth': 14, 'min_samples_split': 6}. Best is trial 1 with value: 1.0.
[I 2024-01-25 11:34:17,576] Trial 41 finished with value: 0.9736842105263158 and parameters: {'min_samples_leaf': 10, 'max_depth': 16, 'min_samples_split': 10}. Best is trial 1 with value: 1.0.
[I 2024-01-25 11:34:17,678] Trial 42 finished with value: 0.9736842105263158 and parameters: {'min_samples_leaf': 9, 'max_depth': 14, 'min_samples_split': 9}. Best is trial 1 with value: 1.0.
[I 2024-01-25 11:34:17,781] Trial 43 finished with value: 0.8947368421052632 and parameters: {'min_samples_leaf': 9, 'max_depth': 18, 'min_samples_split': 7}. Best is trial 1 with value: 1.0.
[I 2024-01-25 11:34:17,882] Trial 44 finished with value: 0.9473684210526315 and parameters: {'min_samples_leaf': 10, 'max_depth': 19, 'min_samples_split': 8}. Best is trial 1 with value: 1.0.
[I 2024-01-25 11:34:17,982] Trial 45 finished with value: 0.9473684210526315 and parameters: {'min_samples_leaf': 8, 'max_depth': 15, 'min_samples_split': 8}. Best is trial 1 with value: 1.0.
[I 2024-01-25 11:34:18,084] Trial 46 finished with value: 0.9210526315789473 and parameters: {'min_samples_leaf': 2, 'max_depth': 11, 'min_samples_split': 9}. Best is trial 1 with value: 1.0.
[I 2024-01-25 11:34:18,187] Trial 47 finished with value: 0.9736842105263158 and parameters: {'min_samples_leaf': 3, 'max_depth': 17, 'min_samples_split': 6}. Best is trial 1 with value: 1.0.
[I 2024-01-25 11:34:18,289] Trial 48 finished with value: 1.0 and parameters: {'min_samples_leaf': 6, 'max_depth': 20, 'min_samples_split': 3}. Best is trial 1 with value: 1.0.
[I 2024-01-25 11:34:18,391] Trial 49 finished with value: 0.9736842105263158 and parameters: {'min_samples_leaf': 9, 'max_depth': 16, 'min_samples_split': 7}. Best is trial 1 with value: 1.0.
[I 2024-01-25 11:34:18,496] Trial 50 finished with value: 1.0 and parameters: {'min_samples_leaf': 4, 'max_depth': 18, 'min_samples_split': 4}. Best is trial 1 with value: 1.0.
[I 2024-01-25 11:34:18,599] Trial 51 finished with value: 0.9473684210526315 and parameters: {'min_samples_leaf': 8, 'max_depth': 17, 'min_samples_split': 5}. Best is trial 1 with value: 1.0.
[I 2024-01-25 11:34:18,703] Trial 52 finished with value: 0.8947368421052632 and parameters: {'min_samples_leaf': 8, 'max_depth': 19, 'min_samples_split': 5}. Best is trial 1 with value: 1.0.
[I 2024-01-25 11:34:18,804] Trial 53 finished with value: 0.9473684210526315 and parameters: {'min_samples_leaf': 7, 'max_depth': 18, 'min_samples_split': 4}. Best is trial 1 with value: 1.0.
[I 2024-01-25 11:34:18,907] Trial 54 finished with value: 0.9473684210526315 and parameters: {'min_samples_leaf': 9, 'max_depth': 17, 'min_samples_split': 6}. Best is trial 1 with value: 1.0.
[I 2024-01-25 11:34:19,009] Trial 55 finished with value: 0.9473684210526315 and parameters: {'min_samples_leaf': 7, 'max_depth': 16, 'min_samples_split': 4}. Best is trial 1 with value: 1.0.
[I 2024-01-25 11:34:19,111] Trial 56 finished with value: 0.9736842105263158 and parameters: {'min_samples_leaf': 8, 'max_depth': 19, 'min_samples_split': 5}. Best is trial 1 with value: 1.0.
[I 2024-01-25 11:34:19,214] Trial 57 finished with value: 0.9210526315789473 and parameters: {'min_samples_leaf': 8, 'max_depth': 15, 'min_samples_split': 10}. Best is trial 1 with value: 1.0.
[I 2024-01-25 11:34:19,319] Trial 58 finished with value: 0.9210526315789473 and parameters: {'min_samples_leaf': 7, 'max_depth': 20, 'min_samples_split': 6}. Best is trial 1 with value: 1.0.
[I 2024-01-25 11:34:19,422] Trial 59 finished with value: 0.9210526315789473 and parameters: {'min_samples_leaf': 9, 'max_depth': 7, 'min_samples_split': 8}. Best is trial 1 with value: 1.0.
[I 2024-01-25 11:34:19,524] Trial 60 finished with value: 0.9736842105263158 and parameters: {'min_samples_leaf': 6, 'max_depth': 17, 'min_samples_split': 7}. Best is trial 1 with value: 1.0.
[I 2024-01-25 11:34:19,627] Trial 61 finished with value: 1.0 and parameters: {'min_samples_leaf': 7, 'max_depth': 14, 'min_samples_split': 6}. Best is trial 1 with value: 1.0.
[I 2024-01-25 11:34:19,728] Trial 62 finished with value: 0.8947368421052632 and parameters: {'min_samples_leaf': 8, 'max_depth': 15, 'min_samples_split': 5}. Best is trial 1 with value: 1.0.
[I 2024-01-25 11:34:19,829] Trial 63 finished with value: 0.8947368421052632 and parameters: {'min_samples_leaf': 7, 'max_depth': 13, 'min_samples_split': 6}. Best is trial 1 with value: 1.0.
[I 2024-01-25 11:34:19,932] Trial 64 finished with value: 0.9473684210526315 and parameters: {'min_samples_leaf': 8, 'max_depth': 14, 'min_samples_split': 7}. Best is trial 1 with value: 1.0.
[I 2024-01-25 11:34:20,036] Trial 65 finished with value: 0.9210526315789473 and parameters: {'min_samples_leaf': 7, 'max_depth': 12, 'min_samples_split': 5}. Best is trial 1 with value: 1.0.
[I 2024-01-25 11:34:20,138] Trial 66 finished with value: 0.868421052631579 and parameters: {'min_samples_leaf': 6, 'max_depth': 16, 'min_samples_split': 6}. Best is trial 1 with value: 1.0.
[I 2024-01-25 11:34:20,294] Trial 67 finished with value: 0.9210526315789473 and parameters: {'min_samples_leaf': 7, 'max_depth': 18, 'min_samples_split': 7}. Best is trial 1 with value: 1.0.
[I 2024-01-25 11:34:20,404] Trial 68 finished with value: 0.9736842105263158 and parameters: {'min_samples_leaf': 8, 'max_depth': 16, 'min_samples_split': 3}. Best is trial 1 with value: 1.0.
[I 2024-01-25 11:34:20,509] Trial 69 finished with value: 0.8947368421052632 and parameters: {'min_samples_leaf': 5, 'max_depth': 19, 'min_samples_split': 7}. Best is trial 1 with value: 1.0.
[I 2024-01-25 11:34:20,614] Trial 70 finished with value: 0.9210526315789473 and parameters: {'min_samples_leaf': 6, 'max_depth': 14, 'min_samples_split': 6}. Best is trial 1 with value: 1.0.
[I 2024-01-25 11:34:20,721] Trial 71 finished with value: 0.8947368421052632 and parameters: {'min_samples_leaf': 6, 'max_depth': 20, 'min_samples_split': 2}. Best is trial 1 with value: 1.0.
[I 2024-01-25 11:34:20,832] Trial 72 finished with value: 0.9210526315789473 and parameters: {'min_samples_leaf': 6, 'max_depth': 20, 'min_samples_split': 3}. Best is trial 1 with value: 1.0.
[I 2024-01-25 11:34:20,936] Trial 73 finished with value: 0.9210526315789473 and parameters: {'min_samples_leaf': 7, 'max_depth': 17, 'min_samples_split': 3}. Best is trial 1 with value: 1.0.
[I 2024-01-25 11:34:21,040] Trial 74 finished with value: 0.9473684210526315 and parameters: {'min_samples_leaf': 10, 'max_depth': 19, 'min_samples_split': 4}. Best is trial 1 with value: 1.0.
[I 2024-01-25 11:34:21,143] Trial 75 finished with value: 0.9736842105263158 and parameters: {'min_samples_leaf': 6, 'max_depth': 18, 'min_samples_split': 2}. Best is trial 1 with value: 1.0.
[I 2024-01-25 11:34:21,248] Trial 76 finished with value: 0.9736842105263158 and parameters: {'min_samples_leaf': 3, 'max_depth': 20, 'min_samples_split': 3}. Best is trial 1 with value: 1.0.
[I 2024-01-25 11:34:21,353] Trial 77 finished with value: 0.9473684210526315 and parameters: {'min_samples_leaf': 9, 'max_depth': 19, 'min_samples_split': 4}. Best is trial 1 with value: 1.0.
[I 2024-01-25 11:34:21,457] Trial 78 finished with value: 0.9210526315789473 and parameters: {'min_samples_leaf': 4, 'max_depth': 17, 'min_samples_split': 8}. Best is trial 1 with value: 1.0.
[I 2024-01-25 11:34:21,559] Trial 79 finished with value: 0.9473684210526315 and parameters: {'min_samples_leaf': 5, 'max_depth': 18, 'min_samples_split': 9}. Best is trial 1 with value: 1.0.
[I 2024-01-25 11:34:21,663] Trial 80 finished with value: 0.9736842105263158 and parameters: {'min_samples_leaf': 2, 'max_depth': 15, 'min_samples_split': 5}. Best is trial 1 with value: 1.0.
[I 2024-01-25 11:34:21,768] Trial 81 finished with value: 1.0 and parameters: {'min_samples_leaf': 4, 'max_depth': 18, 'min_samples_split': 4}. Best is trial 1 with value: 1.0.
[I 2024-01-25 11:34:21,872] Trial 82 finished with value: 0.9210526315789473 and parameters: {'min_samples_leaf': 6, 'max_depth': 17, 'min_samples_split': 4}. Best is trial 1 with value: 1.0.
[I 2024-01-25 11:34:21,977] Trial 83 finished with value: 0.868421052631579 and parameters: {'min_samples_leaf': 5, 'max_depth': 19, 'min_samples_split': 3}. Best is trial 1 with value: 1.0.
[I 2024-01-25 11:34:22,082] Trial 84 finished with value: 0.8947368421052632 and parameters: {'min_samples_leaf': 5, 'max_depth': 16, 'min_samples_split': 5}. Best is trial 1 with value: 1.0.
[I 2024-01-25 11:34:22,186] Trial 85 finished with value: 1.0 and parameters: {'min_samples_leaf': 3, 'max_depth': 18, 'min_samples_split': 7}. Best is trial 1 with value: 1.0.
[I 2024-01-25 11:34:22,290] Trial 86 finished with value: 1.0 and parameters: {'min_samples_leaf': 4, 'max_depth': 20, 'min_samples_split': 4}. Best is trial 1 with value: 1.0.
[I 2024-01-25 11:34:22,413] Trial 87 finished with value: 0.9210526315789473 and parameters: {'min_samples_leaf': 7, 'max_depth': 13, 'min_samples_split': 10}. Best is trial 1 with value: 1.0.
[I 2024-01-25 11:34:22,518] Trial 88 finished with value: 0.9473684210526315 and parameters: {'min_samples_leaf': 7, 'max_depth': 17, 'min_samples_split': 7}. Best is trial 1 with value: 1.0.
[I 2024-01-25 11:34:22,660] Trial 89 finished with value: 0.8947368421052632 and parameters: {'min_samples_leaf': 5, 'max_depth': 18, 'min_samples_split': 3}. Best is trial 1 with value: 1.0.
[I 2024-01-25 11:34:22,764] Trial 90 finished with value: 0.9736842105263158 and parameters: {'min_samples_leaf': 3, 'max_depth': 15, 'min_samples_split': 6}. Best is trial 1 with value: 1.0.
[I 2024-01-25 11:34:22,868] Trial 91 finished with value: 0.9736842105263158 and parameters: {'min_samples_leaf': 7, 'max_depth': 14, 'min_samples_split': 6}. Best is trial 1 with value: 1.0.
[I 2024-01-25 11:34:22,970] Trial 92 finished with value: 0.9473684210526315 and parameters: {'min_samples_leaf': 7, 'max_depth': 12, 'min_samples_split': 6}. Best is trial 1 with value: 1.0.
[I 2024-01-25 11:34:23,073] Trial 93 finished with value: 0.9473684210526315 and parameters: {'min_samples_leaf': 8, 'max_depth': 13, 'min_samples_split': 5}. Best is trial 1 with value: 1.0.
[I 2024-01-25 11:34:23,200] Trial 94 finished with value: 0.8947368421052632 and parameters: {'min_samples_leaf': 4, 'max_depth': 16, 'min_samples_split': 8}. Best is trial 1 with value: 1.0.
[I 2024-01-25 11:34:23,305] Trial 95 finished with value: 0.9473684210526315 and parameters: {'min_samples_leaf': 6, 'max_depth': 14, 'min_samples_split': 6}. Best is trial 1 with value: 1.0.
[I 2024-01-25 11:34:23,408] Trial 96 finished with value: 0.9473684210526315 and parameters: {'min_samples_leaf': 8, 'max_depth': 10, 'min_samples_split': 7}. Best is trial 1 with value: 1.0.
[I 2024-01-25 11:34:23,514] Trial 97 finished with value: 0.9473684210526315 and parameters: {'min_samples_leaf': 7, 'max_depth': 19, 'min_samples_split': 5}. Best is trial 1 with value: 1.0.
[I 2024-01-25 11:34:23,620] Trial 98 finished with value: 0.9473684210526315 and parameters: {'min_samples_leaf': 6, 'max_depth': 17, 'min_samples_split': 4}. Best is trial 1 with value: 1.0.
[I 2024-01-25 11:34:23,724] Trial 99 finished with value: 0.9210526315789473 and parameters: {'min_samples_leaf': 8, 'max_depth': 15, 'min_samples_split': 8}. Best is trial 1 with value: 1.0.
Number of finished trials:  100
Best trial:
  Value:  1.0
  Params:
    min_samples_leaf: 2
    max_depth: 18
    min_samples_split: 7