[I 2024-01-25 11:35:57,303] A new study created in memory with name: no-name-809475d0-562c-4873-a414-86a9412da7f2
[I 2024-01-25 11:35:57,450] Trial 0 finished with value: 1.0 and parameters: {'min_samples_leaf': 4, 'max_depth': 16, 'min_samples_split': 9}. Best is trial 0 with value: 1.0.
[I 2024-01-25 11:35:57,543] Trial 1 finished with value: 0.9473684210526315 and parameters: {'min_samples_leaf': 10, 'max_depth': 6, 'min_samples_split': 5}. Best is trial 0 with value: 1.0.
[I 2024-01-25 11:35:57,634] Trial 2 finished with value: 0.868421052631579 and parameters: {'min_samples_leaf': 3, 'max_depth': 11, 'min_samples_split': 3}. Best is trial 0 with value: 1.0.
[I 2024-01-25 11:35:57,725] Trial 3 finished with value: 0.9473684210526315 and parameters: {'min_samples_leaf': 9, 'max_depth': 16, 'min_samples_split': 3}. Best is trial 0 with value: 1.0.
[I 2024-01-25 11:35:57,829] Trial 4 finished with value: 0.9473684210526315 and parameters: {'min_samples_leaf': 3, 'max_depth': 10, 'min_samples_split': 4}. Best is trial 0 with value: 1.0.
[I 2024-01-25 11:35:57,919] Trial 5 finished with value: 0.9736842105263158 and parameters: {'min_samples_leaf': 3, 'max_depth': 15, 'min_samples_split': 7}. Best is trial 0 with value: 1.0.
[I 2024-01-25 11:35:58,009] Trial 6 finished with value: 0.9473684210526315 and parameters: {'min_samples_leaf': 6, 'max_depth': 8, 'min_samples_split': 9}. Best is trial 0 with value: 1.0.
[I 2024-01-25 11:35:58,100] Trial 7 finished with value: 0.8947368421052632 and parameters: {'min_samples_leaf': 5, 'max_depth': 20, 'min_samples_split': 8}. Best is trial 0 with value: 1.0.
[I 2024-01-25 11:35:58,192] Trial 8 finished with value: 0.8947368421052632 and parameters: {'min_samples_leaf': 2, 'max_depth': 14, 'min_samples_split': 9}. Best is trial 0 with value: 1.0.
[I 2024-01-25 11:35:58,282] Trial 9 finished with value: 0.868421052631579 and parameters: {'min_samples_leaf': 5, 'max_depth': 9, 'min_samples_split': 3}. Best is trial 0 with value: 1.0.
[I 2024-01-25 11:35:58,383] Trial 10 finished with value: 0.8947368421052632 and parameters: {'min_samples_leaf': 7, 'max_depth': 19, 'min_samples_split': 10}. Best is trial 0 with value: 1.0.
[I 2024-01-25 11:35:58,499] Trial 11 finished with value: 0.9473684210526315 and parameters: {'min_samples_leaf': 4, 'max_depth': 16, 'min_samples_split': 7}. Best is trial 0 with value: 1.0.
[I 2024-01-25 11:35:58,620] Trial 12 finished with value: 0.9210526315789473 and parameters: {'min_samples_leaf': 2, 'max_depth': 14, 'min_samples_split': 6}. Best is trial 0 with value: 1.0.
[I 2024-01-25 11:35:58,720] Trial 13 finished with value: 0.9473684210526315 and parameters: {'min_samples_leaf': 4, 'max_depth': 17, 'min_samples_split': 7}. Best is trial 0 with value: 1.0.
[I 2024-01-25 11:35:58,820] Trial 14 finished with value: 0.9736842105263158 and parameters: {'min_samples_leaf': 7, 'max_depth': 13, 'min_samples_split': 10}. Best is trial 0 with value: 1.0.
[I 2024-01-25 11:35:58,920] Trial 15 finished with value: 0.9736842105263158 and parameters: {'min_samples_leaf': 4, 'max_depth': 18, 'min_samples_split': 8}. Best is trial 0 with value: 1.0.
[I 2024-01-25 11:35:59,020] Trial 16 finished with value: 0.9736842105263158 and parameters: {'min_samples_leaf': 3, 'max_depth': 15, 'min_samples_split': 6}. Best is trial 0 with value: 1.0.
[I 2024-01-25 11:35:59,119] Trial 17 finished with value: 0.9473684210526315 and parameters: {'min_samples_leaf': 6, 'max_depth': 12, 'min_samples_split': 8}. Best is trial 0 with value: 1.0.
[I 2024-01-25 11:35:59,222] Trial 18 finished with value: 0.9473684210526315 and parameters: {'min_samples_leaf': 5, 'max_depth': 18, 'min_samples_split': 5}. Best is trial 0 with value: 1.0.
[I 2024-01-25 11:35:59,326] Trial 19 finished with value: 0.9473684210526315 and parameters: {'min_samples_leaf': 2, 'max_depth': 12, 'min_samples_split': 9}. Best is trial 0 with value: 1.0.
[I 2024-01-25 11:35:59,428] Trial 20 finished with value: 0.9210526315789473 and parameters: {'min_samples_leaf': 8, 'max_depth': 15, 'min_samples_split': 7}. Best is trial 0 with value: 1.0.
[I 2024-01-25 11:35:59,530] Trial 21 finished with value: 0.9736842105263158 and parameters: {'min_samples_leaf': 7, 'max_depth': 13, 'min_samples_split': 10}. Best is trial 0 with value: 1.0.
[I 2024-01-25 11:35:59,685] Trial 22 finished with value: 0.9736842105263158 and parameters: {'min_samples_leaf': 7, 'max_depth': 13, 'min_samples_split': 10}. Best is trial 0 with value: 1.0.
[I 2024-01-25 11:35:59,786] Trial 23 finished with value: 0.9210526315789473 and parameters: {'min_samples_leaf': 8, 'max_depth': 16, 'min_samples_split': 9}. Best is trial 0 with value: 1.0.
[I 2024-01-25 11:35:59,909] Trial 24 finished with value: 1.0 and parameters: {'min_samples_leaf': 4, 'max_depth': 14, 'min_samples_split': 10}. Best is trial 0 with value: 1.0.
[I 2024-01-25 11:36:00,013] Trial 25 finished with value: 0.9210526315789473 and parameters: {'min_samples_leaf': 3, 'max_depth': 17, 'min_samples_split': 8}. Best is trial 0 with value: 1.0.
[I 2024-01-25 11:36:00,120] Trial 26 finished with value: 1.0 and parameters: {'min_samples_leaf': 4, 'max_depth': 15, 'min_samples_split': 9}. Best is trial 0 with value: 1.0.
[I 2024-01-25 11:36:00,224] Trial 27 finished with value: 1.0 and parameters: {'min_samples_leaf': 4, 'max_depth': 14, 'min_samples_split': 9}. Best is trial 0 with value: 1.0.
[I 2024-01-25 11:36:00,364] Trial 28 finished with value: 0.9473684210526315 and parameters: {'min_samples_leaf': 5, 'max_depth': 20, 'min_samples_split': 10}. Best is trial 0 with value: 1.0.
[I 2024-01-25 11:36:00,471] Trial 29 finished with value: 0.9473684210526315 and parameters: {'min_samples_leaf': 6, 'max_depth': 5, 'min_samples_split': 2}. Best is trial 0 with value: 1.0.
[I 2024-01-25 11:36:00,606] Trial 30 finished with value: 1.0 and parameters: {'min_samples_leaf': 4, 'max_depth': 7, 'min_samples_split': 9}. Best is trial 0 with value: 1.0.
[I 2024-01-25 11:36:00,708] Trial 31 finished with value: 0.9736842105263158 and parameters: {'min_samples_leaf': 4, 'max_depth': 14, 'min_samples_split': 9}. Best is trial 0 with value: 1.0.
[I 2024-01-25 11:36:00,808] Trial 32 finished with value: 0.9210526315789473 and parameters: {'min_samples_leaf': 5, 'max_depth': 11, 'min_samples_split': 8}. Best is trial 0 with value: 1.0.
[I 2024-01-25 11:36:00,908] Trial 33 finished with value: 0.9473684210526315 and parameters: {'min_samples_leaf': 10, 'max_depth': 17, 'min_samples_split': 10}. Best is trial 0 with value: 1.0.
[I 2024-01-25 11:36:01,010] Trial 34 finished with value: 1.0 and parameters: {'min_samples_leaf': 4, 'max_depth': 11, 'min_samples_split': 9}. Best is trial 0 with value: 1.0.
[I 2024-01-25 11:36:01,117] Trial 35 finished with value: 0.9473684210526315 and parameters: {'min_samples_leaf': 3, 'max_depth': 15, 'min_samples_split': 5}. Best is trial 0 with value: 1.0.
[I 2024-01-25 11:36:01,221] Trial 36 finished with value: 0.9473684210526315 and parameters: {'min_samples_leaf': 3, 'max_depth': 14, 'min_samples_split': 8}. Best is trial 0 with value: 1.0.
[I 2024-01-25 11:36:01,326] Trial 37 finished with value: 0.9736842105263158 and parameters: {'min_samples_leaf': 5, 'max_depth': 16, 'min_samples_split': 9}. Best is trial 0 with value: 1.0.
[I 2024-01-25 11:36:01,430] Trial 38 finished with value: 1.0 and parameters: {'min_samples_leaf': 4, 'max_depth': 12, 'min_samples_split': 10}. Best is trial 0 with value: 1.0.
[I 2024-01-25 11:36:01,529] Trial 39 finished with value: 0.9210526315789473 and parameters: {'min_samples_leaf': 6, 'max_depth': 10, 'min_samples_split': 9}. Best is trial 0 with value: 1.0.
[I 2024-01-25 11:36:01,630] Trial 40 finished with value: 1.0 and parameters: {'min_samples_leaf': 2, 'max_depth': 18, 'min_samples_split': 7}. Best is trial 0 with value: 1.0.
[I 2024-01-25 11:36:01,732] Trial 41 finished with value: 0.8947368421052632 and parameters: {'min_samples_leaf': 4, 'max_depth': 7, 'min_samples_split': 9}. Best is trial 0 with value: 1.0.
[I 2024-01-25 11:36:01,834] Trial 42 finished with value: 0.9736842105263158 and parameters: {'min_samples_leaf': 3, 'max_depth': 5, 'min_samples_split': 8}. Best is trial 0 with value: 1.0.
[I 2024-01-25 11:36:01,935] Trial 43 finished with value: 0.868421052631579 and parameters: {'min_samples_leaf': 5, 'max_depth': 7, 'min_samples_split': 10}. Best is trial 0 with value: 1.0.
[I 2024-01-25 11:36:02,037] Trial 44 finished with value: 1.0 and parameters: {'min_samples_leaf': 4, 'max_depth': 15, 'min_samples_split': 4}. Best is trial 0 with value: 1.0.
[I 2024-01-25 11:36:02,140] Trial 45 finished with value: 1.0 and parameters: {'min_samples_leaf': 4, 'max_depth': 16, 'min_samples_split': 9}. Best is trial 0 with value: 1.0.
[I 2024-01-25 11:36:02,242] Trial 46 finished with value: 0.8947368421052632 and parameters: {'min_samples_leaf': 5, 'max_depth': 10, 'min_samples_split': 10}. Best is trial 0 with value: 1.0.
[I 2024-01-25 11:36:02,345] Trial 47 finished with value: 1.0 and parameters: {'min_samples_leaf': 3, 'max_depth': 14, 'min_samples_split': 9}. Best is trial 0 with value: 1.0.
[I 2024-01-25 11:36:02,447] Trial 48 finished with value: 0.9473684210526315 and parameters: {'min_samples_leaf': 3, 'max_depth': 13, 'min_samples_split': 8}. Best is trial 0 with value: 1.0.
[I 2024-01-25 11:36:02,550] Trial 49 finished with value: 1.0 and parameters: {'min_samples_leaf': 2, 'max_depth': 9, 'min_samples_split': 9}. Best is trial 0 with value: 1.0.
[I 2024-01-25 11:36:02,652] Trial 50 finished with value: 0.9473684210526315 and parameters: {'min_samples_leaf': 4, 'max_depth': 17, 'min_samples_split': 7}. Best is trial 0 with value: 1.0.
[I 2024-01-25 11:36:02,753] Trial 51 finished with value: 0.9210526315789473 and parameters: {'min_samples_leaf': 4, 'max_depth': 11, 'min_samples_split': 9}. Best is trial 0 with value: 1.0.
[I 2024-01-25 11:36:02,856] Trial 52 finished with value: 0.9210526315789473 and parameters: {'min_samples_leaf': 5, 'max_depth': 9, 'min_samples_split': 9}. Best is trial 0 with value: 1.0.
[I 2024-01-25 11:36:02,957] Trial 53 finished with value: 0.9473684210526315 and parameters: {'min_samples_leaf': 4, 'max_depth': 6, 'min_samples_split': 10}. Best is trial 0 with value: 1.0.
[I 2024-01-25 11:36:03,058] Trial 54 finished with value: 0.9473684210526315 and parameters: {'min_samples_leaf': 5, 'max_depth': 15, 'min_samples_split': 8}. Best is trial 0 with value: 1.0.
[I 2024-01-25 11:36:03,163] Trial 55 finished with value: 0.9473684210526315 and parameters: {'min_samples_leaf': 6, 'max_depth': 14, 'min_samples_split': 10}. Best is trial 0 with value: 1.0.
[I 2024-01-25 11:36:03,312] Trial 56 finished with value: 0.9210526315789473 and parameters: {'min_samples_leaf': 4, 'max_depth': 8, 'min_samples_split': 9}. Best is trial 0 with value: 1.0.
[I 2024-01-25 11:36:03,415] Trial 57 finished with value: 0.9736842105263158 and parameters: {'min_samples_leaf': 4, 'max_depth': 16, 'min_samples_split': 8}. Best is trial 0 with value: 1.0.
[I 2024-01-25 11:36:03,518] Trial 58 finished with value: 1.0 and parameters: {'min_samples_leaf': 3, 'max_depth': 12, 'min_samples_split': 10}. Best is trial 0 with value: 1.0.
[I 2024-01-25 11:36:03,620] Trial 59 finished with value: 0.9210526315789473 and parameters: {'min_samples_leaf': 5, 'max_depth': 13, 'min_samples_split': 6}. Best is trial 0 with value: 1.0.
[I 2024-01-25 11:36:03,750] Trial 60 finished with value: 0.9210526315789473 and parameters: {'min_samples_leaf': 2, 'max_depth': 11, 'min_samples_split': 9}. Best is trial 0 with value: 1.0.
[I 2024-01-25 11:36:03,872] Trial 61 finished with value: 0.8947368421052632 and parameters: {'min_samples_leaf': 4, 'max_depth': 12, 'min_samples_split': 10}. Best is trial 0 with value: 1.0.
[I 2024-01-25 11:36:03,975] Trial 62 finished with value: 1.0 and parameters: {'min_samples_leaf': 4, 'max_depth': 14, 'min_samples_split': 10}. Best is trial 0 with value: 1.0.
[I 2024-01-25 11:36:04,078] Trial 63 finished with value: 0.9736842105263158 and parameters: {'min_samples_leaf': 3, 'max_depth': 13, 'min_samples_split': 9}. Best is trial 0 with value: 1.0.
[I 2024-01-25 11:36:04,181] Trial 64 finished with value: 0.9736842105263158 and parameters: {'min_samples_leaf': 4, 'max_depth': 15, 'min_samples_split': 10}. Best is trial 0 with value: 1.0.
[I 2024-01-25 11:36:04,289] Trial 65 finished with value: 0.9473684210526315 and parameters: {'min_samples_leaf': 4, 'max_depth': 10, 'min_samples_split': 9}. Best is trial 0 with value: 1.0.
[I 2024-01-25 11:36:04,391] Trial 66 finished with value: 0.8947368421052632 and parameters: {'min_samples_leaf': 3, 'max_depth': 12, 'min_samples_split': 10}. Best is trial 0 with value: 1.0.
[I 2024-01-25 11:36:04,494] Trial 67 finished with value: 0.8947368421052632 and parameters: {'min_samples_leaf': 6, 'max_depth': 14, 'min_samples_split': 9}. Best is trial 0 with value: 1.0.
[I 2024-01-25 11:36:04,626] Trial 68 finished with value: 0.9473684210526315 and parameters: {'min_samples_leaf': 5, 'max_depth': 17, 'min_samples_split': 8}. Best is trial 0 with value: 1.0.
[I 2024-01-25 11:36:04,729] Trial 69 finished with value: 0.9210526315789473 and parameters: {'min_samples_leaf': 9, 'max_depth': 19, 'min_samples_split': 10}. Best is trial 0 with value: 1.0.
[I 2024-01-25 11:36:04,831] Trial 70 finished with value: 0.9736842105263158 and parameters: {'min_samples_leaf': 4, 'max_depth': 13, 'min_samples_split': 7}. Best is trial 0 with value: 1.0.
[I 2024-01-25 11:36:04,935] Trial 71 finished with value: 0.9473684210526315 and parameters: {'min_samples_leaf': 2, 'max_depth': 18, 'min_samples_split': 7}. Best is trial 0 with value: 1.0.
[I 2024-01-25 11:36:05,040] Trial 72 finished with value: 0.9473684210526315 and parameters: {'min_samples_leaf': 3, 'max_depth': 19, 'min_samples_split': 9}. Best is trial 0 with value: 1.0.
[I 2024-01-25 11:36:05,142] Trial 73 finished with value: 0.9736842105263158 and parameters: {'min_samples_leaf': 2, 'max_depth': 18, 'min_samples_split': 5}. Best is trial 0 with value: 1.0.
[I 2024-01-25 11:36:05,245] Trial 74 finished with value: 0.9736842105263158 and parameters: {'min_samples_leaf': 3, 'max_depth': 16, 'min_samples_split': 8}. Best is trial 0 with value: 1.0.
[I 2024-01-25 11:36:05,349] Trial 75 finished with value: 0.9736842105263158 and parameters: {'min_samples_leaf': 5, 'max_depth': 15, 'min_samples_split': 10}. Best is trial 0 with value: 1.0.
[I 2024-01-25 11:36:05,452] Trial 76 finished with value: 0.9473684210526315 and parameters: {'min_samples_leaf': 4, 'max_depth': 19, 'min_samples_split': 2}. Best is trial 0 with value: 1.0.
[I 2024-01-25 11:36:05,554] Trial 77 finished with value: 1.0 and parameters: {'min_samples_leaf': 3, 'max_depth': 12, 'min_samples_split': 4}. Best is trial 0 with value: 1.0.
[I 2024-01-25 11:36:05,658] Trial 78 finished with value: 0.9736842105263158 and parameters: {'min_samples_leaf': 4, 'max_depth': 17, 'min_samples_split': 8}. Best is trial 0 with value: 1.0.
[I 2024-01-25 11:36:05,762] Trial 79 finished with value: 0.9736842105263158 and parameters: {'min_samples_leaf': 5, 'max_depth': 16, 'min_samples_split': 9}. Best is trial 0 with value: 1.0.
[I 2024-01-25 11:36:05,865] Trial 80 finished with value: 0.9473684210526315 and parameters: {'min_samples_leaf': 3, 'max_depth': 11, 'min_samples_split': 6}. Best is trial 0 with value: 1.0.
[I 2024-01-25 11:36:05,968] Trial 81 finished with value: 0.9473684210526315 and parameters: {'min_samples_leaf': 4, 'max_depth': 15, 'min_samples_split': 4}. Best is trial 0 with value: 1.0.
[I 2024-01-25 11:36:06,072] Trial 82 finished with value: 0.9473684210526315 and parameters: {'min_samples_leaf': 4, 'max_depth': 14, 'min_samples_split': 3}. Best is trial 0 with value: 1.0.
[I 2024-01-25 11:36:06,177] Trial 83 finished with value: 0.9736842105263158 and parameters: {'min_samples_leaf': 4, 'max_depth': 15, 'min_samples_split': 5}. Best is trial 0 with value: 1.0.
[I 2024-01-25 11:36:06,281] Trial 84 finished with value: 0.9210526315789473 and parameters: {'min_samples_leaf': 4, 'max_depth': 15, 'min_samples_split': 6}. Best is trial 0 with value: 1.0.
[I 2024-01-25 11:36:06,387] Trial 85 finished with value: 0.9736842105263158 and parameters: {'min_samples_leaf': 5, 'max_depth': 14, 'min_samples_split': 4}. Best is trial 0 with value: 1.0.
[I 2024-01-25 11:36:06,491] Trial 86 finished with value: 0.9210526315789473 and parameters: {'min_samples_leaf': 5, 'max_depth': 20, 'min_samples_split': 3}. Best is trial 0 with value: 1.0.
[I 2024-01-25 11:36:06,595] Trial 87 finished with value: 1.0 and parameters: {'min_samples_leaf': 3, 'max_depth': 16, 'min_samples_split': 9}. Best is trial 0 with value: 1.0.
[I 2024-01-25 11:36:06,698] Trial 88 finished with value: 0.9210526315789473 and parameters: {'min_samples_leaf': 4, 'max_depth': 6, 'min_samples_split': 9}. Best is trial 0 with value: 1.0.
[I 2024-01-25 11:36:06,831] Trial 89 finished with value: 0.9736842105263158 and parameters: {'min_samples_leaf': 4, 'max_depth': 13, 'min_samples_split': 10}. Best is trial 0 with value: 1.0.
[I 2024-01-25 11:36:06,937] Trial 90 finished with value: 0.9210526315789473 and parameters: {'min_samples_leaf': 7, 'max_depth': 7, 'min_samples_split': 8}. Best is trial 0 with value: 1.0.
[I 2024-01-25 11:36:07,042] Trial 91 finished with value: 1.0 and parameters: {'min_samples_leaf': 4, 'max_depth': 16, 'min_samples_split': 9}. Best is trial 0 with value: 1.0.
[I 2024-01-25 11:36:07,147] Trial 92 finished with value: 0.8947368421052632 and parameters: {'min_samples_leaf': 3, 'max_depth': 18, 'min_samples_split': 9}. Best is trial 0 with value: 1.0.
[I 2024-01-25 11:36:07,250] Trial 93 finished with value: 0.9210526315789473 and parameters: {'min_samples_leaf': 4, 'max_depth': 15, 'min_samples_split': 10}. Best is trial 0 with value: 1.0.
[I 2024-01-25 11:36:07,357] Trial 94 finished with value: 0.9473684210526315 and parameters: {'min_samples_leaf': 5, 'max_depth': 17, 'min_samples_split': 8}. Best is trial 0 with value: 1.0.
[I 2024-01-25 11:36:07,463] Trial 95 finished with value: 1.0 and parameters: {'min_samples_leaf': 4, 'max_depth': 16, 'min_samples_split': 9}. Best is trial 0 with value: 1.0.
[I 2024-01-25 11:36:07,567] Trial 96 finished with value: 0.9473684210526315 and parameters: {'min_samples_leaf': 4, 'max_depth': 14, 'min_samples_split': 10}. Best is trial 0 with value: 1.0.
[I 2024-01-25 11:36:07,674] Trial 97 finished with value: 0.9473684210526315 and parameters: {'min_samples_leaf': 3, 'max_depth': 8, 'min_samples_split': 9}. Best is trial 0 with value: 1.0.
[I 2024-01-25 11:36:07,778] Trial 98 finished with value: 0.9736842105263158 and parameters: {'min_samples_leaf': 4, 'max_depth': 14, 'min_samples_split': 9}. Best is trial 0 with value: 1.0.
[I 2024-01-25 11:36:07,915] Trial 99 finished with value: 0.9210526315789473 and parameters: {'min_samples_leaf': 5, 'max_depth': 9, 'min_samples_split': 10}. Best is trial 0 with value: 1.0.
Number of finished trials:  100
Best trial:
  Value:  1.0
  Params:
    min_samples_leaf: 4
    max_depth: 16
    min_samples_split: 9