[I 2024-01-25 12:07:50,189] A new study created in memory with name: no-name-59c5102e-20cc-486f-9c8f-690923a99608
[I 2024-01-25 12:07:50,318] Trial 0 finished with value: 1.0 and parameters: {'min_samples_leaf': 10, 'max_depth': 19, 'min_samples_split': 4}. Best is trial 0 with value: 1.0.
[I 2024-01-25 12:07:50,457] Trial 1 finished with value: 0.8947368421052632 and parameters: {'min_samples_leaf': 2, 'max_depth': 14, 'min_samples_split': 9}. Best is trial 0 with value: 1.0.
[I 2024-01-25 12:07:50,556] Trial 2 finished with value: 0.9736842105263158 and parameters: {'min_samples_leaf': 2, 'max_depth': 18, 'min_samples_split': 9}. Best is trial 0 with value: 1.0.
[I 2024-01-25 12:07:50,650] Trial 3 finished with value: 0.9473684210526315 and parameters: {'min_samples_leaf': 3, 'max_depth': 5, 'min_samples_split': 5}. Best is trial 0 with value: 1.0.
[I 2024-01-25 12:07:50,742] Trial 4 finished with value: 0.9210526315789473 and parameters: {'min_samples_leaf': 8, 'max_depth': 16, 'min_samples_split': 10}. Best is trial 0 with value: 1.0.
[I 2024-01-25 12:07:50,918] Trial 5 finished with value: 0.9736842105263158 and parameters: {'min_samples_leaf': 2, 'max_depth': 16, 'min_samples_split': 8}. Best is trial 0 with value: 1.0.
[I 2024-01-25 12:07:51,013] Trial 6 finished with value: 0.9473684210526315 and parameters: {'min_samples_leaf': 9, 'max_depth': 6, 'min_samples_split': 9}. Best is trial 0 with value: 1.0.
[I 2024-01-25 12:07:51,105] Trial 7 finished with value: 0.9473684210526315 and parameters: {'min_samples_leaf': 5, 'max_depth': 20, 'min_samples_split': 9}. Best is trial 0 with value: 1.0.
[I 2024-01-25 12:07:51,219] Trial 8 finished with value: 0.9736842105263158 and parameters: {'min_samples_leaf': 8, 'max_depth': 19, 'min_samples_split': 4}. Best is trial 0 with value: 1.0.
[I 2024-01-25 12:07:51,339] Trial 9 finished with value: 0.9210526315789473 and parameters: {'min_samples_leaf': 10, 'max_depth': 5, 'min_samples_split': 2}. Best is trial 0 with value: 1.0.
[I 2024-01-25 12:07:51,442] Trial 10 finished with value: 0.9473684210526315 and parameters: {'min_samples_leaf': 6, 'max_depth': 9, 'min_samples_split': 2}. Best is trial 0 with value: 1.0.
[I 2024-01-25 12:07:51,543] Trial 11 finished with value: 1.0 and parameters: {'min_samples_leaf': 5, 'max_depth': 18, 'min_samples_split': 7}. Best is trial 0 with value: 1.0.
[I 2024-01-25 12:07:51,675] Trial 12 finished with value: 0.9210526315789473 and parameters: {'min_samples_leaf': 5, 'max_depth': 12, 'min_samples_split': 6}. Best is trial 0 with value: 1.0.
[I 2024-01-25 12:07:51,802] Trial 13 finished with value: 0.9473684210526315 and parameters: {'min_samples_leaf': 7, 'max_depth': 17, 'min_samples_split': 7}. Best is trial 0 with value: 1.0.
[I 2024-01-25 12:07:51,943] Trial 14 finished with value: 0.8947368421052632 and parameters: {'min_samples_leaf': 4, 'max_depth': 13, 'min_samples_split': 4}. Best is trial 0 with value: 1.0.
[I 2024-01-25 12:07:52,060] Trial 15 finished with value: 0.9736842105263158 and parameters: {'min_samples_leaf': 10, 'max_depth': 20, 'min_samples_split': 6}. Best is trial 0 with value: 1.0.
[I 2024-01-25 12:07:52,161] Trial 16 finished with value: 0.9736842105263158 and parameters: {'min_samples_leaf': 6, 'max_depth': 15, 'min_samples_split': 4}. Best is trial 0 with value: 1.0.
[I 2024-01-25 12:07:52,264] Trial 17 finished with value: 0.9473684210526315 and parameters: {'min_samples_leaf': 4, 'max_depth': 12, 'min_samples_split': 7}. Best is trial 0 with value: 1.0.
[I 2024-01-25 12:07:52,374] Trial 18 finished with value: 0.9736842105263158 and parameters: {'min_samples_leaf': 7, 'max_depth': 10, 'min_samples_split': 5}. Best is trial 0 with value: 1.0.
[I 2024-01-25 12:07:52,511] Trial 19 finished with value: 0.9736842105263158 and parameters: {'min_samples_leaf': 9, 'max_depth': 18, 'min_samples_split': 3}. Best is trial 0 with value: 1.0.
[I 2024-01-25 12:07:52,695] Trial 20 finished with value: 0.9210526315789473 and parameters: {'min_samples_leaf': 5, 'max_depth': 18, 'min_samples_split': 6}. Best is trial 0 with value: 1.0.
[I 2024-01-25 12:07:52,800] Trial 21 finished with value: 0.9736842105263158 and parameters: {'min_samples_leaf': 3, 'max_depth': 18, 'min_samples_split': 8}. Best is trial 0 with value: 1.0.
[I 2024-01-25 12:07:52,902] Trial 22 finished with value: 0.9736842105263158 and parameters: {'min_samples_leaf': 4, 'max_depth': 20, 'min_samples_split': 10}. Best is trial 0 with value: 1.0.
[I 2024-01-25 12:07:53,004] Trial 23 finished with value: 0.9736842105263158 and parameters: {'min_samples_leaf': 3, 'max_depth': 16, 'min_samples_split': 8}. Best is trial 0 with value: 1.0.
[I 2024-01-25 12:07:53,107] Trial 24 finished with value: 0.9473684210526315 and parameters: {'min_samples_leaf': 7, 'max_depth': 18, 'min_samples_split': 7}. Best is trial 0 with value: 1.0.
[I 2024-01-25 12:07:53,212] Trial 25 finished with value: 0.9473684210526315 and parameters: {'min_samples_leaf': 2, 'max_depth': 14, 'min_samples_split': 5}. Best is trial 0 with value: 1.0.
[I 2024-01-25 12:07:53,318] Trial 26 finished with value: 0.9210526315789473 and parameters: {'min_samples_leaf': 8, 'max_depth': 19, 'min_samples_split': 3}. Best is trial 0 with value: 1.0.
[I 2024-01-25 12:07:53,424] Trial 27 finished with value: 0.9473684210526315 and parameters: {'min_samples_leaf': 9, 'max_depth': 17, 'min_samples_split': 8}. Best is trial 0 with value: 1.0.
[I 2024-01-25 12:07:53,528] Trial 28 finished with value: 0.9210526315789473 and parameters: {'min_samples_leaf': 5, 'max_depth': 10, 'min_samples_split': 7}. Best is trial 0 with value: 1.0.
[I 2024-01-25 12:07:53,630] Trial 29 finished with value: 0.9473684210526315 and parameters: {'min_samples_leaf': 2, 'max_depth': 14, 'min_samples_split': 9}. Best is trial 0 with value: 1.0.
[I 2024-01-25 12:07:53,731] Trial 30 finished with value: 0.9736842105263158 and parameters: {'min_samples_leaf': 6, 'max_depth': 19, 'min_samples_split': 10}. Best is trial 0 with value: 1.0.
[I 2024-01-25 12:07:53,837] Trial 31 finished with value: 0.9736842105263158 and parameters: {'min_samples_leaf': 2, 'max_depth': 16, 'min_samples_split': 8}. Best is trial 0 with value: 1.0.
[I 2024-01-25 12:07:53,942] Trial 32 finished with value: 0.8947368421052632 and parameters: {'min_samples_leaf': 3, 'max_depth': 17, 'min_samples_split': 8}. Best is trial 0 with value: 1.0.
[I 2024-01-25 12:07:54,046] Trial 33 finished with value: 0.9473684210526315 and parameters: {'min_samples_leaf': 2, 'max_depth': 15, 'min_samples_split': 9}. Best is trial 0 with value: 1.0.
[I 2024-01-25 12:07:54,152] Trial 34 finished with value: 0.9473684210526315 and parameters: {'min_samples_leaf': 3, 'max_depth': 15, 'min_samples_split': 6}. Best is trial 0 with value: 1.0.
[I 2024-01-25 12:07:54,257] Trial 35 finished with value: 0.9210526315789473 and parameters: {'min_samples_leaf': 4, 'max_depth': 19, 'min_samples_split': 9}. Best is trial 0 with value: 1.0.
[I 2024-01-25 12:07:54,363] Trial 36 finished with value: 0.9473684210526315 and parameters: {'min_samples_leaf': 2, 'max_depth': 17, 'min_samples_split': 7}. Best is trial 0 with value: 1.0.
[I 2024-01-25 12:07:54,469] Trial 37 finished with value: 1.0 and parameters: {'min_samples_leaf': 3, 'max_depth': 20, 'min_samples_split': 10}. Best is trial 0 with value: 1.0.
[I 2024-01-25 12:07:54,576] Trial 38 finished with value: 0.9210526315789473 and parameters: {'min_samples_leaf': 4, 'max_depth': 20, 'min_samples_split': 10}. Best is trial 0 with value: 1.0.
[I 2024-01-25 12:07:54,681] Trial 39 finished with value: 0.9473684210526315 and parameters: {'min_samples_leaf': 3, 'max_depth': 19, 'min_samples_split': 10}. Best is trial 0 with value: 1.0.
[I 2024-01-25 12:07:54,785] Trial 40 finished with value: 0.9473684210526315 and parameters: {'min_samples_leaf': 5, 'max_depth': 7, 'min_samples_split': 5}. Best is trial 0 with value: 1.0.
[I 2024-01-25 12:07:54,887] Trial 41 finished with value: 0.9210526315789473 and parameters: {'min_samples_leaf': 2, 'max_depth': 20, 'min_samples_split': 9}. Best is trial 0 with value: 1.0.
[I 2024-01-25 12:07:54,990] Trial 42 finished with value: 0.9473684210526315 and parameters: {'min_samples_leaf': 3, 'max_depth': 18, 'min_samples_split': 9}. Best is trial 0 with value: 1.0.
[I 2024-01-25 12:07:55,093] Trial 43 finished with value: 0.9736842105263158 and parameters: {'min_samples_leaf': 2, 'max_depth': 19, 'min_samples_split': 9}. Best is trial 0 with value: 1.0.
[I 2024-01-25 12:07:55,196] Trial 44 finished with value: 0.9473684210526315 and parameters: {'min_samples_leaf': 3, 'max_depth': 16, 'min_samples_split': 8}. Best is trial 0 with value: 1.0.
[I 2024-01-25 12:07:55,299] Trial 45 finished with value: 0.9210526315789473 and parameters: {'min_samples_leaf': 8, 'max_depth': 20, 'min_samples_split': 10}. Best is trial 0 with value: 1.0.
[I 2024-01-25 12:07:55,401] Trial 46 finished with value: 0.9210526315789473 and parameters: {'min_samples_leaf': 10, 'max_depth': 17, 'min_samples_split': 3}. Best is trial 0 with value: 1.0.
[I 2024-01-25 12:07:55,503] Trial 47 finished with value: 0.9736842105263158 and parameters: {'min_samples_leaf': 4, 'max_depth': 18, 'min_samples_split': 7}. Best is trial 0 with value: 1.0.
[I 2024-01-25 12:07:55,604] Trial 48 finished with value: 0.9473684210526315 and parameters: {'min_samples_leaf': 2, 'max_depth': 19, 'min_samples_split': 8}. Best is trial 0 with value: 1.0.
[I 2024-01-25 12:07:55,749] Trial 49 finished with value: 0.9473684210526315 and parameters: {'min_samples_leaf': 3, 'max_depth': 16, 'min_samples_split': 2}. Best is trial 0 with value: 1.0.
[I 2024-01-25 12:07:55,859] Trial 50 finished with value: 0.9210526315789473 and parameters: {'min_samples_leaf': 9, 'max_depth': 17, 'min_samples_split': 6}. Best is trial 0 with value: 1.0.
[I 2024-01-25 12:07:55,968] Trial 51 finished with value: 0.9736842105263158 and parameters: {'min_samples_leaf': 7, 'max_depth': 20, 'min_samples_split': 4}. Best is trial 0 with value: 1.0.
[I 2024-01-25 12:07:56,108] Trial 52 finished with value: 0.9736842105263158 and parameters: {'min_samples_leaf': 8, 'max_depth': 18, 'min_samples_split': 4}. Best is trial 0 with value: 1.0.
[I 2024-01-25 12:07:56,216] Trial 53 finished with value: 0.8947368421052632 and parameters: {'min_samples_leaf': 10, 'max_depth': 19, 'min_samples_split': 4}. Best is trial 0 with value: 1.0.
[I 2024-01-25 12:07:56,364] Trial 54 finished with value: 0.9473684210526315 and parameters: {'min_samples_leaf': 9, 'max_depth': 18, 'min_samples_split': 5}. Best is trial 0 with value: 1.0.
[I 2024-01-25 12:07:56,471] Trial 55 finished with value: 0.9736842105263158 and parameters: {'min_samples_leaf': 8, 'max_depth': 19, 'min_samples_split': 3}. Best is trial 0 with value: 1.0.
[I 2024-01-25 12:07:56,627] Trial 56 finished with value: 1.0 and parameters: {'min_samples_leaf': 5, 'max_depth': 13, 'min_samples_split': 5}. Best is trial 0 with value: 1.0.
[I 2024-01-25 12:07:56,771] Trial 57 finished with value: 0.8947368421052632 and parameters: {'min_samples_leaf': 5, 'max_depth': 12, 'min_samples_split': 7}. Best is trial 0 with value: 1.0.
[I 2024-01-25 12:07:56,881] Trial 58 finished with value: 0.9736842105263158 and parameters: {'min_samples_leaf': 6, 'max_depth': 11, 'min_samples_split': 5}. Best is trial 0 with value: 1.0.
[I 2024-01-25 12:07:57,031] Trial 59 finished with value: 0.9473684210526315 and parameters: {'min_samples_leaf': 5, 'max_depth': 13, 'min_samples_split': 6}. Best is trial 0 with value: 1.0.
[I 2024-01-25 12:07:57,154] Trial 60 finished with value: 0.9210526315789473 and parameters: {'min_samples_leaf': 6, 'max_depth': 14, 'min_samples_split': 10}. Best is trial 0 with value: 1.0.
[I 2024-01-25 12:07:57,280] Trial 61 finished with value: 0.9210526315789473 and parameters: {'min_samples_leaf': 7, 'max_depth': 20, 'min_samples_split': 4}. Best is trial 0 with value: 1.0.
[I 2024-01-25 12:07:57,384] Trial 62 finished with value: 0.9473684210526315 and parameters: {'min_samples_leaf': 4, 'max_depth': 17, 'min_samples_split': 5}. Best is trial 0 with value: 1.0.
[I 2024-01-25 12:07:57,529] Trial 63 finished with value: 0.9210526315789473 and parameters: {'min_samples_leaf': 6, 'max_depth': 15, 'min_samples_split': 4}. Best is trial 0 with value: 1.0.
[I 2024-01-25 12:07:57,634] Trial 64 finished with value: 0.9736842105263158 and parameters: {'min_samples_leaf': 2, 'max_depth': 8, 'min_samples_split': 3}. Best is trial 0 with value: 1.0.
[I 2024-01-25 12:07:57,759] Trial 65 finished with value: 0.9736842105263158 and parameters: {'min_samples_leaf': 9, 'max_depth': 13, 'min_samples_split': 4}. Best is trial 0 with value: 1.0.
[I 2024-01-25 12:07:57,865] Trial 66 finished with value: 0.9473684210526315 and parameters: {'min_samples_leaf': 5, 'max_depth': 18, 'min_samples_split': 8}. Best is trial 0 with value: 1.0.
[I 2024-01-25 12:07:57,968] Trial 67 finished with value: 1.0 and parameters: {'min_samples_leaf': 3, 'max_depth': 5, 'min_samples_split': 9}. Best is trial 0 with value: 1.0.
[I 2024-01-25 12:07:58,071] Trial 68 finished with value: 0.9736842105263158 and parameters: {'min_samples_leaf': 3, 'max_depth': 5, 'min_samples_split': 9}. Best is trial 0 with value: 1.0.
[I 2024-01-25 12:07:58,207] Trial 69 finished with value: 0.9736842105263158 and parameters: {'min_samples_leaf': 3, 'max_depth': 11, 'min_samples_split': 10}. Best is trial 0 with value: 1.0.
[I 2024-01-25 12:07:58,311] Trial 70 finished with value: 0.9473684210526315 and parameters: {'min_samples_leaf': 4, 'max_depth': 8, 'min_samples_split': 9}. Best is trial 0 with value: 1.0.
[I 2024-01-25 12:07:58,415] Trial 71 finished with value: 0.9473684210526315 and parameters: {'min_samples_leaf': 2, 'max_depth': 19, 'min_samples_split': 8}. Best is trial 0 with value: 1.0.
[I 2024-01-25 12:07:58,521] Trial 72 finished with value: 0.9473684210526315 and parameters: {'min_samples_leaf': 5, 'max_depth': 6, 'min_samples_split': 5}. Best is trial 0 with value: 1.0.
[I 2024-01-25 12:07:58,650] Trial 73 finished with value: 0.9473684210526315 and parameters: {'min_samples_leaf': 2, 'max_depth': 16, 'min_samples_split': 9}. Best is trial 0 with value: 1.0.
[I 2024-01-25 12:07:58,756] Trial 74 finished with value: 1.0 and parameters: {'min_samples_leaf': 7, 'max_depth': 20, 'min_samples_split': 6}. Best is trial 0 with value: 1.0.
[I 2024-01-25 12:07:58,863] Trial 75 finished with value: 0.8947368421052632 and parameters: {'min_samples_leaf': 3, 'max_depth': 20, 'min_samples_split': 6}. Best is trial 0 with value: 1.0.
[I 2024-01-25 12:07:58,969] Trial 76 finished with value: 0.9473684210526315 and parameters: {'min_samples_leaf': 4, 'max_depth': 10, 'min_samples_split': 7}. Best is trial 0 with value: 1.0.
[I 2024-01-25 12:07:59,072] Trial 77 finished with value: 0.8947368421052632 and parameters: {'min_samples_leaf': 6, 'max_depth': 20, 'min_samples_split': 7}. Best is trial 0 with value: 1.0.
[I 2024-01-25 12:07:59,175] Trial 78 finished with value: 0.9473684210526315 and parameters: {'min_samples_leaf': 4, 'max_depth': 18, 'min_samples_split': 6}. Best is trial 0 with value: 1.0.
[I 2024-01-25 12:07:59,280] Trial 79 finished with value: 0.8947368421052632 and parameters: {'min_samples_leaf': 2, 'max_depth': 9, 'min_samples_split': 8}. Best is trial 0 with value: 1.0.
[I 2024-01-25 12:07:59,385] Trial 80 finished with value: 0.9473684210526315 and parameters: {'min_samples_leaf': 7, 'max_depth': 19, 'min_samples_split': 9}. Best is trial 0 with value: 1.0.
[I 2024-01-25 12:07:59,487] Trial 81 finished with value: 0.9473684210526315 and parameters: {'min_samples_leaf': 10, 'max_depth': 20, 'min_samples_split': 5}. Best is trial 0 with value: 1.0.
[I 2024-01-25 12:07:59,589] Trial 82 finished with value: 0.9210526315789473 and parameters: {'min_samples_leaf': 7, 'max_depth': 19, 'min_samples_split': 10}. Best is trial 0 with value: 1.0.
[I 2024-01-25 12:07:59,694] Trial 83 finished with value: 1.0 and parameters: {'min_samples_leaf': 8, 'max_depth': 18, 'min_samples_split': 7}. Best is trial 0 with value: 1.0.
[I 2024-01-25 12:07:59,797] Trial 84 finished with value: 0.8947368421052632 and parameters: {'min_samples_leaf': 8, 'max_depth': 17, 'min_samples_split': 6}. Best is trial 0 with value: 1.0.
[I 2024-01-25 12:07:59,900] Trial 85 finished with value: 0.9736842105263158 and parameters: {'min_samples_leaf': 6, 'max_depth': 15, 'min_samples_split': 7}. Best is trial 0 with value: 1.0.
[I 2024-01-25 12:08:00,008] Trial 86 finished with value: 0.9736842105263158 and parameters: {'min_samples_leaf': 7, 'max_depth': 18, 'min_samples_split': 8}. Best is trial 0 with value: 1.0.
[I 2024-01-25 12:08:00,111] Trial 87 finished with value: 0.9736842105263158 and parameters: {'min_samples_leaf': 3, 'max_depth': 19, 'min_samples_split': 6}. Best is trial 0 with value: 1.0.
[I 2024-01-25 12:08:00,213] Trial 88 finished with value: 0.9736842105263158 and parameters: {'min_samples_leaf': 8, 'max_depth': 17, 'min_samples_split': 7}. Best is trial 0 with value: 1.0.
[I 2024-01-25 12:08:00,317] Trial 89 finished with value: 0.9736842105263158 and parameters: {'min_samples_leaf': 9, 'max_depth': 14, 'min_samples_split': 9}. Best is trial 0 with value: 1.0.
[I 2024-01-25 12:08:00,422] Trial 90 finished with value: 0.9210526315789473 and parameters: {'min_samples_leaf': 2, 'max_depth': 18, 'min_samples_split': 8}. Best is trial 0 with value: 1.0.
[I 2024-01-25 12:08:00,524] Trial 91 finished with value: 0.8947368421052632 and parameters: {'min_samples_leaf': 7, 'max_depth': 20, 'min_samples_split': 5}. Best is trial 0 with value: 1.0.
[I 2024-01-25 12:08:00,628] Trial 92 finished with value: 0.9736842105263158 and parameters: {'min_samples_leaf': 8, 'max_depth': 19, 'min_samples_split': 4}. Best is trial 0 with value: 1.0.
[I 2024-01-25 12:08:00,733] Trial 93 finished with value: 1.0 and parameters: {'min_samples_leaf': 10, 'max_depth': 17, 'min_samples_split': 7}. Best is trial 0 with value: 1.0.
[I 2024-01-25 12:08:00,835] Trial 94 finished with value: 0.9736842105263158 and parameters: {'min_samples_leaf': 10, 'max_depth': 17, 'min_samples_split': 7}. Best is trial 0 with value: 1.0.
[I 2024-01-25 12:08:00,938] Trial 95 finished with value: 0.9210526315789473 and parameters: {'min_samples_leaf': 10, 'max_depth': 18, 'min_samples_split': 7}. Best is trial 0 with value: 1.0.
[I 2024-01-25 12:08:01,040] Trial 96 finished with value: 0.9473684210526315 and parameters: {'min_samples_leaf': 9, 'max_depth': 16, 'min_samples_split': 6}. Best is trial 0 with value: 1.0.
[I 2024-01-25 12:08:01,143] Trial 97 finished with value: 0.9473684210526315 and parameters: {'min_samples_leaf': 10, 'max_depth': 17, 'min_samples_split': 7}. Best is trial 0 with value: 1.0.
[I 2024-01-25 12:08:01,247] Trial 98 finished with value: 0.9210526315789473 and parameters: {'min_samples_leaf': 5, 'max_depth': 18, 'min_samples_split': 8}. Best is trial 0 with value: 1.0.
[I 2024-01-25 12:08:01,356] Trial 99 finished with value: 0.9473684210526315 and parameters: {'min_samples_leaf': 9, 'max_depth': 11, 'min_samples_split': 10}. Best is trial 0 with value: 1.0.
Number of finished trials:  100
Best trial:
  Value:  1.0
  Params:
    min_samples_leaf: 10
    max_depth: 19
    min_samples_split: 4