[I 2024-01-25 11:46:52,308] A new study created in memory with name: no-name-02f6ec3f-6182-4fcd-8746-11d31d5e4b53
[I 2024-01-25 11:46:52,425] Trial 0 finished with value: 0.9473684210526315 and parameters: {'min_samples_leaf': 2, 'max_depth': 9, 'min_samples_split': 5}. Best is trial 0 with value: 0.9473684210526315.
[I 2024-01-25 11:46:52,520] Trial 1 finished with value: 0.9473684210526315 and parameters: {'min_samples_leaf': 6, 'max_depth': 5, 'min_samples_split': 6}. Best is trial 0 with value: 0.9473684210526315.
[I 2024-01-25 11:46:52,613] Trial 2 finished with value: 0.9473684210526315 and parameters: {'min_samples_leaf': 3, 'max_depth': 14, 'min_samples_split': 4}. Best is trial 0 with value: 0.9473684210526315.
[I 2024-01-25 11:46:52,707] Trial 3 finished with value: 0.9210526315789473 and parameters: {'min_samples_leaf': 6, 'max_depth': 13, 'min_samples_split': 7}. Best is trial 0 with value: 0.9473684210526315.
[I 2024-01-25 11:46:52,801] Trial 4 finished with value: 0.9473684210526315 and parameters: {'min_samples_leaf': 5, 'max_depth': 13, 'min_samples_split': 6}. Best is trial 0 with value: 0.9473684210526315.
[I 2024-01-25 11:46:52,895] Trial 5 finished with value: 0.9210526315789473 and parameters: {'min_samples_leaf': 9, 'max_depth': 7, 'min_samples_split': 6}. Best is trial 0 with value: 0.9473684210526315.
[I 2024-01-25 11:46:52,987] Trial 6 finished with value: 0.9736842105263158 and parameters: {'min_samples_leaf': 6, 'max_depth': 11, 'min_samples_split': 4}. Best is trial 6 with value: 0.9736842105263158.
[I 2024-01-25 11:46:53,080] Trial 7 finished with value: 0.9473684210526315 and parameters: {'min_samples_leaf': 9, 'max_depth': 16, 'min_samples_split': 9}. Best is trial 6 with value: 0.9736842105263158.
[I 2024-01-25 11:46:53,172] Trial 8 finished with value: 0.9473684210526315 and parameters: {'min_samples_leaf': 5, 'max_depth': 18, 'min_samples_split': 8}. Best is trial 6 with value: 0.9736842105263158.
[I 2024-01-25 11:46:53,263] Trial 9 finished with value: 0.9736842105263158 and parameters: {'min_samples_leaf': 6, 'max_depth': 11, 'min_samples_split': 2}. Best is trial 6 with value: 0.9736842105263158.
[I 2024-01-25 11:46:53,364] Trial 10 finished with value: 0.9736842105263158 and parameters: {'min_samples_leaf': 8, 'max_depth': 19, 'min_samples_split': 2}. Best is trial 6 with value: 0.9736842105263158.
[I 2024-01-25 11:46:53,467] Trial 11 finished with value: 1.0 and parameters: {'min_samples_leaf': 7, 'max_depth': 10, 'min_samples_split': 2}. Best is trial 11 with value: 1.0.
[I 2024-01-25 11:46:53,570] Trial 12 finished with value: 0.9473684210526315 and parameters: {'min_samples_leaf': 7, 'max_depth': 10, 'min_samples_split': 3}. Best is trial 11 with value: 1.0.
[I 2024-01-25 11:46:53,674] Trial 13 finished with value: 0.9210526315789473 and parameters: {'min_samples_leaf': 10, 'max_depth': 8, 'min_samples_split': 4}. Best is trial 11 with value: 1.0.
[I 2024-01-25 11:46:53,778] Trial 14 finished with value: 0.9473684210526315 and parameters: {'min_samples_leaf': 4, 'max_depth': 11, 'min_samples_split': 3}. Best is trial 11 with value: 1.0.
[I 2024-01-25 11:46:53,882] Trial 15 finished with value: 0.9473684210526315 and parameters: {'min_samples_leaf': 7, 'max_depth': 15, 'min_samples_split': 4}. Best is trial 11 with value: 1.0.
[I 2024-01-25 11:46:53,985] Trial 16 finished with value: 0.9736842105263158 and parameters: {'min_samples_leaf': 8, 'max_depth': 5, 'min_samples_split': 2}. Best is trial 11 with value: 1.0.
[I 2024-01-25 11:46:54,089] Trial 17 finished with value: 0.9736842105263158 and parameters: {'min_samples_leaf': 4, 'max_depth': 7, 'min_samples_split': 3}. Best is trial 11 with value: 1.0.
[I 2024-01-25 11:46:54,192] Trial 18 finished with value: 0.9736842105263158 and parameters: {'min_samples_leaf': 7, 'max_depth': 11, 'min_samples_split': 10}. Best is trial 11 with value: 1.0.
[I 2024-01-25 11:46:54,310] Trial 19 finished with value: 0.8947368421052632 and parameters: {'min_samples_leaf': 5, 'max_depth': 16, 'min_samples_split': 5}. Best is trial 11 with value: 1.0.
[I 2024-01-25 11:46:54,437] Trial 20 finished with value: 0.9210526315789473 and parameters: {'min_samples_leaf': 8, 'max_depth': 9, 'min_samples_split': 5}. Best is trial 11 with value: 1.0.
[I 2024-01-25 11:46:54,567] Trial 21 finished with value: 0.9473684210526315 and parameters: {'min_samples_leaf': 6, 'max_depth': 11, 'min_samples_split': 2}. Best is trial 11 with value: 1.0.
[I 2024-01-25 11:46:54,713] Trial 22 finished with value: 0.9210526315789473 and parameters: {'min_samples_leaf': 6, 'max_depth': 12, 'min_samples_split': 3}. Best is trial 11 with value: 1.0.
[I 2024-01-25 11:46:54,821] Trial 23 finished with value: 0.9736842105263158 and parameters: {'min_samples_leaf': 7, 'max_depth': 10, 'min_samples_split': 2}. Best is trial 11 with value: 1.0.
[I 2024-01-25 11:46:54,926] Trial 24 finished with value: 0.9473684210526315 and parameters: {'min_samples_leaf': 4, 'max_depth': 12, 'min_samples_split': 4}. Best is trial 11 with value: 1.0.
[I 2024-01-25 11:46:55,027] Trial 25 finished with value: 0.8947368421052632 and parameters: {'min_samples_leaf': 5, 'max_depth': 7, 'min_samples_split': 3}. Best is trial 11 with value: 1.0.
[I 2024-01-25 11:46:55,128] Trial 26 finished with value: 1.0 and parameters: {'min_samples_leaf': 6, 'max_depth': 9, 'min_samples_split': 2}. Best is trial 11 with value: 1.0.
[I 2024-01-25 11:46:55,229] Trial 27 finished with value: 0.9736842105263158 and parameters: {'min_samples_leaf': 8, 'max_depth': 9, 'min_samples_split': 4}. Best is trial 11 with value: 1.0.
[I 2024-01-25 11:46:55,331] Trial 28 finished with value: 0.8947368421052632 and parameters: {'min_samples_leaf': 7, 'max_depth': 8, 'min_samples_split': 3}. Best is trial 11 with value: 1.0.
[I 2024-01-25 11:46:55,433] Trial 29 finished with value: 0.9473684210526315 and parameters: {'min_samples_leaf': 2, 'max_depth': 10, 'min_samples_split': 5}. Best is trial 11 with value: 1.0.
[I 2024-01-25 11:46:55,535] Trial 30 finished with value: 0.9473684210526315 and parameters: {'min_samples_leaf': 9, 'max_depth': 6, 'min_samples_split': 2}. Best is trial 11 with value: 1.0.
[I 2024-01-25 11:46:55,636] Trial 31 finished with value: 0.9473684210526315 and parameters: {'min_samples_leaf': 6, 'max_depth': 9, 'min_samples_split': 2}. Best is trial 11 with value: 1.0.
[I 2024-01-25 11:46:55,739] Trial 32 finished with value: 0.9736842105263158 and parameters: {'min_samples_leaf': 5, 'max_depth': 12, 'min_samples_split': 2}. Best is trial 11 with value: 1.0.
[I 2024-01-25 11:46:55,840] Trial 33 finished with value: 0.868421052631579 and parameters: {'min_samples_leaf': 6, 'max_depth': 14, 'min_samples_split': 3}. Best is trial 11 with value: 1.0.
[I 2024-01-25 11:46:55,941] Trial 34 finished with value: 1.0 and parameters: {'min_samples_leaf': 6, 'max_depth': 10, 'min_samples_split': 7}. Best is trial 11 with value: 1.0.
[I 2024-01-25 11:46:56,044] Trial 35 finished with value: 0.9210526315789473 and parameters: {'min_samples_leaf': 7, 'max_depth': 8, 'min_samples_split': 7}. Best is trial 11 with value: 1.0.
[I 2024-01-25 11:46:56,147] Trial 36 finished with value: 1.0 and parameters: {'min_samples_leaf': 5, 'max_depth': 13, 'min_samples_split': 7}. Best is trial 11 with value: 1.0.
[I 2024-01-25 11:46:56,250] Trial 37 finished with value: 0.9736842105263158 and parameters: {'min_samples_leaf': 3, 'max_depth': 14, 'min_samples_split': 7}. Best is trial 11 with value: 1.0.
[I 2024-01-25 11:46:56,355] Trial 38 finished with value: 0.9210526315789473 and parameters: {'min_samples_leaf': 4, 'max_depth': 13, 'min_samples_split': 8}. Best is trial 11 with value: 1.0.
[I 2024-01-25 11:46:56,458] Trial 39 finished with value: 0.9210526315789473 and parameters: {'min_samples_leaf': 5, 'max_depth': 10, 'min_samples_split': 8}. Best is trial 11 with value: 1.0.
[I 2024-01-25 11:46:56,582] Trial 40 finished with value: 0.9210526315789473 and parameters: {'min_samples_leaf': 3, 'max_depth': 13, 'min_samples_split': 7}. Best is trial 11 with value: 1.0.
[I 2024-01-25 11:46:56,738] Trial 41 finished with value: 0.9210526315789473 and parameters: {'min_samples_leaf': 6, 'max_depth': 10, 'min_samples_split': 6}. Best is trial 11 with value: 1.0.
[I 2024-01-25 11:46:56,895] Trial 42 finished with value: 0.8947368421052632 and parameters: {'min_samples_leaf': 5, 'max_depth': 12, 'min_samples_split': 6}. Best is trial 11 with value: 1.0.
[I 2024-01-25 11:46:56,996] Trial 43 finished with value: 0.9473684210526315 and parameters: {'min_samples_leaf': 6, 'max_depth': 11, 'min_samples_split': 7}. Best is trial 11 with value: 1.0.
[I 2024-01-25 11:46:57,099] Trial 44 finished with value: 0.9473684210526315 and parameters: {'min_samples_leaf': 6, 'max_depth': 8, 'min_samples_split': 9}. Best is trial 11 with value: 1.0.
[I 2024-01-25 11:46:57,202] Trial 45 finished with value: 0.868421052631579 and parameters: {'min_samples_leaf': 7, 'max_depth': 9, 'min_samples_split': 8}. Best is trial 11 with value: 1.0.
[I 2024-01-25 11:46:57,305] Trial 46 finished with value: 0.9736842105263158 and parameters: {'min_samples_leaf': 5, 'max_depth': 15, 'min_samples_split': 5}. Best is trial 11 with value: 1.0.
[I 2024-01-25 11:46:57,407] Trial 47 finished with value: 0.9736842105263158 and parameters: {'min_samples_leaf': 7, 'max_depth': 13, 'min_samples_split': 6}. Best is trial 11 with value: 1.0.
[I 2024-01-25 11:46:57,514] Trial 48 finished with value: 0.9473684210526315 and parameters: {'min_samples_leaf': 8, 'max_depth': 20, 'min_samples_split': 9}. Best is trial 11 with value: 1.0.
[I 2024-01-25 11:46:57,673] Trial 49 finished with value: 0.9210526315789473 and parameters: {'min_samples_leaf': 4, 'max_depth': 14, 'min_samples_split': 8}. Best is trial 11 with value: 1.0.
[I 2024-01-25 11:46:57,778] Trial 50 finished with value: 0.9736842105263158 and parameters: {'min_samples_leaf': 6, 'max_depth': 17, 'min_samples_split': 5}. Best is trial 11 with value: 1.0.
[I 2024-01-25 11:46:57,884] Trial 51 finished with value: 0.9736842105263158 and parameters: {'min_samples_leaf': 6, 'max_depth': 11, 'min_samples_split': 2}. Best is trial 11 with value: 1.0.
[I 2024-01-25 11:46:57,988] Trial 52 finished with value: 0.9736842105263158 and parameters: {'min_samples_leaf': 5, 'max_depth': 11, 'min_samples_split': 7}. Best is trial 11 with value: 1.0.
[I 2024-01-25 11:46:58,120] Trial 53 finished with value: 0.9736842105263158 and parameters: {'min_samples_leaf': 7, 'max_depth': 10, 'min_samples_split': 3}. Best is trial 11 with value: 1.0.
[I 2024-01-25 11:46:58,228] Trial 54 finished with value: 0.9736842105263158 and parameters: {'min_samples_leaf': 6, 'max_depth': 9, 'min_samples_split': 4}. Best is trial 11 with value: 1.0.
[I 2024-01-25 11:46:58,332] Trial 55 finished with value: 0.9473684210526315 and parameters: {'min_samples_leaf': 5, 'max_depth': 12, 'min_samples_split': 2}. Best is trial 11 with value: 1.0.
[I 2024-01-25 11:46:58,438] Trial 56 finished with value: 0.9210526315789473 and parameters: {'min_samples_leaf': 6, 'max_depth': 11, 'min_samples_split': 3}. Best is trial 11 with value: 1.0.
[I 2024-01-25 11:46:58,541] Trial 57 finished with value: 1.0 and parameters: {'min_samples_leaf': 7, 'max_depth': 10, 'min_samples_split': 2}. Best is trial 11 with value: 1.0.
[I 2024-01-25 11:46:58,652] Trial 58 finished with value: 0.9210526315789473 and parameters: {'min_samples_leaf': 8, 'max_depth': 6, 'min_samples_split': 2}. Best is trial 11 with value: 1.0.
[I 2024-01-25 11:46:58,756] Trial 59 finished with value: 1.0 and parameters: {'min_samples_leaf': 7, 'max_depth': 7, 'min_samples_split': 6}. Best is trial 11 with value: 1.0.
[I 2024-01-25 11:46:58,859] Trial 60 finished with value: 0.9736842105263158 and parameters: {'min_samples_leaf': 9, 'max_depth': 6, 'min_samples_split': 6}. Best is trial 11 with value: 1.0.
[I 2024-01-25 11:46:58,964] Trial 61 finished with value: 1.0 and parameters: {'min_samples_leaf': 7, 'max_depth': 8, 'min_samples_split': 7}. Best is trial 11 with value: 1.0.
[I 2024-01-25 11:46:59,111] Trial 62 finished with value: 1.0 and parameters: {'min_samples_leaf': 7, 'max_depth': 7, 'min_samples_split': 7}. Best is trial 11 with value: 1.0.
[I 2024-01-25 11:46:59,216] Trial 63 finished with value: 0.9473684210526315 and parameters: {'min_samples_leaf': 8, 'max_depth': 7, 'min_samples_split': 6}. Best is trial 11 with value: 1.0.
[I 2024-01-25 11:46:59,324] Trial 64 finished with value: 1.0 and parameters: {'min_samples_leaf': 7, 'max_depth': 8, 'min_samples_split': 7}. Best is trial 11 with value: 1.0.
[I 2024-01-25 11:46:59,430] Trial 65 finished with value: 0.9210526315789473 and parameters: {'min_samples_leaf': 7, 'max_depth': 9, 'min_samples_split': 10}. Best is trial 11 with value: 1.0.
[I 2024-01-25 11:46:59,568] Trial 66 finished with value: 0.9473684210526315 and parameters: {'min_samples_leaf': 8, 'max_depth': 5, 'min_samples_split': 8}. Best is trial 11 with value: 1.0.
[I 2024-01-25 11:46:59,715] Trial 67 finished with value: 0.9736842105263158 and parameters: {'min_samples_leaf': 7, 'max_depth': 8, 'min_samples_split': 9}. Best is trial 11 with value: 1.0.
[I 2024-01-25 11:46:59,819] Trial 68 finished with value: 0.8947368421052632 and parameters: {'min_samples_leaf': 7, 'max_depth': 10, 'min_samples_split': 7}. Best is trial 11 with value: 1.0.
[I 2024-01-25 11:46:59,940] Trial 69 finished with value: 0.9736842105263158 and parameters: {'min_samples_leaf': 8, 'max_depth': 7, 'min_samples_split': 6}. Best is trial 11 with value: 1.0.
[I 2024-01-25 11:47:00,049] Trial 70 finished with value: 0.9210526315789473 and parameters: {'min_samples_leaf': 6, 'max_depth': 8, 'min_samples_split': 8}. Best is trial 11 with value: 1.0.
[I 2024-01-25 11:47:00,154] Trial 71 finished with value: 0.9736842105263158 and parameters: {'min_samples_leaf': 7, 'max_depth': 7, 'min_samples_split': 7}. Best is trial 11 with value: 1.0.
[I 2024-01-25 11:47:00,258] Trial 72 finished with value: 1.0 and parameters: {'min_samples_leaf': 7, 'max_depth': 6, 'min_samples_split': 7}. Best is trial 11 with value: 1.0.
[I 2024-01-25 11:47:00,362] Trial 73 finished with value: 0.9473684210526315 and parameters: {'min_samples_leaf': 7, 'max_depth': 7, 'min_samples_split': 7}. Best is trial 11 with value: 1.0.
[I 2024-01-25 11:47:00,471] Trial 74 finished with value: 0.9736842105263158 and parameters: {'min_samples_leaf': 6, 'max_depth': 9, 'min_samples_split': 2}. Best is trial 11 with value: 1.0.
[I 2024-01-25 11:47:00,574] Trial 75 finished with value: 0.9736842105263158 and parameters: {'min_samples_leaf': 8, 'max_depth': 10, 'min_samples_split': 6}. Best is trial 11 with value: 1.0.
[I 2024-01-25 11:47:00,723] Trial 76 finished with value: 0.9736842105263158 and parameters: {'min_samples_leaf': 7, 'max_depth': 9, 'min_samples_split': 8}. Best is trial 11 with value: 1.0.
[I 2024-01-25 11:47:00,828] Trial 77 finished with value: 0.9736842105263158 and parameters: {'min_samples_leaf': 6, 'max_depth': 5, 'min_samples_split': 7}. Best is trial 11 with value: 1.0.
[I 2024-01-25 11:47:00,932] Trial 78 finished with value: 1.0 and parameters: {'min_samples_leaf': 7, 'max_depth': 8, 'min_samples_split': 3}. Best is trial 11 with value: 1.0.
[I 2024-01-25 11:47:01,036] Trial 79 finished with value: 0.9473684210526315 and parameters: {'min_samples_leaf': 6, 'max_depth': 6, 'min_samples_split': 7}. Best is trial 11 with value: 1.0.
[I 2024-01-25 11:47:01,141] Trial 80 finished with value: 0.9473684210526315 and parameters: {'min_samples_leaf': 8, 'max_depth': 8, 'min_samples_split': 2}. Best is trial 11 with value: 1.0.
[I 2024-01-25 11:47:01,245] Trial 81 finished with value: 0.9473684210526315 and parameters: {'min_samples_leaf': 7, 'max_depth': 8, 'min_samples_split': 7}. Best is trial 11 with value: 1.0.
[I 2024-01-25 11:47:01,362] Trial 82 finished with value: 0.9736842105263158 and parameters: {'min_samples_leaf': 7, 'max_depth': 7, 'min_samples_split': 7}. Best is trial 11 with value: 1.0.
[I 2024-01-25 11:47:01,469] Trial 83 finished with value: 0.9473684210526315 and parameters: {'min_samples_leaf': 7, 'max_depth': 9, 'min_samples_split': 8}. Best is trial 11 with value: 1.0.
[I 2024-01-25 11:47:01,572] Trial 84 finished with value: 0.9473684210526315 and parameters: {'min_samples_leaf': 7, 'max_depth': 10, 'min_samples_split': 6}. Best is trial 11 with value: 1.0.
[I 2024-01-25 11:47:01,675] Trial 85 finished with value: 0.9736842105263158 and parameters: {'min_samples_leaf': 8, 'max_depth': 8, 'min_samples_split': 7}. Best is trial 11 with value: 1.0.
[I 2024-01-25 11:47:01,779] Trial 86 finished with value: 0.9736842105263158 and parameters: {'min_samples_leaf': 6, 'max_depth': 9, 'min_samples_split': 6}. Best is trial 11 with value: 1.0.
[I 2024-01-25 11:47:01,882] Trial 87 finished with value: 1.0 and parameters: {'min_samples_leaf': 9, 'max_depth': 10, 'min_samples_split': 7}. Best is trial 11 with value: 1.0.
[I 2024-01-25 11:47:01,985] Trial 88 finished with value: 0.9210526315789473 and parameters: {'min_samples_leaf': 7, 'max_depth': 7, 'min_samples_split': 8}. Best is trial 11 with value: 1.0.
[I 2024-01-25 11:47:02,087] Trial 89 finished with value: 0.9736842105263158 and parameters: {'min_samples_leaf': 5, 'max_depth': 6, 'min_samples_split': 2}. Best is trial 11 with value: 1.0.
[I 2024-01-25 11:47:02,191] Trial 90 finished with value: 0.9210526315789473 and parameters: {'min_samples_leaf': 5, 'max_depth': 13, 'min_samples_split': 9}. Best is trial 11 with value: 1.0.
[I 2024-01-25 11:47:02,295] Trial 91 finished with value: 0.868421052631579 and parameters: {'min_samples_leaf': 7, 'max_depth': 6, 'min_samples_split': 7}. Best is trial 11 with value: 1.0.
[I 2024-01-25 11:47:02,434] Trial 92 finished with value: 0.9210526315789473 and parameters: {'min_samples_leaf': 7, 'max_depth': 7, 'min_samples_split': 7}. Best is trial 11 with value: 1.0.
[I 2024-01-25 11:47:02,557] Trial 93 finished with value: 0.9473684210526315 and parameters: {'min_samples_leaf': 6, 'max_depth': 5, 'min_samples_split': 5}. Best is trial 11 with value: 1.0.
[I 2024-01-25 11:47:02,682] Trial 94 finished with value: 0.9210526315789473 and parameters: {'min_samples_leaf': 7, 'max_depth': 12, 'min_samples_split': 6}. Best is trial 11 with value: 1.0.
[I 2024-01-25 11:47:02,786] Trial 95 finished with value: 1.0 and parameters: {'min_samples_leaf': 6, 'max_depth': 8, 'min_samples_split': 7}. Best is trial 11 with value: 1.0.
[I 2024-01-25 11:47:02,893] Trial 96 finished with value: 0.9736842105263158 and parameters: {'min_samples_leaf': 8, 'max_depth': 6, 'min_samples_split': 8}. Best is trial 11 with value: 1.0.
[I 2024-01-25 11:47:02,997] Trial 97 finished with value: 1.0 and parameters: {'min_samples_leaf': 7, 'max_depth': 9, 'min_samples_split': 7}. Best is trial 11 with value: 1.0.
[I 2024-01-25 11:47:03,100] Trial 98 finished with value: 0.9736842105263158 and parameters: {'min_samples_leaf': 8, 'max_depth': 7, 'min_samples_split': 3}. Best is trial 11 with value: 1.0.
[I 2024-01-25 11:47:03,206] Trial 99 finished with value: 0.9210526315789473 and parameters: {'min_samples_leaf': 6, 'max_depth': 11, 'min_samples_split': 2}. Best is trial 11 with value: 1.0.
Number of finished trials:  100
Best trial:
  Value:  1.0
  Params:
    min_samples_leaf: 7
    max_depth: 10
    min_samples_split: 2