[I 2024-01-24 15:03:13,726] A new study created in memory with name: no-name-dd74f2cd-2cd0-494b-9245-df388e583f1c
[I 2024-01-24 15:03:13,857] Trial 0 finished with value: 0.9473684210526315 and parameters: {'min_samples_leaf': 9, 'max_depth': 5, 'min_samples_split': 4}. Best is trial 0 with value: 0.9473684210526315.
[I 2024-01-24 15:03:13,987] Trial 1 finished with value: 0.9736842105263158 and parameters: {'min_samples_leaf': 2, 'max_depth': 15, 'min_samples_split': 4}. Best is trial 1 with value: 0.9736842105263158.
[I 2024-01-24 15:03:14,107] Trial 2 finished with value: 0.9210526315789473 and parameters: {'min_samples_leaf': 9, 'max_depth': 5, 'min_samples_split': 5}. Best is trial 1 with value: 0.9736842105263158.
[I 2024-01-24 15:03:14,235] Trial 3 finished with value: 0.9473684210526315 and parameters: {'min_samples_leaf': 3, 'max_depth': 18, 'min_samples_split': 6}. Best is trial 1 with value: 0.9736842105263158.
[I 2024-01-24 15:03:14,357] Trial 4 finished with value: 0.9736842105263158 and parameters: {'min_samples_leaf': 4, 'max_depth': 18, 'min_samples_split': 4}. Best is trial 1 with value: 0.9736842105263158.
[I 2024-01-24 15:03:14,475] Trial 5 finished with value: 0.9210526315789473 and parameters: {'min_samples_leaf': 2, 'max_depth': 7, 'min_samples_split': 9}. Best is trial 1 with value: 0.9736842105263158.
[I 2024-01-24 15:03:14,592] Trial 6 finished with value: 1.0 and parameters: {'min_samples_leaf': 10, 'max_depth': 5, 'min_samples_split': 4}. Best is trial 6 with value: 1.0.
[I 2024-01-24 15:03:14,712] Trial 7 finished with value: 0.9473684210526315 and parameters: {'min_samples_leaf': 4, 'max_depth': 17, 'min_samples_split': 3}. Best is trial 6 with value: 1.0.
[I 2024-01-24 15:03:14,832] Trial 8 finished with value: 0.9736842105263158 and parameters: {'min_samples_leaf': 5, 'max_depth': 13, 'min_samples_split': 4}. Best is trial 6 with value: 1.0.
[I 2024-01-24 15:03:14,952] Trial 9 finished with value: 1.0 and parameters: {'min_samples_leaf': 2, 'max_depth': 11, 'min_samples_split': 3}. Best is trial 6 with value: 1.0.
[I 2024-01-24 15:03:15,082] Trial 10 finished with value: 0.9736842105263158 and parameters: {'min_samples_leaf': 7, 'max_depth': 9, 'min_samples_split': 8}. Best is trial 6 with value: 1.0.
[I 2024-01-24 15:03:15,219] Trial 11 finished with value: 0.9210526315789473 and parameters: {'min_samples_leaf': 7, 'max_depth': 10, 'min_samples_split': 2}. Best is trial 6 with value: 1.0.
[I 2024-01-24 15:03:15,385] Trial 12 finished with value: 0.9210526315789473 and parameters: {'min_samples_leaf': 10, 'max_depth': 11, 'min_samples_split': 2}. Best is trial 6 with value: 1.0.
[I 2024-01-24 15:03:15,529] Trial 13 finished with value: 0.9473684210526315 and parameters: {'min_samples_leaf': 6, 'max_depth': 8, 'min_samples_split': 6}. Best is trial 6 with value: 1.0.
[I 2024-01-24 15:03:15,660] Trial 14 finished with value: 0.9473684210526315 and parameters: {'min_samples_leaf': 8, 'max_depth': 13, 'min_samples_split': 7}. Best is trial 6 with value: 1.0.
[I 2024-01-24 15:03:15,794] Trial 15 finished with value: 0.9736842105263158 and parameters: {'min_samples_leaf': 10, 'max_depth': 20, 'min_samples_split': 10}. Best is trial 6 with value: 1.0.
[I 2024-01-24 15:03:15,927] Trial 16 finished with value: 0.9473684210526315 and parameters: {'min_samples_leaf': 6, 'max_depth': 7, 'min_samples_split': 3}. Best is trial 6 with value: 1.0.
[I 2024-01-24 15:03:16,061] Trial 17 finished with value: 0.9736842105263158 and parameters: {'min_samples_leaf': 4, 'max_depth': 11, 'min_samples_split': 5}. Best is trial 6 with value: 1.0.
[I 2024-01-24 15:03:16,193] Trial 18 finished with value: 0.9736842105263158 and parameters: {'min_samples_leaf': 8, 'max_depth': 15, 'min_samples_split': 3}. Best is trial 6 with value: 1.0.
[I 2024-01-24 15:03:16,344] Trial 19 finished with value: 0.9210526315789473 and parameters: {'min_samples_leaf': 5, 'max_depth': 6, 'min_samples_split': 2}. Best is trial 6 with value: 1.0.
[I 2024-01-24 15:03:16,480] Trial 20 finished with value: 0.9473684210526315 and parameters: {'min_samples_leaf': 3, 'max_depth': 15, 'min_samples_split': 5}. Best is trial 6 with value: 1.0.
[I 2024-01-24 15:03:16,621] Trial 21 finished with value: 0.9736842105263158 and parameters: {'min_samples_leaf': 2, 'max_depth': 15, 'min_samples_split': 4}. Best is trial 6 with value: 1.0.
[I 2024-01-24 15:03:16,757] Trial 22 finished with value: 0.9736842105263158 and parameters: {'min_samples_leaf': 2, 'max_depth': 12, 'min_samples_split': 3}. Best is trial 6 with value: 1.0.
[I 2024-01-24 15:03:16,897] Trial 23 finished with value: 0.9736842105263158 and parameters: {'min_samples_leaf': 3, 'max_depth': 14, 'min_samples_split': 5}. Best is trial 6 with value: 1.0.
[I 2024-01-24 15:03:17,039] Trial 24 finished with value: 0.9473684210526315 and parameters: {'min_samples_leaf': 3, 'max_depth': 17, 'min_samples_split': 7}. Best is trial 6 with value: 1.0.
[I 2024-01-24 15:03:17,171] Trial 25 finished with value: 0.9473684210526315 and parameters: {'min_samples_leaf': 2, 'max_depth': 10, 'min_samples_split': 3}. Best is trial 6 with value: 1.0.
[I 2024-01-24 15:03:17,309] Trial 26 finished with value: 0.9210526315789473 and parameters: {'min_samples_leaf': 5, 'max_depth': 16, 'min_samples_split': 4}. Best is trial 6 with value: 1.0.
[I 2024-01-24 15:03:17,448] Trial 27 finished with value: 0.9736842105263158 and parameters: {'min_samples_leaf': 7, 'max_depth': 8, 'min_samples_split': 2}. Best is trial 6 with value: 1.0.
[I 2024-01-24 15:03:17,582] Trial 28 finished with value: 0.9736842105263158 and parameters: {'min_samples_leaf': 4, 'max_depth': 20, 'min_samples_split': 5}. Best is trial 6 with value: 1.0.
[I 2024-01-24 15:03:17,719] Trial 29 finished with value: 0.9210526315789473 and parameters: {'min_samples_leaf': 9, 'max_depth': 5, 'min_samples_split': 4}. Best is trial 6 with value: 1.0.
[I 2024-01-24 15:03:17,856] Trial 30 finished with value: 0.9210526315789473 and parameters: {'min_samples_leaf': 9, 'max_depth': 12, 'min_samples_split': 7}. Best is trial 6 with value: 1.0.
[I 2024-01-24 15:03:18,002] Trial 31 finished with value: 0.9210526315789473 and parameters: {'min_samples_leaf': 4, 'max_depth': 19, 'min_samples_split': 4}. Best is trial 6 with value: 1.0.
[I 2024-01-24 15:03:18,146] Trial 32 finished with value: 0.9210526315789473 and parameters: {'min_samples_leaf': 3, 'max_depth': 18, 'min_samples_split': 4}. Best is trial 6 with value: 1.0.
[I 2024-01-24 15:03:18,285] Trial 33 finished with value: 0.9210526315789473 and parameters: {'min_samples_leaf': 2, 'max_depth': 17, 'min_samples_split': 3}. Best is trial 6 with value: 1.0.
[I 2024-01-24 15:03:18,418] Trial 34 finished with value: 0.9736842105263158 and parameters: {'min_samples_leaf': 3, 'max_depth': 14, 'min_samples_split': 6}. Best is trial 6 with value: 1.0.
[I 2024-01-24 15:03:18,552] Trial 35 finished with value: 0.9210526315789473 and parameters: {'min_samples_leaf': 2, 'max_depth': 18, 'min_samples_split': 6}. Best is trial 6 with value: 1.0.
[I 2024-01-24 15:03:18,685] Trial 36 finished with value: 0.9473684210526315 and parameters: {'min_samples_leaf': 4, 'max_depth': 16, 'min_samples_split': 5}. Best is trial 6 with value: 1.0.
[I 2024-01-24 15:03:18,831] Trial 37 finished with value: 1.0 and parameters: {'min_samples_leaf': 5, 'max_depth': 5, 'min_samples_split': 4}. Best is trial 6 with value: 1.0.
[I 2024-01-24 15:03:18,963] Trial 38 finished with value: 0.9473684210526315 and parameters: {'min_samples_leaf': 5, 'max_depth': 6, 'min_samples_split': 3}. Best is trial 6 with value: 1.0.
[I 2024-01-24 15:03:19,096] Trial 39 finished with value: 0.868421052631579 and parameters: {'min_samples_leaf': 8, 'max_depth': 5, 'min_samples_split': 5}. Best is trial 6 with value: 1.0.
[I 2024-01-24 15:03:19,230] Trial 40 finished with value: 0.9473684210526315 and parameters: {'min_samples_leaf': 6, 'max_depth': 6, 'min_samples_split': 2}. Best is trial 6 with value: 1.0.
[I 2024-01-24 15:03:19,370] Trial 41 finished with value: 0.9736842105263158 and parameters: {'min_samples_leaf': 5, 'max_depth': 8, 'min_samples_split': 4}. Best is trial 6 with value: 1.0.
[I 2024-01-24 15:03:19,505] Trial 42 finished with value: 0.9210526315789473 and parameters: {'min_samples_leaf': 4, 'max_depth': 7, 'min_samples_split': 4}. Best is trial 6 with value: 1.0.
[I 2024-01-24 15:03:19,638] Trial 43 finished with value: 0.9210526315789473 and parameters: {'min_samples_leaf': 6, 'max_depth': 9, 'min_samples_split': 4}. Best is trial 6 with value: 1.0.
[I 2024-01-24 15:03:19,774] Trial 44 finished with value: 1.0 and parameters: {'min_samples_leaf': 3, 'max_depth': 5, 'min_samples_split': 3}. Best is trial 6 with value: 1.0.
[I 2024-01-24 15:03:19,908] Trial 45 finished with value: 0.8947368421052632 and parameters: {'min_samples_leaf': 3, 'max_depth': 5, 'min_samples_split': 3}. Best is trial 6 with value: 1.0.
[I 2024-01-24 15:03:20,049] Trial 46 finished with value: 1.0 and parameters: {'min_samples_leaf': 2, 'max_depth': 6, 'min_samples_split': 2}. Best is trial 6 with value: 1.0.
[I 2024-01-24 15:03:20,189] Trial 47 finished with value: 0.9210526315789473 and parameters: {'min_samples_leaf': 2, 'max_depth': 6, 'min_samples_split': 2}. Best is trial 6 with value: 1.0.
[I 2024-01-24 15:03:20,328] Trial 48 finished with value: 0.9473684210526315 and parameters: {'min_samples_leaf': 2, 'max_depth': 5, 'min_samples_split': 2}. Best is trial 6 with value: 1.0.
[I 2024-01-24 15:03:20,470] Trial 49 finished with value: 0.9736842105263158 and parameters: {'min_samples_leaf': 3, 'max_depth': 7, 'min_samples_split': 3}. Best is trial 6 with value: 1.0.
[I 2024-01-24 15:03:20,611] Trial 50 finished with value: 0.9473684210526315 and parameters: {'min_samples_leaf': 10, 'max_depth': 6, 'min_samples_split': 2}. Best is trial 6 with value: 1.0.
[I 2024-01-24 15:03:20,747] Trial 51 finished with value: 0.9473684210526315 and parameters: {'min_samples_leaf': 2, 'max_depth': 7, 'min_samples_split': 3}. Best is trial 6 with value: 1.0.
[I 2024-01-24 15:03:20,884] Trial 52 finished with value: 0.9473684210526315 and parameters: {'min_samples_leaf': 3, 'max_depth': 5, 'min_samples_split': 3}. Best is trial 6 with value: 1.0.
[I 2024-01-24 15:03:21,022] Trial 53 finished with value: 0.9736842105263158 and parameters: {'min_samples_leaf': 2, 'max_depth': 9, 'min_samples_split': 10}. Best is trial 6 with value: 1.0.
[I 2024-01-24 15:03:21,159] Trial 54 finished with value: 0.9736842105263158 and parameters: {'min_samples_leaf': 7, 'max_depth': 8, 'min_samples_split': 2}. Best is trial 6 with value: 1.0.
[I 2024-01-24 15:03:21,296] Trial 55 finished with value: 0.9736842105263158 and parameters: {'min_samples_leaf': 3, 'max_depth': 6, 'min_samples_split': 3}. Best is trial 6 with value: 1.0.
[I 2024-01-24 15:03:21,431] Trial 56 finished with value: 0.9210526315789473 and parameters: {'min_samples_leaf': 2, 'max_depth': 11, 'min_samples_split': 9}. Best is trial 6 with value: 1.0.
[I 2024-01-24 15:03:21,566] Trial 57 finished with value: 0.9736842105263158 and parameters: {'min_samples_leaf': 2, 'max_depth': 5, 'min_samples_split': 5}. Best is trial 6 with value: 1.0.
[I 2024-01-24 15:03:21,702] Trial 58 finished with value: 0.9736842105263158 and parameters: {'min_samples_leaf': 3, 'max_depth': 13, 'min_samples_split': 4}. Best is trial 6 with value: 1.0.
[I 2024-01-24 15:03:21,838] Trial 59 finished with value: 0.9210526315789473 and parameters: {'min_samples_leaf': 5, 'max_depth': 14, 'min_samples_split': 4}. Best is trial 6 with value: 1.0.
[I 2024-01-24 15:03:21,977] Trial 60 finished with value: 0.9736842105263158 and parameters: {'min_samples_leaf': 8, 'max_depth': 6, 'min_samples_split': 2}. Best is trial 6 with value: 1.0.
[I 2024-01-24 15:03:22,115] Trial 61 finished with value: 0.9473684210526315 and parameters: {'min_samples_leaf': 4, 'max_depth': 19, 'min_samples_split': 3}. Best is trial 6 with value: 1.0.
[I 2024-01-24 15:03:22,255] Trial 62 finished with value: 0.8947368421052632 and parameters: {'min_samples_leaf': 4, 'max_depth': 16, 'min_samples_split': 4}. Best is trial 6 with value: 1.0.
[I 2024-01-24 15:03:22,432] Trial 63 finished with value: 0.9473684210526315 and parameters: {'min_samples_leaf': 3, 'max_depth': 10, 'min_samples_split': 3}. Best is trial 6 with value: 1.0.
[I 2024-01-24 15:03:22,581] Trial 64 finished with value: 0.8947368421052632 and parameters: {'min_samples_leaf': 2, 'max_depth': 7, 'min_samples_split': 5}. Best is trial 6 with value: 1.0.
[I 2024-01-24 15:03:22,729] Trial 65 finished with value: 0.9473684210526315 and parameters: {'min_samples_leaf': 4, 'max_depth': 5, 'min_samples_split': 4}. Best is trial 6 with value: 1.0.
[I 2024-01-24 15:03:22,870] Trial 66 finished with value: 0.8947368421052632 and parameters: {'min_samples_leaf': 5, 'max_depth': 12, 'min_samples_split': 3}. Best is trial 6 with value: 1.0.
[I 2024-01-24 15:03:23,010] Trial 67 finished with value: 1.0 and parameters: {'min_samples_leaf': 3, 'max_depth': 19, 'min_samples_split': 5}. Best is trial 6 with value: 1.0.
[I 2024-01-24 15:03:23,144] Trial 68 finished with value: 0.9210526315789473 and parameters: {'min_samples_leaf': 2, 'max_depth': 10, 'min_samples_split': 5}. Best is trial 6 with value: 1.0.
[I 2024-01-24 15:03:23,286] Trial 69 finished with value: 0.868421052631579 and parameters: {'min_samples_leaf': 3, 'max_depth': 6, 'min_samples_split': 6}. Best is trial 6 with value: 1.0.
[I 2024-01-24 15:03:23,433] Trial 70 finished with value: 0.868421052631579 and parameters: {'min_samples_leaf': 2, 'max_depth': 7, 'min_samples_split': 5}. Best is trial 6 with value: 1.0.
[I 2024-01-24 15:03:23,570] Trial 71 finished with value: 0.9736842105263158 and parameters: {'min_samples_leaf': 4, 'max_depth': 19, 'min_samples_split': 4}. Best is trial 6 with value: 1.0.
[I 2024-01-24 15:03:23,712] Trial 72 finished with value: 0.9473684210526315 and parameters: {'min_samples_leaf': 3, 'max_depth': 18, 'min_samples_split': 4}. Best is trial 6 with value: 1.0.
[I 2024-01-24 15:03:23,846] Trial 73 finished with value: 0.9736842105263158 and parameters: {'min_samples_leaf': 3, 'max_depth': 20, 'min_samples_split': 4}. Best is trial 6 with value: 1.0.
[I 2024-01-24 15:03:23,992] Trial 74 finished with value: 0.9736842105263158 and parameters: {'min_samples_leaf': 6, 'max_depth': 17, 'min_samples_split': 5}. Best is trial 6 with value: 1.0.
[I 2024-01-24 15:03:24,135] Trial 75 finished with value: 0.9473684210526315 and parameters: {'min_samples_leaf': 4, 'max_depth': 19, 'min_samples_split': 6}. Best is trial 6 with value: 1.0.
[I 2024-01-24 15:03:24,279] Trial 76 finished with value: 0.9736842105263158 and parameters: {'min_samples_leaf': 10, 'max_depth': 15, 'min_samples_split': 3}. Best is trial 6 with value: 1.0.
[I 2024-01-24 15:03:24,429] Trial 77 finished with value: 0.8947368421052632 and parameters: {'min_samples_leaf': 2, 'max_depth': 20, 'min_samples_split': 5}. Best is trial 6 with value: 1.0.
[I 2024-01-24 15:03:24,566] Trial 78 finished with value: 0.8947368421052632 and parameters: {'min_samples_leaf': 9, 'max_depth': 17, 'min_samples_split': 3}. Best is trial 6 with value: 1.0.
[I 2024-01-24 15:03:24,709] Trial 79 finished with value: 0.9736842105263158 and parameters: {'min_samples_leaf': 3, 'max_depth': 18, 'min_samples_split': 4}. Best is trial 6 with value: 1.0.
[I 2024-01-24 15:03:24,855] Trial 80 finished with value: 0.9736842105263158 and parameters: {'min_samples_leaf': 2, 'max_depth': 16, 'min_samples_split': 3}. Best is trial 6 with value: 1.0.
[I 2024-01-24 15:03:24,998] Trial 81 finished with value: 0.9210526315789473 and parameters: {'min_samples_leaf': 5, 'max_depth': 13, 'min_samples_split': 4}. Best is trial 6 with value: 1.0.
[I 2024-01-24 15:03:25,155] Trial 82 finished with value: 0.9210526315789473 and parameters: {'min_samples_leaf': 5, 'max_depth': 13, 'min_samples_split': 4}. Best is trial 6 with value: 1.0.
[I 2024-01-24 15:03:25,328] Trial 83 finished with value: 1.0 and parameters: {'min_samples_leaf': 6, 'max_depth': 14, 'min_samples_split': 4}. Best is trial 6 with value: 1.0.
[I 2024-01-24 15:03:25,475] Trial 84 finished with value: 0.9473684210526315 and parameters: {'min_samples_leaf': 6, 'max_depth': 14, 'min_samples_split': 4}. Best is trial 6 with value: 1.0.
[I 2024-01-24 15:03:25,612] Trial 85 finished with value: 1.0 and parameters: {'min_samples_leaf': 6, 'max_depth': 5, 'min_samples_split': 5}. Best is trial 6 with value: 1.0.
[I 2024-01-24 15:03:25,765] Trial 86 finished with value: 1.0 and parameters: {'min_samples_leaf': 7, 'max_depth': 5, 'min_samples_split': 6}. Best is trial 6 with value: 1.0.
[I 2024-01-24 15:03:25,902] Trial 87 finished with value: 0.9473684210526315 and parameters: {'min_samples_leaf': 7, 'max_depth': 5, 'min_samples_split': 7}. Best is trial 6 with value: 1.0.
[I 2024-01-24 15:03:26,040] Trial 88 finished with value: 0.8947368421052632 and parameters: {'min_samples_leaf': 6, 'max_depth': 5, 'min_samples_split': 6}. Best is trial 6 with value: 1.0.
[I 2024-01-24 15:03:26,184] Trial 89 finished with value: 0.9210526315789473 and parameters: {'min_samples_leaf': 6, 'max_depth': 6, 'min_samples_split': 7}. Best is trial 6 with value: 1.0.
[I 2024-01-24 15:03:26,334] Trial 90 finished with value: 0.9473684210526315 and parameters: {'min_samples_leaf': 7, 'max_depth': 5, 'min_samples_split': 6}. Best is trial 6 with value: 1.0.
[I 2024-01-24 15:03:26,486] Trial 91 finished with value: 1.0 and parameters: {'min_samples_leaf': 6, 'max_depth': 5, 'min_samples_split': 5}. Best is trial 6 with value: 1.0.
[I 2024-01-24 15:03:26,627] Trial 92 finished with value: 1.0 and parameters: {'min_samples_leaf': 7, 'max_depth': 5, 'min_samples_split': 5}. Best is trial 6 with value: 1.0.
[I 2024-01-24 15:03:26,764] Trial 93 finished with value: 0.9210526315789473 and parameters: {'min_samples_leaf': 6, 'max_depth': 6, 'min_samples_split': 5}. Best is trial 6 with value: 1.0.
[I 2024-01-24 15:03:26,898] Trial 94 finished with value: 0.9736842105263158 and parameters: {'min_samples_leaf': 7, 'max_depth': 5, 'min_samples_split': 5}. Best is trial 6 with value: 1.0.
[I 2024-01-24 15:03:27,034] Trial 95 finished with value: 0.9736842105263158 and parameters: {'min_samples_leaf': 8, 'max_depth': 6, 'min_samples_split': 5}. Best is trial 6 with value: 1.0.
[I 2024-01-24 15:03:27,172] Trial 96 finished with value: 0.9473684210526315 and parameters: {'min_samples_leaf': 6, 'max_depth': 5, 'min_samples_split': 6}. Best is trial 6 with value: 1.0.
[I 2024-01-24 15:03:27,307] Trial 97 finished with value: 0.9473684210526315 and parameters: {'min_samples_leaf': 6, 'max_depth': 6, 'min_samples_split': 6}. Best is trial 6 with value: 1.0.
[I 2024-01-24 15:03:27,442] Trial 98 finished with value: 0.9736842105263158 and parameters: {'min_samples_leaf': 5, 'max_depth': 7, 'min_samples_split': 8}. Best is trial 6 with value: 1.0.
[I 2024-01-24 15:03:27,580] Trial 99 finished with value: 0.9736842105263158 and parameters: {'min_samples_leaf': 7, 'max_depth': 5, 'min_samples_split': 2}. Best is trial 6 with value: 1.0.
Number of finished trials:  100
Best trial:
  Value:  1.0
  Params:
    min_samples_leaf: 10
    max_depth: 5
    min_samples_split: 4