[I 2024-01-24 15:02:56,449] A new study created in memory with name: no-name-5274f305-d180-46c6-af7a-6e50cc7ab550
[I 2024-01-24 15:02:56,580] Trial 0 finished with value: 0.9473684210526315 and parameters: {'min_samples_leaf': 3, 'max_depth': 8, 'min_samples_split': 9}. Best is trial 0 with value: 0.9473684210526315.
[I 2024-01-24 15:02:56,699] Trial 1 finished with value: 0.9736842105263158 and parameters: {'min_samples_leaf': 5, 'max_depth': 15, 'min_samples_split': 7}. Best is trial 1 with value: 0.9736842105263158.
[I 2024-01-24 15:02:56,822] Trial 2 finished with value: 0.9473684210526315 and parameters: {'min_samples_leaf': 10, 'max_depth': 14, 'min_samples_split': 10}. Best is trial 1 with value: 0.9736842105263158.
[I 2024-01-24 15:02:56,941] Trial 3 finished with value: 0.8947368421052632 and parameters: {'min_samples_leaf': 10, 'max_depth': 7, 'min_samples_split': 3}. Best is trial 1 with value: 0.9736842105263158.
[I 2024-01-24 15:02:57,057] Trial 4 finished with value: 0.9736842105263158 and parameters: {'min_samples_leaf': 10, 'max_depth': 7, 'min_samples_split': 8}. Best is trial 1 with value: 0.9736842105263158.
[I 2024-01-24 15:02:57,173] Trial 5 finished with value: 0.9473684210526315 and parameters: {'min_samples_leaf': 2, 'max_depth': 17, 'min_samples_split': 7}. Best is trial 1 with value: 0.9736842105263158.
[I 2024-01-24 15:02:57,300] Trial 6 finished with value: 0.9210526315789473 and parameters: {'min_samples_leaf': 10, 'max_depth': 7, 'min_samples_split': 6}. Best is trial 1 with value: 0.9736842105263158.
[I 2024-01-24 15:02:57,417] Trial 7 finished with value: 1.0 and parameters: {'min_samples_leaf': 3, 'max_depth': 5, 'min_samples_split': 9}. Best is trial 7 with value: 1.0.
[I 2024-01-24 15:02:57,534] Trial 8 finished with value: 0.868421052631579 and parameters: {'min_samples_leaf': 6, 'max_depth': 17, 'min_samples_split': 6}. Best is trial 7 with value: 1.0.
[I 2024-01-24 15:02:57,662] Trial 9 finished with value: 0.9736842105263158 and parameters: {'min_samples_leaf': 9, 'max_depth': 19, 'min_samples_split': 9}. Best is trial 7 with value: 1.0.
[I 2024-01-24 15:02:57,792] Trial 10 finished with value: 0.8947368421052632 and parameters: {'min_samples_leaf': 4, 'max_depth': 11, 'min_samples_split': 4}. Best is trial 7 with value: 1.0.
[I 2024-01-24 15:02:57,926] Trial 11 finished with value: 0.9210526315789473 and parameters: {'min_samples_leaf': 5, 'max_depth': 12, 'min_samples_split': 5}. Best is trial 7 with value: 1.0.
[I 2024-01-24 15:02:58,060] Trial 12 finished with value: 0.9473684210526315 and parameters: {'min_samples_leaf': 7, 'max_depth': 15, 'min_samples_split': 8}. Best is trial 7 with value: 1.0.
