[I 2024-01-24 14:25:01,348] A new study created in memory with name: no-name-e229a25c-df55-4372-8274-f30e9f412bb2
[I 2024-01-24 14:25:01,510] Trial 0 finished with value: 0.9210526315789473 and parameters: {'min_samples_leaf': 9, 'max_depth': 19, 'min_samples_split': 3}. Best is trial 0 with value: 0.9210526315789473.
[I 2024-01-24 14:25:01,632] Trial 1 finished with value: 0.9736842105263158 and parameters: {'min_samples_leaf': 7, 'max_depth': 17, 'min_samples_split': 4}. Best is trial 1 with value: 0.9736842105263158.
[I 2024-01-24 14:25:01,762] Trial 2 finished with value: 1.0 and parameters: {'min_samples_leaf': 4, 'max_depth': 6, 'min_samples_split': 8}. Best is trial 2 with value: 1.0.
[I 2024-01-24 14:25:01,888] Trial 3 finished with value: 0.9473684210526315 and parameters: {'min_samples_leaf': 4, 'max_depth': 10, 'min_samples_split': 7}. Best is trial 2 with value: 1.0.
[I 2024-01-24 14:25:02,009] Trial 4 finished with value: 1.0 and parameters: {'min_samples_leaf': 5, 'max_depth': 15, 'min_samples_split': 10}. Best is trial 2 with value: 1.0.
[I 2024-01-24 14:25:02,125] Trial 5 finished with value: 0.9210526315789473 and parameters: {'min_samples_leaf': 10, 'max_depth': 8, 'min_samples_split': 3}. Best is trial 2 with value: 1.0.
[I 2024-01-24 14:25:02,252] Trial 6 finished with value: 0.868421052631579 and parameters: {'min_samples_leaf': 8, 'max_depth': 16, 'min_samples_split': 9}. Best is trial 2 with value: 1.0.
[I 2024-01-24 14:25:02,375] Trial 7 finished with value: 0.9210526315789473 and parameters: {'min_samples_leaf': 10, 'max_depth': 11, 'min_samples_split': 3}. Best is trial 2 with value: 1.0.
[I 2024-01-24 14:25:02,495] Trial 8 finished with value: 0.9473684210526315 and parameters: {'min_samples_leaf': 9, 'max_depth': 19, 'min_samples_split': 10}. Best is trial 2 with value: 1.0.
[I 2024-01-24 14:25:02,628] Trial 9 finished with value: 0.9473684210526315 and parameters: {'min_samples_leaf': 4, 'max_depth': 8, 'min_samples_split': 4}. Best is trial 2 with value: 1.0.
[I 2024-01-24 14:25:02,761] Trial 10 finished with value: 0.9473684210526315 and parameters: {'min_samples_leaf': 2, 'max_depth': 5, 'min_samples_split': 7}. Best is trial 2 with value: 1.0.
[I 2024-01-24 14:25:02,888] Trial 11 finished with value: 1.0 and parameters: {'min_samples_leaf': 5, 'max_depth': 15, 'min_samples_split': 9}. Best is trial 2 with value: 1.0.
[I 2024-01-24 14:25:03,021] Trial 12 finished with value: 0.9473684210526315 and parameters: {'min_samples_leaf': 2, 'max_depth': 14, 'min_samples_split': 8}. Best is trial 2 with value: 1.0.
[I 2024-01-24 14:25:03,154] Trial 13 finished with value: 0.9473684210526315 and parameters: {'min_samples_leaf': 6, 'max_depth': 5, 'min_samples_split': 10}. Best is trial 2 with value: 1.0.
[I 2024-01-24 14:25:03,298] Trial 14 finished with value: 0.9473684210526315 and parameters: {'min_samples_leaf': 4, 'max_depth': 13, 'min_samples_split': 8}. Best is trial 2 with value: 1.0.
[I 2024-01-24 14:25:03,427] Trial 15 finished with value: 0.9473684210526315 and parameters: {'min_samples_leaf': 6, 'max_depth': 12, 'min_samples_split': 6}. Best is trial 2 with value: 1.0.
[I 2024-01-24 14:25:03,559] Trial 16 finished with value: 0.9736842105263158 and parameters: {'min_samples_leaf': 3, 'max_depth': 8, 'min_samples_split': 9}. Best is trial 2 with value: 1.0.
[I 2024-01-24 14:25:03,691] Trial 17 finished with value: 0.9736842105263158 and parameters: {'min_samples_leaf': 5, 'max_depth': 17, 'min_samples_split': 6}. Best is trial 2 with value: 1.0.
[I 2024-01-24 14:25:03,829] Trial 18 finished with value: 0.9473684210526315 and parameters: {'min_samples_leaf': 5, 'max_depth': 9, 'min_samples_split': 10}. Best is trial 2 with value: 1.0.
[I 2024-01-24 14:25:03,959] Trial 19 finished with value: 0.8947368421052632 and parameters: {'min_samples_leaf': 3, 'max_depth': 6, 'min_samples_split': 8}. Best is trial 2 with value: 1.0.
[I 2024-01-24 14:25:04,088] Trial 20 finished with value: 0.9473684210526315 and parameters: {'min_samples_leaf': 7, 'max_depth': 13, 'min_samples_split': 5}. Best is trial 2 with value: 1.0.
[I 2024-01-24 14:25:04,218] Trial 21 finished with value: 0.9736842105263158 and parameters: {'min_samples_leaf': 5, 'max_depth': 15, 'min_samples_split': 9}. Best is trial 2 with value: 1.0.
[I 2024-01-24 14:25:04,351] Trial 22 finished with value: 1.0 and parameters: {'min_samples_leaf': 5, 'max_depth': 15, 'min_samples_split': 9}. Best is trial 2 with value: 1.0.
[I 2024-01-24 14:25:04,489] Trial 23 finished with value: 0.9736842105263158 and parameters: {'min_samples_leaf': 6, 'max_depth': 17, 'min_samples_split': 7}. Best is trial 2 with value: 1.0.
[I 2024-01-24 14:25:04,619] Trial 24 finished with value: 0.9736842105263158 and parameters: {'min_samples_leaf': 3, 'max_depth': 12, 'min_samples_split': 10}. Best is trial 2 with value: 1.0.
[I 2024-01-24 14:25:04,747] Trial 25 finished with value: 0.9736842105263158 and parameters: {'min_samples_leaf': 4, 'max_depth': 15, 'min_samples_split': 8}. Best is trial 2 with value: 1.0.
[I 2024-01-24 14:25:04,876] Trial 26 finished with value: 0.8421052631578947 and parameters: {'min_samples_leaf': 7, 'max_depth': 20, 'min_samples_split': 9}. Best is trial 2 with value: 1.0.
[I 2024-01-24 14:25:05,018] Trial 27 finished with value: 0.9473684210526315 and parameters: {'min_samples_leaf': 5, 'max_depth': 14, 'min_samples_split': 10}. Best is trial 2 with value: 1.0.
[I 2024-01-24 14:25:05,156] Trial 28 finished with value: 0.9473684210526315 and parameters: {'min_samples_leaf': 6, 'max_depth': 11, 'min_samples_split': 7}. Best is trial 2 with value: 1.0.
[I 2024-01-24 14:25:05,310] Trial 29 finished with value: 0.9473684210526315 and parameters: {'min_samples_leaf': 3, 'max_depth': 18, 'min_samples_split': 8}. Best is trial 2 with value: 1.0.
[I 2024-01-24 14:25:05,447] Trial 30 finished with value: 0.8947368421052632 and parameters: {'min_samples_leaf': 4, 'max_depth': 14, 'min_samples_split': 2}. Best is trial 2 with value: 1.0.
[I 2024-01-24 14:25:05,587] Trial 31 finished with value: 1.0 and parameters: {'min_samples_leaf': 5, 'max_depth': 16, 'min_samples_split': 9}. Best is trial 2 with value: 1.0.
[I 2024-01-24 14:25:05,731] Trial 32 finished with value: 0.8947368421052632 and parameters: {'min_samples_leaf': 5, 'max_depth': 15, 'min_samples_split': 9}. Best is trial 2 with value: 1.0.
[I 2024-01-24 14:25:05,888] Trial 33 finished with value: 0.9736842105263158 and parameters: {'min_samples_leaf': 7, 'max_depth': 16, 'min_samples_split': 10}. Best is trial 2 with value: 1.0.
[I 2024-01-24 14:25:06,030] Trial 34 finished with value: 0.9473684210526315 and parameters: {'min_samples_leaf': 4, 'max_depth': 18, 'min_samples_split': 9}. Best is trial 2 with value: 1.0.
[I 2024-01-24 14:25:06,168] Trial 35 finished with value: 1.0 and parameters: {'min_samples_leaf': 6, 'max_depth': 10, 'min_samples_split': 8}. Best is trial 2 with value: 1.0.
[I 2024-01-24 14:25:06,314] Trial 36 finished with value: 0.9473684210526315 and parameters: {'min_samples_leaf': 8, 'max_depth': 16, 'min_samples_split': 9}. Best is trial 2 with value: 1.0.
[I 2024-01-24 14:25:06,472] Trial 37 finished with value: 0.9736842105263158 and parameters: {'min_samples_leaf': 5, 'max_depth': 13, 'min_samples_split': 10}. Best is trial 2 with value: 1.0.
[I 2024-01-24 14:25:06,618] Trial 38 finished with value: 0.9736842105263158 and parameters: {'min_samples_leaf': 4, 'max_depth': 18, 'min_samples_split': 5}. Best is trial 2 with value: 1.0.
[I 2024-01-24 14:25:06,769] Trial 39 finished with value: 0.9736842105263158 and parameters: {'min_samples_leaf': 7, 'max_depth': 6, 'min_samples_split': 7}. Best is trial 2 with value: 1.0.
[I 2024-01-24 14:25:06,912] Trial 40 finished with value: 0.9473684210526315 and parameters: {'min_samples_leaf': 3, 'max_depth': 14, 'min_samples_split': 8}. Best is trial 2 with value: 1.0.
[I 2024-01-24 14:25:07,060] Trial 41 finished with value: 0.9473684210526315 and parameters: {'min_samples_leaf': 5, 'max_depth': 17, 'min_samples_split': 9}. Best is trial 2 with value: 1.0.
[I 2024-01-24 14:25:07,199] Trial 42 finished with value: 0.9473684210526315 and parameters: {'min_samples_leaf': 5, 'max_depth': 15, 'min_samples_split': 9}. Best is trial 2 with value: 1.0.
[I 2024-01-24 14:25:07,337] Trial 43 finished with value: 0.8947368421052632 and parameters: {'min_samples_leaf': 6, 'max_depth': 16, 'min_samples_split': 10}. Best is trial 2 with value: 1.0.
[I 2024-01-24 14:25:07,472] Trial 44 finished with value: 0.9210526315789473 and parameters: {'min_samples_leaf': 4, 'max_depth': 16, 'min_samples_split': 9}. Best is trial 2 with value: 1.0.
[I 2024-01-24 14:25:07,611] Trial 45 finished with value: 0.9210526315789473 and parameters: {'min_samples_leaf': 5, 'max_depth': 19, 'min_samples_split': 10}. Best is trial 2 with value: 1.0.
[I 2024-01-24 14:25:07,757] Trial 46 finished with value: 0.9473684210526315 and parameters: {'min_samples_leaf': 4, 'max_depth': 14, 'min_samples_split': 8}. Best is trial 2 with value: 1.0.
[I 2024-01-24 14:25:07,917] Trial 47 finished with value: 0.9736842105263158 and parameters: {'min_samples_leaf': 6, 'max_depth': 12, 'min_samples_split': 9}. Best is trial 2 with value: 1.0.
[I 2024-01-24 14:25:08,060] Trial 48 finished with value: 0.9736842105263158 and parameters: {'min_samples_leaf': 2, 'max_depth': 15, 'min_samples_split': 10}. Best is trial 2 with value: 1.0.
[I 2024-01-24 14:25:08,200] Trial 49 finished with value: 1.0 and parameters: {'min_samples_leaf': 8, 'max_depth': 17, 'min_samples_split': 8}. Best is trial 2 with value: 1.0.
[I 2024-01-24 14:25:08,335] Trial 50 finished with value: 0.9736842105263158 and parameters: {'min_samples_leaf': 4, 'max_depth': 7, 'min_samples_split': 9}. Best is trial 2 with value: 1.0.
[I 2024-01-24 14:25:08,468] Trial 51 finished with value: 1.0 and parameters: {'min_samples_leaf': 6, 'max_depth': 10, 'min_samples_split': 8}. Best is trial 2 with value: 1.0.
[I 2024-01-24 14:25:08,601] Trial 52 finished with value: 0.9736842105263158 and parameters: {'min_samples_leaf': 5, 'max_depth': 9, 'min_samples_split': 7}. Best is trial 2 with value: 1.0.
[I 2024-01-24 14:25:08,732] Trial 53 finished with value: 0.8947368421052632 and parameters: {'min_samples_leaf': 6, 'max_depth': 11, 'min_samples_split': 8}. Best is trial 2 with value: 1.0.
[I 2024-01-24 14:25:08,868] Trial 54 finished with value: 0.9736842105263158 and parameters: {'min_samples_leaf': 5, 'max_depth': 6, 'min_samples_split': 7}. Best is trial 2 with value: 1.0.
[I 2024-01-24 14:25:09,007] Trial 55 finished with value: 0.9473684210526315 and parameters: {'min_samples_leaf': 6, 'max_depth': 13, 'min_samples_split': 10}. Best is trial 2 with value: 1.0.
[I 2024-01-24 14:25:09,140] Trial 56 finished with value: 0.9736842105263158 and parameters: {'min_samples_leaf': 5, 'max_depth': 10, 'min_samples_split': 9}. Best is trial 2 with value: 1.0.
[I 2024-01-24 14:25:09,276] Trial 57 finished with value: 0.9473684210526315 and parameters: {'min_samples_leaf': 6, 'max_depth': 7, 'min_samples_split': 8}. Best is trial 2 with value: 1.0.
[I 2024-01-24 14:25:09,466] Trial 58 finished with value: 0.9473684210526315 and parameters: {'min_samples_leaf': 4, 'max_depth': 9, 'min_samples_split': 6}. Best is trial 2 with value: 1.0.
[I 2024-01-24 14:25:09,615] Trial 59 finished with value: 0.9473684210526315 and parameters: {'min_samples_leaf': 10, 'max_depth': 11, 'min_samples_split': 9}. Best is trial 2 with value: 1.0.
[I 2024-01-24 14:25:09,770] Trial 60 finished with value: 0.9210526315789473 and parameters: {'min_samples_leaf': 5, 'max_depth': 5, 'min_samples_split': 9}. Best is trial 2 with value: 1.0.
[I 2024-01-24 14:25:09,914] Trial 61 finished with value: 0.9210526315789473 and parameters: {'min_samples_leaf': 9, 'max_depth': 17, 'min_samples_split': 8}. Best is trial 2 with value: 1.0.
[I 2024-01-24 14:25:10,056] Trial 62 finished with value: 0.9473684210526315 and parameters: {'min_samples_leaf': 9, 'max_depth': 17, 'min_samples_split': 7}. Best is trial 2 with value: 1.0.
[I 2024-01-24 14:25:10,197] Trial 63 finished with value: 0.9473684210526315 and parameters: {'min_samples_leaf': 8, 'max_depth': 16, 'min_samples_split': 8}. Best is trial 2 with value: 1.0.
[I 2024-01-24 14:25:10,339] Trial 64 finished with value: 0.8947368421052632 and parameters: {'min_samples_leaf': 8, 'max_depth': 15, 'min_samples_split': 8}. Best is trial 2 with value: 1.0.
[I 2024-01-24 14:25:10,476] Trial 65 finished with value: 0.8947368421052632 and parameters: {'min_samples_leaf': 7, 'max_depth': 18, 'min_samples_split': 10}. Best is trial 2 with value: 1.0.
[I 2024-01-24 14:25:10,614] Trial 66 finished with value: 0.8947368421052632 and parameters: {'min_samples_leaf': 6, 'max_depth': 14, 'min_samples_split': 9}. Best is trial 2 with value: 1.0.
[I 2024-01-24 14:25:10,753] Trial 67 finished with value: 0.8947368421052632 and parameters: {'min_samples_leaf': 4, 'max_depth': 16, 'min_samples_split': 8}. Best is trial 2 with value: 1.0.
[I 2024-01-24 14:25:10,898] Trial 68 finished with value: 0.9736842105263158 and parameters: {'min_samples_leaf': 5, 'max_depth': 19, 'min_samples_split': 5}. Best is trial 2 with value: 1.0.
[I 2024-01-24 14:25:11,046] Trial 69 finished with value: 0.9210526315789473 and parameters: {'min_samples_leaf': 5, 'max_depth': 15, 'min_samples_split': 9}. Best is trial 2 with value: 1.0.
[I 2024-01-24 14:25:11,186] Trial 70 finished with value: 1.0 and parameters: {'min_samples_leaf': 7, 'max_depth': 17, 'min_samples_split': 4}. Best is trial 2 with value: 1.0.
[I 2024-01-24 14:25:11,346] Trial 71 finished with value: 0.9210526315789473 and parameters: {'min_samples_leaf': 6, 'max_depth': 10, 'min_samples_split': 8}. Best is trial 2 with value: 1.0.
[I 2024-01-24 14:25:11,555] Trial 72 finished with value: 1.0 and parameters: {'min_samples_leaf': 6, 'max_depth': 8, 'min_samples_split': 8}. Best is trial 2 with value: 1.0.
[I 2024-01-24 14:25:11,697] Trial 73 finished with value: 0.9473684210526315 and parameters: {'min_samples_leaf': 6, 'max_depth': 10, 'min_samples_split': 7}. Best is trial 2 with value: 1.0.
[I 2024-01-24 14:25:11,838] Trial 74 finished with value: 0.9736842105263158 and parameters: {'min_samples_leaf': 7, 'max_depth': 12, 'min_samples_split': 8}. Best is trial 2 with value: 1.0.
[I 2024-01-24 14:25:11,973] Trial 75 finished with value: 0.9210526315789473 and parameters: {'min_samples_leaf': 5, 'max_depth': 20, 'min_samples_split': 10}. Best is trial 2 with value: 1.0.
[I 2024-01-24 14:25:12,116] Trial 76 finished with value: 0.9736842105263158 and parameters: {'min_samples_leaf': 4, 'max_depth': 13, 'min_samples_split': 2}. Best is trial 2 with value: 1.0.
[I 2024-01-24 14:25:12,255] Trial 77 finished with value: 0.9210526315789473 and parameters: {'min_samples_leaf': 6, 'max_depth': 7, 'min_samples_split': 7}. Best is trial 2 with value: 1.0.
[I 2024-01-24 14:25:12,415] Trial 78 finished with value: 0.9210526315789473 and parameters: {'min_samples_leaf': 5, 'max_depth': 14, 'min_samples_split': 9}. Best is trial 2 with value: 1.0.
[I 2024-01-24 14:25:12,560] Trial 79 finished with value: 1.0 and parameters: {'min_samples_leaf': 4, 'max_depth': 16, 'min_samples_split': 9}. Best is trial 2 with value: 1.0.
[I 2024-01-24 14:25:12,698] Trial 80 finished with value: 0.9473684210526315 and parameters: {'min_samples_leaf': 3, 'max_depth': 9, 'min_samples_split': 8}. Best is trial 2 with value: 1.0.
[I 2024-01-24 14:25:12,833] Trial 81 finished with value: 0.9473684210526315 and parameters: {'min_samples_leaf': 8, 'max_depth': 18, 'min_samples_split': 4}. Best is trial 2 with value: 1.0.
[I 2024-01-24 14:25:12,965] Trial 82 finished with value: 0.8947368421052632 and parameters: {'min_samples_leaf': 7, 'max_depth': 17, 'min_samples_split': 5}. Best is trial 2 with value: 1.0.
[I 2024-01-24 14:25:13,151] Trial 83 finished with value: 0.9473684210526315 and parameters: {'min_samples_leaf': 7, 'max_depth': 17, 'min_samples_split': 3}. Best is trial 2 with value: 1.0.
[I 2024-01-24 14:25:13,284] Trial 84 finished with value: 0.9736842105263158 and parameters: {'min_samples_leaf': 8, 'max_depth': 16, 'min_samples_split': 4}. Best is trial 2 with value: 1.0.
[I 2024-01-24 14:25:13,421] Trial 85 finished with value: 0.9736842105263158 and parameters: {'min_samples_leaf': 7, 'max_depth': 15, 'min_samples_split': 6}. Best is trial 2 with value: 1.0.
[I 2024-01-24 14:25:13,554] Trial 86 finished with value: 0.9473684210526315 and parameters: {'min_samples_leaf': 5, 'max_depth': 15, 'min_samples_split': 10}. Best is trial 2 with value: 1.0.
[I 2024-01-24 14:25:13,688] Trial 87 finished with value: 0.9473684210526315 and parameters: {'min_samples_leaf': 7, 'max_depth': 17, 'min_samples_split': 3}. Best is trial 2 with value: 1.0.
[I 2024-01-24 14:25:13,821] Trial 88 finished with value: 0.9210526315789473 and parameters: {'min_samples_leaf': 6, 'max_depth': 18, 'min_samples_split': 6}. Best is trial 2 with value: 1.0.
[I 2024-01-24 14:25:13,959] Trial 89 finished with value: 0.9473684210526315 and parameters: {'min_samples_leaf': 6, 'max_depth': 19, 'min_samples_split': 7}. Best is trial 2 with value: 1.0.
[I 2024-01-24 14:25:14,094] Trial 90 finished with value: 0.9210526315789473 and parameters: {'min_samples_leaf': 5, 'max_depth': 16, 'min_samples_split': 9}. Best is trial 2 with value: 1.0.
[I 2024-01-24 14:25:14,231] Trial 91 finished with value: 0.9473684210526315 and parameters: {'min_samples_leaf': 6, 'max_depth': 6, 'min_samples_split': 8}. Best is trial 2 with value: 1.0.
[I 2024-01-24 14:25:14,383] Trial 92 finished with value: 0.9736842105263158 and parameters: {'min_samples_leaf': 6, 'max_depth': 8, 'min_samples_split': 8}. Best is trial 2 with value: 1.0.
[I 2024-01-24 14:25:14,514] Trial 93 finished with value: 0.9210526315789473 and parameters: {'min_samples_leaf': 6, 'max_depth': 7, 'min_samples_split': 8}. Best is trial 2 with value: 1.0.
[I 2024-01-24 14:25:14,648] Trial 94 finished with value: 0.9473684210526315 and parameters: {'min_samples_leaf': 5, 'max_depth': 9, 'min_samples_split': 8}. Best is trial 2 with value: 1.0.
[I 2024-01-24 14:25:14,793] Trial 95 finished with value: 0.9473684210526315 and parameters: {'min_samples_leaf': 7, 'max_depth': 8, 'min_samples_split': 9}. Best is trial 2 with value: 1.0.
[I 2024-01-24 14:25:14,926] Trial 96 finished with value: 0.9210526315789473 and parameters: {'min_samples_leaf': 8, 'max_depth': 8, 'min_samples_split': 7}. Best is trial 2 with value: 1.0.
[I 2024-01-24 14:25:15,072] Trial 97 finished with value: 0.9736842105263158 and parameters: {'min_samples_leaf': 5, 'max_depth': 5, 'min_samples_split': 8}. Best is trial 2 with value: 1.0.
[I 2024-01-24 14:25:15,219] Trial 98 finished with value: 0.9473684210526315 and parameters: {'min_samples_leaf': 9, 'max_depth': 11, 'min_samples_split': 4}. Best is trial 2 with value: 1.0.
Number of finished trials:  100
Best trial:
  Value:  1.0
  Params:
    min_samples_leaf: 4
    max_depth: 6
    min_samples_split: 8
[I 2024-01-24 14:25:15,362] Trial 99 finished with value: 0.9736842105263158 and parameters: {'min_samples_leaf': 3, 'max_depth': 10, 'min_samples_split': 9}. Best is trial 2 with value: 1.0.
[I 2024-01-24 14:56:58,134] A new study created in memory with name: no-name-4bfce599-7a6d-41e9-9e02-59f48b6c382c