[I 2024-01-24 15:01:37,040] A new study created in memory with name: no-name-ce3b0322-1efa-4dae-818d-6389cfc33136
[I 2024-01-24 15:01:37,178] Trial 0 finished with value: 0.9736842105263158 and parameters: {'min_samples_leaf': 8, 'max_depth': 11, 'min_samples_split': 2}. Best is trial 0 with value: 0.9736842105263158.
[I 2024-01-24 15:01:37,295] Trial 1 finished with value: 1.0 and parameters: {'min_samples_leaf': 7, 'max_depth': 7, 'min_samples_split': 2}. Best is trial 1 with value: 1.0.
[I 2024-01-24 15:01:37,418] Trial 2 finished with value: 0.9210526315789473 and parameters: {'min_samples_leaf': 4, 'max_depth': 14, 'min_samples_split': 2}. Best is trial 1 with value: 1.0.
[I 2024-01-24 15:01:37,535] Trial 3 finished with value: 0.8947368421052632 and parameters: {'min_samples_leaf': 9, 'max_depth': 7, 'min_samples_split': 6}. Best is trial 1 with value: 1.0.
[I 2024-01-24 15:01:37,654] Trial 4 finished with value: 0.9736842105263158 and parameters: {'min_samples_leaf': 4, 'max_depth': 5, 'min_samples_split': 8}. Best is trial 1 with value: 1.0.
[I 2024-01-24 15:01:37,773] Trial 5 finished with value: 0.9473684210526315 and parameters: {'min_samples_leaf': 10, 'max_depth': 5, 'min_samples_split': 8}. Best is trial 1 with value: 1.0.
[I 2024-01-24 15:01:37,895] Trial 6 finished with value: 0.9473684210526315 and parameters: {'min_samples_leaf': 5, 'max_depth': 12, 'min_samples_split': 9}. Best is trial 1 with value: 1.0.
[I 2024-01-24 15:01:38,013] Trial 7 finished with value: 0.9736842105263158 and parameters: {'min_samples_leaf': 4, 'max_depth': 13, 'min_samples_split': 9}. Best is trial 1 with value: 1.0.
[I 2024-01-24 15:01:38,134] Trial 8 finished with value: 0.9473684210526315 and parameters: {'min_samples_leaf': 4, 'max_depth': 18, 'min_samples_split': 7}. Best is trial 1 with value: 1.0.
[I 2024-01-24 15:01:38,253] Trial 9 finished with value: 0.9736842105263158 and parameters: {'min_samples_leaf': 9, 'max_depth': 12, 'min_samples_split': 9}. Best is trial 1 with value: 1.0.
[I 2024-01-24 15:01:38,386] Trial 10 finished with value: 0.9473684210526315 and parameters: {'min_samples_leaf': 2, 'max_depth': 9, 'min_samples_split': 5}. Best is trial 1 with value: 1.0.
[I 2024-01-24 15:01:38,520] Trial 11 finished with value: 0.9473684210526315 and parameters: {'min_samples_leaf': 7, 'max_depth': 9, 'min_samples_split': 2}. Best is trial 1 with value: 1.0.
[I 2024-01-24 15:01:38,649] Trial 12 finished with value: 0.9473684210526315 and parameters: {'min_samples_leaf': 7, 'max_depth': 9, 'min_samples_split': 4}. Best is trial 1 with value: 1.0.
[I 2024-01-24 15:01:38,818] Trial 13 finished with value: 1.0 and parameters: {'min_samples_leaf': 7, 'max_depth': 17, 'min_samples_split': 3}. Best is trial 1 with value: 1.0.
[I 2024-01-24 15:01:38,946] Trial 14 finished with value: 0.9473684210526315 and parameters: {'min_samples_leaf': 6, 'max_depth': 19, 'min_samples_split': 4}. Best is trial 1 with value: 1.0.
[I 2024-01-24 15:01:39,076] Trial 15 finished with value: 1.0 and parameters: {'min_samples_leaf': 7, 'max_depth': 16, 'min_samples_split': 3}. Best is trial 1 with value: 1.0.
[I 2024-01-24 15:01:39,205] Trial 16 finished with value: 0.9473684210526315 and parameters: {'min_samples_leaf': 6, 'max_depth': 16, 'min_samples_split': 4}. Best is trial 1 with value: 1.0.
[I 2024-01-24 15:01:39,337] Trial 17 finished with value: 0.9473684210526315 and parameters: {'min_samples_leaf': 8, 'max_depth': 16, 'min_samples_split': 3}. Best is trial 1 with value: 1.0.
[I 2024-01-24 15:01:39,468] Trial 18 finished with value: 0.9736842105263158 and parameters: {'min_samples_leaf': 2, 'max_depth': 20, 'min_samples_split': 5}. Best is trial 1 with value: 1.0.
[I 2024-01-24 15:01:39,605] Trial 19 finished with value: 0.9473684210526315 and parameters: {'min_samples_leaf': 6, 'max_depth': 14, 'min_samples_split': 3}. Best is trial 1 with value: 1.0.
[I 2024-01-24 15:01:39,739] Trial 20 finished with value: 0.9736842105263158 and parameters: {'min_samples_leaf': 8, 'max_depth': 7, 'min_samples_split': 5}. Best is trial 1 with value: 1.0.
[I 2024-01-24 15:01:39,869] Trial 21 finished with value: 0.9473684210526315 and parameters: {'min_samples_leaf': 7, 'max_depth': 17, 'min_samples_split': 3}. Best is trial 1 with value: 1.0.
[I 2024-01-24 15:01:39,997] Trial 22 finished with value: 1.0 and parameters: {'min_samples_leaf': 7, 'max_depth': 15, 'min_samples_split': 3}. Best is trial 1 with value: 1.0.
[I 2024-01-24 15:01:40,125] Trial 23 finished with value: 0.9736842105263158 and parameters: {'min_samples_leaf': 5, 'max_depth': 18, 'min_samples_split': 2}. Best is trial 1 with value: 1.0.
[I 2024-01-24 15:01:40,258] Trial 24 finished with value: 0.8947368421052632 and parameters: {'min_samples_leaf': 9, 'max_depth': 16, 'min_samples_split': 4}. Best is trial 1 with value: 1.0.
[I 2024-01-24 15:01:40,406] Trial 25 finished with value: 0.9736842105263158 and parameters: {'min_samples_leaf': 6, 'max_depth': 20, 'min_samples_split': 3}. Best is trial 1 with value: 1.0.
[I 2024-01-24 15:01:40,549] Trial 26 finished with value: 0.9473684210526315 and parameters: {'min_samples_leaf': 8, 'max_depth': 18, 'min_samples_split': 2}. Best is trial 1 with value: 1.0.
[I 2024-01-24 15:01:40,695] Trial 27 finished with value: 0.9210526315789473 and parameters: {'min_samples_leaf': 5, 'max_depth': 11, 'min_samples_split': 6}. Best is trial 1 with value: 1.0.
[I 2024-01-24 15:01:40,832] Trial 28 finished with value: 1.0 and parameters: {'min_samples_leaf': 10, 'max_depth': 14, 'min_samples_split': 3}. Best is trial 1 with value: 1.0.
[I 2024-01-24 15:01:40,965] Trial 29 finished with value: 0.9473684210526315 and parameters: {'min_samples_leaf': 8, 'max_depth': 7, 'min_samples_split': 2}. Best is trial 1 with value: 1.0.
[I 2024-01-24 15:01:41,095] Trial 30 finished with value: 0.9736842105263158 and parameters: {'min_samples_leaf': 7, 'max_depth': 17, 'min_samples_split': 5}. Best is trial 1 with value: 1.0.
[I 2024-01-24 15:01:41,228] Trial 31 finished with value: 0.9736842105263158 and parameters: {'min_samples_leaf': 7, 'max_depth': 15, 'min_samples_split': 3}. Best is trial 1 with value: 1.0.
[I 2024-01-24 15:01:41,357] Trial 32 finished with value: 0.8947368421052632 and parameters: {'min_samples_leaf': 6, 'max_depth': 15, 'min_samples_split': 2}. Best is trial 1 with value: 1.0.
[I 2024-01-24 15:01:41,493] Trial 33 finished with value: 0.9736842105263158 and parameters: {'min_samples_leaf': 7, 'max_depth': 15, 'min_samples_split': 4}. Best is trial 1 with value: 1.0.
[I 2024-01-24 15:01:41,628] Trial 34 finished with value: 0.9210526315789473 and parameters: {'min_samples_leaf': 9, 'max_depth': 17, 'min_samples_split': 2}. Best is trial 1 with value: 1.0.
[I 2024-01-24 15:01:41,766] Trial 35 finished with value: 0.9473684210526315 and parameters: {'min_samples_leaf': 8, 'max_depth': 13, 'min_samples_split': 10}. Best is trial 1 with value: 1.0.
[I 2024-01-24 15:01:41,911] Trial 36 finished with value: 0.9736842105263158 and parameters: {'min_samples_leaf': 5, 'max_depth': 10, 'min_samples_split': 3}. Best is trial 1 with value: 1.0.
[I 2024-01-24 15:01:42,043] Trial 37 finished with value: 0.8947368421052632 and parameters: {'min_samples_leaf': 7, 'max_depth': 6, 'min_samples_split': 4}. Best is trial 1 with value: 1.0.
[I 2024-01-24 15:01:42,181] Trial 38 finished with value: 0.9736842105263158 and parameters: {'min_samples_leaf': 9, 'max_depth': 14, 'min_samples_split': 7}. Best is trial 1 with value: 1.0.
[I 2024-01-24 15:01:42,316] Trial 39 finished with value: 0.9736842105263158 and parameters: {'min_samples_leaf': 6, 'max_depth': 19, 'min_samples_split': 2}. Best is trial 1 with value: 1.0.
[I 2024-01-24 15:01:42,452] Trial 40 finished with value: 0.9210526315789473 and parameters: {'min_samples_leaf': 8, 'max_depth': 11, 'min_samples_split': 6}. Best is trial 1 with value: 1.0.
[I 2024-01-24 15:01:42,587] Trial 41 finished with value: 0.9736842105263158 and parameters: {'min_samples_leaf': 10, 'max_depth': 14, 'min_samples_split': 3}. Best is trial 1 with value: 1.0.
[I 2024-01-24 15:01:42,722] Trial 42 finished with value: 0.9210526315789473 and parameters: {'min_samples_leaf': 3, 'max_depth': 13, 'min_samples_split': 3}. Best is trial 1 with value: 1.0.
[I 2024-01-24 15:01:42,867] Trial 43 finished with value: 0.9736842105263158 and parameters: {'min_samples_leaf': 10, 'max_depth': 15, 'min_samples_split': 3}. Best is trial 1 with value: 1.0.
[I 2024-01-24 15:01:43,002] Trial 44 finished with value: 0.9736842105263158 and parameters: {'min_samples_leaf': 7, 'max_depth': 16, 'min_samples_split': 2}. Best is trial 1 with value: 1.0.
[I 2024-01-24 15:01:43,144] Trial 45 finished with value: 0.9736842105263158 and parameters: {'min_samples_leaf': 3, 'max_depth': 12, 'min_samples_split': 4}. Best is trial 1 with value: 1.0.
[I 2024-01-24 15:01:43,285] Trial 46 finished with value: 0.9736842105263158 and parameters: {'min_samples_leaf': 8, 'max_depth': 17, 'min_samples_split': 3}. Best is trial 1 with value: 1.0.
[I 2024-01-24 15:01:43,423] Trial 47 finished with value: 0.9736842105263158 and parameters: {'min_samples_leaf': 9, 'max_depth': 8, 'min_samples_split': 4}. Best is trial 1 with value: 1.0.
[I 2024-01-24 15:01:43,559] Trial 48 finished with value: 0.9210526315789473 and parameters: {'min_samples_leaf': 5, 'max_depth': 5, 'min_samples_split': 2}. Best is trial 1 with value: 1.0.
[I 2024-01-24 15:01:43,698] Trial 49 finished with value: 0.9473684210526315 and parameters: {'min_samples_leaf': 7, 'max_depth': 13, 'min_samples_split': 5}. Best is trial 1 with value: 1.0.
[I 2024-01-24 15:01:43,846] Trial 50 finished with value: 0.8947368421052632 and parameters: {'min_samples_leaf': 10, 'max_depth': 14, 'min_samples_split': 3}. Best is trial 1 with value: 1.0.
[I 2024-01-24 15:01:43,985] Trial 51 finished with value: 0.8947368421052632 and parameters: {'min_samples_leaf': 8, 'max_depth': 11, 'min_samples_split': 2}. Best is trial 1 with value: 1.0.
[I 2024-01-24 15:01:44,129] Trial 52 finished with value: 0.9210526315789473 and parameters: {'min_samples_leaf': 7, 'max_depth': 8, 'min_samples_split': 2}. Best is trial 1 with value: 1.0.
[I 2024-01-24 15:01:44,275] Trial 53 finished with value: 1.0 and parameters: {'min_samples_leaf': 6, 'max_depth': 16, 'min_samples_split': 3}. Best is trial 1 with value: 1.0.
[I 2024-01-24 15:01:44,410] Trial 54 finished with value: 0.9736842105263158 and parameters: {'min_samples_leaf': 6, 'max_depth': 16, 'min_samples_split': 4}. Best is trial 1 with value: 1.0.
[I 2024-01-24 15:01:44,546] Trial 55 finished with value: 0.9210526315789473 and parameters: {'min_samples_leaf': 6, 'max_depth': 15, 'min_samples_split': 3}. Best is trial 1 with value: 1.0.
[I 2024-01-24 15:01:44,678] Trial 56 finished with value: 1.0 and parameters: {'min_samples_leaf': 5, 'max_depth': 18, 'min_samples_split': 4}. Best is trial 1 with value: 1.0.
[I 2024-01-24 15:01:44,813] Trial 57 finished with value: 0.9210526315789473 and parameters: {'min_samples_leaf': 4, 'max_depth': 16, 'min_samples_split': 3}. Best is trial 1 with value: 1.0.
[I 2024-01-24 15:01:44,950] Trial 58 finished with value: 0.9210526315789473 and parameters: {'min_samples_leaf': 7, 'max_depth': 19, 'min_samples_split': 7}. Best is trial 1 with value: 1.0.
[I 2024-01-24 15:01:45,084] Trial 59 finished with value: 0.9473684210526315 and parameters: {'min_samples_leaf': 6, 'max_depth': 17, 'min_samples_split': 4}. Best is trial 1 with value: 1.0.
[I 2024-01-24 15:01:45,220] Trial 60 finished with value: 0.9210526315789473 and parameters: {'min_samples_leaf': 8, 'max_depth': 15, 'min_samples_split': 8}. Best is trial 1 with value: 1.0.
[I 2024-01-24 15:01:45,356] Trial 61 finished with value: 0.9210526315789473 and parameters: {'min_samples_leaf': 5, 'max_depth': 18, 'min_samples_split': 3}. Best is trial 1 with value: 1.0.
[I 2024-01-24 15:01:45,493] Trial 62 finished with value: 1.0 and parameters: {'min_samples_leaf': 4, 'max_depth': 18, 'min_samples_split': 4}. Best is trial 1 with value: 1.0.
[I 2024-01-24 15:01:45,631] Trial 63 finished with value: 0.8947368421052632 and parameters: {'min_samples_leaf': 5, 'max_depth': 16, 'min_samples_split': 2}. Best is trial 1 with value: 1.0.
[I 2024-01-24 15:01:45,774] Trial 64 finished with value: 0.9473684210526315 and parameters: {'min_samples_leaf': 6, 'max_depth': 19, 'min_samples_split': 5}. Best is trial 1 with value: 1.0.
[I 2024-01-24 15:01:45,912] Trial 65 finished with value: 0.9473684210526315 and parameters: {'min_samples_leaf': 6, 'max_depth': 17, 'min_samples_split': 3}. Best is trial 1 with value: 1.0.
[I 2024-01-24 15:01:46,048] Trial 66 finished with value: 0.9473684210526315 and parameters: {'min_samples_leaf': 7, 'max_depth': 18, 'min_samples_split': 3}. Best is trial 1 with value: 1.0.
[I 2024-01-24 15:01:46,186] Trial 67 finished with value: 0.9473684210526315 and parameters: {'min_samples_leaf': 5, 'max_depth': 14, 'min_samples_split': 2}. Best is trial 1 with value: 1.0.
[I 2024-01-24 15:01:46,331] Trial 68 finished with value: 0.9210526315789473 and parameters: {'min_samples_leaf': 7, 'max_depth': 17, 'min_samples_split': 3}. Best is trial 1 with value: 1.0.
[I 2024-01-24 15:01:46,468] Trial 69 finished with value: 0.9210526315789473 and parameters: {'min_samples_leaf': 6, 'max_depth': 12, 'min_samples_split': 4}. Best is trial 1 with value: 1.0.
[I 2024-01-24 15:01:46,610] Trial 70 finished with value: 0.9736842105263158 and parameters: {'min_samples_leaf': 9, 'max_depth': 20, 'min_samples_split': 2}. Best is trial 1 with value: 1.0.
[I 2024-01-24 15:01:46,747] Trial 71 finished with value: 0.9210526315789473 and parameters: {'min_samples_leaf': 4, 'max_depth': 18, 'min_samples_split': 4}. Best is trial 1 with value: 1.0.
[I 2024-01-24 15:01:46,894] Trial 72 finished with value: 0.9736842105263158 and parameters: {'min_samples_leaf': 4, 'max_depth': 18, 'min_samples_split': 4}. Best is trial 1 with value: 1.0.
[I 2024-01-24 15:01:47,032] Trial 73 finished with value: 0.8947368421052632 and parameters: {'min_samples_leaf': 4, 'max_depth': 16, 'min_samples_split': 4}. Best is trial 1 with value: 1.0.
[I 2024-01-24 15:01:47,169] Trial 74 finished with value: 0.9736842105263158 and parameters: {'min_samples_leaf': 3, 'max_depth': 19, 'min_samples_split': 3}. Best is trial 1 with value: 1.0.
[I 2024-01-24 15:01:47,343] Trial 75 finished with value: 0.8947368421052632 and parameters: {'min_samples_leaf': 5, 'max_depth': 15, 'min_samples_split': 3}. Best is trial 1 with value: 1.0.
[I 2024-01-24 15:01:47,520] Trial 76 finished with value: 1.0 and parameters: {'min_samples_leaf': 5, 'max_depth': 17, 'min_samples_split': 5}. Best is trial 1 with value: 1.0.
[I 2024-01-24 15:01:47,682] Trial 77 finished with value: 0.9736842105263158 and parameters: {'min_samples_leaf': 7, 'max_depth': 16, 'min_samples_split': 3}. Best is trial 1 with value: 1.0.
[I 2024-01-24 15:01:47,820] Trial 78 finished with value: 0.9736842105263158 and parameters: {'min_samples_leaf': 3, 'max_depth': 17, 'min_samples_split': 4}. Best is trial 1 with value: 1.0.
[I 2024-01-24 15:01:47,965] Trial 79 finished with value: 0.9210526315789473 and parameters: {'min_samples_leaf': 4, 'max_depth': 6, 'min_samples_split': 5}. Best is trial 1 with value: 1.0.
[I 2024-01-24 15:01:48,110] Trial 80 finished with value: 0.9736842105263158 and parameters: {'min_samples_leaf': 8, 'max_depth': 13, 'min_samples_split': 2}. Best is trial 1 with value: 1.0.
[I 2024-01-24 15:01:48,269] Trial 81 finished with value: 0.9736842105263158 and parameters: {'min_samples_leaf': 5, 'max_depth': 17, 'min_samples_split': 5}. Best is trial 1 with value: 1.0.
[I 2024-01-24 15:01:48,413] Trial 82 finished with value: 0.9210526315789473 and parameters: {'min_samples_leaf': 6, 'max_depth': 16, 'min_samples_split': 5}. Best is trial 1 with value: 1.0.
[I 2024-01-24 15:01:48,564] Trial 83 finished with value: 0.9473684210526315 and parameters: {'min_samples_leaf': 5, 'max_depth': 18, 'min_samples_split': 6}. Best is trial 1 with value: 1.0.
[I 2024-01-24 15:01:48,705] Trial 84 finished with value: 0.9210526315789473 and parameters: {'min_samples_leaf': 4, 'max_depth': 14, 'min_samples_split': 4}. Best is trial 1 with value: 1.0.
[I 2024-01-24 15:01:48,841] Trial 85 finished with value: 0.9736842105263158 and parameters: {'min_samples_leaf': 6, 'max_depth': 15, 'min_samples_split': 4}. Best is trial 1 with value: 1.0.
[I 2024-01-24 15:01:48,978] Trial 86 finished with value: 0.9210526315789473 and parameters: {'min_samples_leaf': 2, 'max_depth': 17, 'min_samples_split': 3}. Best is trial 1 with value: 1.0.
[I 2024-01-24 15:01:49,115] Trial 87 finished with value: 0.9210526315789473 and parameters: {'min_samples_leaf': 7, 'max_depth': 18, 'min_samples_split': 5}. Best is trial 1 with value: 1.0.
[I 2024-01-24 15:01:49,252] Trial 88 finished with value: 0.9736842105263158 and parameters: {'min_samples_leaf': 7, 'max_depth': 15, 'min_samples_split': 3}. Best is trial 1 with value: 1.0.
[I 2024-01-24 15:01:49,392] Trial 89 finished with value: 0.9473684210526315 and parameters: {'min_samples_leaf': 5, 'max_depth': 16, 'min_samples_split': 6}. Best is trial 1 with value: 1.0.
[I 2024-01-24 15:01:49,536] Trial 90 finished with value: 0.9736842105263158 and parameters: {'min_samples_leaf': 7, 'max_depth': 19, 'min_samples_split': 2}. Best is trial 1 with value: 1.0.
[I 2024-01-24 15:01:49,673] Trial 91 finished with value: 0.9736842105263158 and parameters: {'min_samples_leaf': 10, 'max_depth': 8, 'min_samples_split': 2}. Best is trial 1 with value: 1.0.
[I 2024-01-24 15:01:49,808] Trial 92 finished with value: 0.9210526315789473 and parameters: {'min_samples_leaf': 9, 'max_depth': 9, 'min_samples_split': 2}. Best is trial 1 with value: 1.0.
[I 2024-01-24 15:01:49,943] Trial 93 finished with value: 0.9210526315789473 and parameters: {'min_samples_leaf': 8, 'max_depth': 17, 'min_samples_split': 3}. Best is trial 1 with value: 1.0.
[I 2024-01-24 15:01:50,079] Trial 94 finished with value: 0.9210526315789473 and parameters: {'min_samples_leaf': 8, 'max_depth': 15, 'min_samples_split': 3}. Best is trial 1 with value: 1.0.
[I 2024-01-24 15:01:50,217] Trial 95 finished with value: 0.9473684210526315 and parameters: {'min_samples_leaf': 6, 'max_depth': 16, 'min_samples_split': 2}. Best is trial 1 with value: 1.0.
[I 2024-01-24 15:01:50,359] Trial 96 finished with value: 0.9210526315789473 and parameters: {'min_samples_leaf': 7, 'max_depth': 10, 'min_samples_split': 3}. Best is trial 1 with value: 1.0.
[I 2024-01-24 15:01:50,501] Trial 97 finished with value: 0.9473684210526315 and parameters: {'min_samples_leaf': 8, 'max_depth': 14, 'min_samples_split': 2}. Best is trial 1 with value: 1.0.
[I 2024-01-24 15:01:50,647] Trial 98 finished with value: 0.9736842105263158 and parameters: {'min_samples_leaf': 6, 'max_depth': 5, 'min_samples_split': 10}. Best is trial 1 with value: 1.0.
[I 2024-01-24 15:01:50,786] Trial 99 finished with value: 0.9736842105263158 and parameters: {'min_samples_leaf': 7, 'max_depth': 17, 'min_samples_split': 4}. Best is trial 1 with value: 1.0.
Number of finished trials:  100
Best trial:
  Value:  1.0
  Params:
    min_samples_leaf: 7
    max_depth: 7
    min_samples_split: 2