[I 2024-01-25 11:22:16,534] A new study created in memory with name: no-name-16d08665-4f3d-4f85-88f2-3cf12443c09b
[I 2024-01-25 11:22:16,658] Trial 0 finished with value: 1.0 and parameters: {'min_samples_leaf': 4, 'max_depth': 12, 'min_samples_split': 5}. Best is trial 0 with value: 1.0.
[I 2024-01-25 11:22:16,785] Trial 1 finished with value: 0.9473684210526315 and parameters: {'min_samples_leaf': 10, 'max_depth': 11, 'min_samples_split': 7}. Best is trial 0 with value: 1.0.
[I 2024-01-25 11:22:16,879] Trial 2 finished with value: 0.9473684210526315 and parameters: {'min_samples_leaf': 5, 'max_depth': 6, 'min_samples_split': 8}. Best is trial 0 with value: 1.0.
[I 2024-01-25 11:22:16,972] Trial 3 finished with value: 0.9736842105263158 and parameters: {'min_samples_leaf': 3, 'max_depth': 7, 'min_samples_split': 2}. Best is trial 0 with value: 1.0.
[I 2024-01-25 11:22:17,099] Trial 4 finished with value: 0.9473684210526315 and parameters: {'min_samples_leaf': 9, 'max_depth': 10, 'min_samples_split': 10}. Best is trial 0 with value: 1.0.
[I 2024-01-25 11:22:17,191] Trial 5 finished with value: 0.9473684210526315 and parameters: {'min_samples_leaf': 7, 'max_depth': 19, 'min_samples_split': 10}. Best is trial 0 with value: 1.0.
[I 2024-01-25 11:22:17,304] Trial 6 finished with value: 0.9210526315789473 and parameters: {'min_samples_leaf': 10, 'max_depth': 14, 'min_samples_split': 9}. Best is trial 0 with value: 1.0.
[I 2024-01-25 11:22:17,473] Trial 7 finished with value: 0.9473684210526315 and parameters: {'min_samples_leaf': 3, 'max_depth': 5, 'min_samples_split': 2}. Best is trial 0 with value: 1.0.
[I 2024-01-25 11:22:17,571] Trial 8 finished with value: 1.0 and parameters: {'min_samples_leaf': 3, 'max_depth': 10, 'min_samples_split': 8}. Best is trial 0 with value: 1.0.
[I 2024-01-25 11:22:17,665] Trial 9 finished with value: 0.9736842105263158 and parameters: {'min_samples_leaf': 5, 'max_depth': 7, 'min_samples_split': 5}. Best is trial 0 with value: 1.0.
[I 2024-01-25 11:22:17,792] Trial 10 finished with value: 0.9736842105263158 and parameters: {'min_samples_leaf': 7, 'max_depth': 15, 'min_samples_split': 5}. Best is trial 0 with value: 1.0.
[I 2024-01-25 11:22:17,898] Trial 11 finished with value: 0.9210526315789473 and parameters: {'min_samples_leaf': 2, 'max_depth': 10, 'min_samples_split': 6}. Best is trial 0 with value: 1.0.
[I 2024-01-25 11:22:18,000] Trial 12 finished with value: 0.9736842105263158 and parameters: {'min_samples_leaf': 4, 'max_depth': 16, 'min_samples_split': 4}. Best is trial 0 with value: 1.0.
[I 2024-01-25 11:22:18,103] Trial 13 finished with value: 0.9736842105263158 and parameters: {'min_samples_leaf': 2, 'max_depth': 12, 'min_samples_split': 7}. Best is trial 0 with value: 1.0.
[I 2024-01-25 11:22:18,205] Trial 14 finished with value: 1.0 and parameters: {'min_samples_leaf': 4, 'max_depth': 9, 'min_samples_split': 4}. Best is trial 0 with value: 1.0.
[I 2024-01-25 11:22:18,305] Trial 15 finished with value: 1.0 and parameters: {'min_samples_leaf': 6, 'max_depth': 18, 'min_samples_split': 8}. Best is trial 0 with value: 1.0.
[I 2024-01-25 11:22:18,408] Trial 16 finished with value: 0.9736842105263158 and parameters: {'min_samples_leaf': 4, 'max_depth': 13, 'min_samples_split': 6}. Best is trial 0 with value: 1.0.
[I 2024-01-25 11:22:18,511] Trial 17 finished with value: 0.9736842105263158 and parameters: {'min_samples_leaf': 3, 'max_depth': 8, 'min_samples_split': 3}. Best is trial 0 with value: 1.0.
[I 2024-01-25 11:22:18,611] Trial 18 finished with value: 1.0 and parameters: {'min_samples_leaf': 6, 'max_depth': 17, 'min_samples_split': 8}. Best is trial 0 with value: 1.0.
[I 2024-01-25 11:22:18,712] Trial 19 finished with value: 0.9210526315789473 and parameters: {'min_samples_leaf': 5, 'max_depth': 12, 'min_samples_split': 7}. Best is trial 0 with value: 1.0.
[I 2024-01-25 11:22:18,814] Trial 20 finished with value: 0.9473684210526315 and parameters: {'min_samples_leaf': 2, 'max_depth': 20, 'min_samples_split': 5}. Best is trial 0 with value: 1.0.
[I 2024-01-25 11:22:18,919] Trial 21 finished with value: 0.9736842105263158 and parameters: {'min_samples_leaf': 4, 'max_depth': 9, 'min_samples_split': 4}. Best is trial 0 with value: 1.0.
[I 2024-01-25 11:22:19,024] Trial 22 finished with value: 0.9473684210526315 and parameters: {'min_samples_leaf': 4, 'max_depth': 9, 'min_samples_split': 4}. Best is trial 0 with value: 1.0.
[I 2024-01-25 11:22:19,126] Trial 23 finished with value: 0.9473684210526315 and parameters: {'min_samples_leaf': 3, 'max_depth': 11, 'min_samples_split': 3}. Best is trial 0 with value: 1.0.
[I 2024-01-25 11:22:19,228] Trial 24 finished with value: 0.9473684210526315 and parameters: {'min_samples_leaf': 5, 'max_depth': 14, 'min_samples_split': 6}. Best is trial 0 with value: 1.0.
[I 2024-01-25 11:22:19,330] Trial 25 finished with value: 0.9736842105263158 and parameters: {'min_samples_leaf': 6, 'max_depth': 8, 'min_samples_split': 3}. Best is trial 0 with value: 1.0.
[I 2024-01-25 11:22:19,486] Trial 26 finished with value: 0.9736842105263158 and parameters: {'min_samples_leaf': 3, 'max_depth': 11, 'min_samples_split': 9}. Best is trial 0 with value: 1.0.
[I 2024-01-25 11:22:19,590] Trial 27 finished with value: 0.9736842105263158 and parameters: {'min_samples_leaf': 7, 'max_depth': 13, 'min_samples_split': 5}. Best is trial 0 with value: 1.0.
[I 2024-01-25 11:22:19,694] Trial 28 finished with value: 0.8947368421052632 and parameters: {'min_samples_leaf': 4, 'max_depth': 9, 'min_samples_split': 4}. Best is trial 0 with value: 1.0.
[I 2024-01-25 11:22:19,797] Trial 29 finished with value: 0.9210526315789473 and parameters: {'min_samples_leaf': 2, 'max_depth': 10, 'min_samples_split': 7}. Best is trial 0 with value: 1.0.
[I 2024-01-25 11:22:19,900] Trial 30 finished with value: 0.9473684210526315 and parameters: {'min_samples_leaf': 9, 'max_depth': 11, 'min_samples_split': 7}. Best is trial 0 with value: 1.0.
[I 2024-01-25 11:22:20,004] Trial 31 finished with value: 0.9210526315789473 and parameters: {'min_samples_leaf': 8, 'max_depth': 18, 'min_samples_split': 8}. Best is trial 0 with value: 1.0.
[I 2024-01-25 11:22:20,107] Trial 32 finished with value: 0.9473684210526315 and parameters: {'min_samples_leaf': 6, 'max_depth': 15, 'min_samples_split': 9}. Best is trial 0 with value: 1.0.
[I 2024-01-25 11:22:20,210] Trial 33 finished with value: 1.0 and parameters: {'min_samples_leaf': 5, 'max_depth': 7, 'min_samples_split': 8}. Best is trial 0 with value: 1.0.
[I 2024-01-25 11:22:20,315] Trial 34 finished with value: 1.0 and parameters: {'min_samples_leaf': 6, 'max_depth': 12, 'min_samples_split': 9}. Best is trial 0 with value: 1.0.
[I 2024-01-25 11:22:20,417] Trial 35 finished with value: 0.9473684210526315 and parameters: {'min_samples_leaf': 3, 'max_depth': 10, 'min_samples_split': 10}. Best is trial 0 with value: 1.0.
[I 2024-01-25 11:22:20,522] Trial 36 finished with value: 0.9210526315789473 and parameters: {'min_samples_leaf': 4, 'max_depth': 20, 'min_samples_split': 8}. Best is trial 0 with value: 1.0.
[I 2024-01-25 11:22:20,625] Trial 37 finished with value: 0.9473684210526315 and parameters: {'min_samples_leaf': 5, 'max_depth': 6, 'min_samples_split': 6}. Best is trial 0 with value: 1.0.
[I 2024-01-25 11:22:20,727] Trial 38 finished with value: 1.0 and parameters: {'min_samples_leaf': 3, 'max_depth': 14, 'min_samples_split': 5}. Best is trial 0 with value: 1.0.
[I 2024-01-25 11:22:20,830] Trial 39 finished with value: 0.9736842105263158 and parameters: {'min_samples_leaf': 8, 'max_depth': 8, 'min_samples_split': 6}. Best is trial 0 with value: 1.0.
[I 2024-01-25 11:22:20,934] Trial 40 finished with value: 0.9736842105263158 and parameters: {'min_samples_leaf': 8, 'max_depth': 18, 'min_samples_split': 2}. Best is trial 0 with value: 1.0.
[I 2024-01-25 11:22:21,037] Trial 41 finished with value: 0.9736842105263158 and parameters: {'min_samples_leaf': 6, 'max_depth': 17, 'min_samples_split': 8}. Best is trial 0 with value: 1.0.
[I 2024-01-25 11:22:21,142] Trial 42 finished with value: 0.9473684210526315 and parameters: {'min_samples_leaf': 7, 'max_depth': 17, 'min_samples_split': 9}. Best is trial 0 with value: 1.0.
[I 2024-01-25 11:22:21,246] Trial 43 finished with value: 0.9210526315789473 and parameters: {'min_samples_leaf': 6, 'max_depth': 19, 'min_samples_split': 8}. Best is trial 0 with value: 1.0.
[I 2024-01-25 11:22:21,351] Trial 44 finished with value: 1.0 and parameters: {'min_samples_leaf': 5, 'max_depth': 15, 'min_samples_split': 7}. Best is trial 0 with value: 1.0.
[I 2024-01-25 11:22:21,454] Trial 45 finished with value: 0.8947368421052632 and parameters: {'min_samples_leaf': 4, 'max_depth': 16, 'min_samples_split': 10}. Best is trial 0 with value: 1.0.
[I 2024-01-25 11:22:21,557] Trial 46 finished with value: 0.9736842105263158 and parameters: {'min_samples_leaf': 5, 'max_depth': 18, 'min_samples_split': 9}. Best is trial 0 with value: 1.0.
[I 2024-01-25 11:22:21,661] Trial 47 finished with value: 0.9736842105263158 and parameters: {'min_samples_leaf': 3, 'max_depth': 19, 'min_samples_split': 5}. Best is trial 0 with value: 1.0.
[I 2024-01-25 11:22:21,765] Trial 48 finished with value: 0.9210526315789473 and parameters: {'min_samples_leaf': 7, 'max_depth': 13, 'min_samples_split': 7}. Best is trial 0 with value: 1.0.
[I 2024-01-25 11:22:21,871] Trial 49 finished with value: 0.9736842105263158 and parameters: {'min_samples_leaf': 2, 'max_depth': 5, 'min_samples_split': 8}. Best is trial 0 with value: 1.0.
[I 2024-01-25 11:22:21,974] Trial 50 finished with value: 0.9473684210526315 and parameters: {'min_samples_leaf': 10, 'max_depth': 11, 'min_samples_split': 4}. Best is trial 0 with value: 1.0.
[I 2024-01-25 11:22:22,080] Trial 51 finished with value: 0.9736842105263158 and parameters: {'min_samples_leaf': 5, 'max_depth': 7, 'min_samples_split': 8}. Best is trial 0 with value: 1.0.
[I 2024-01-25 11:22:22,184] Trial 52 finished with value: 0.9210526315789473 and parameters: {'min_samples_leaf': 5, 'max_depth': 7, 'min_samples_split': 8}. Best is trial 0 with value: 1.0.
[I 2024-01-25 11:22:22,293] Trial 53 finished with value: 0.9210526315789473 and parameters: {'min_samples_leaf': 6, 'max_depth': 6, 'min_samples_split': 7}. Best is trial 0 with value: 1.0.
[I 2024-01-25 11:22:22,408] Trial 54 finished with value: 0.9210526315789473 and parameters: {'min_samples_leaf': 4, 'max_depth': 10, 'min_samples_split': 9}. Best is trial 0 with value: 1.0.
[I 2024-01-25 11:22:22,516] Trial 55 finished with value: 0.8947368421052632 and parameters: {'min_samples_leaf': 5, 'max_depth': 8, 'min_samples_split': 8}. Best is trial 0 with value: 1.0.
[I 2024-01-25 11:22:22,620] Trial 56 finished with value: 0.9473684210526315 and parameters: {'min_samples_leaf': 4, 'max_depth': 9, 'min_samples_split': 4}. Best is trial 0 with value: 1.0.
[I 2024-01-25 11:22:22,725] Trial 57 finished with value: 0.9210526315789473 and parameters: {'min_samples_leaf': 6, 'max_depth': 12, 'min_samples_split': 6}. Best is trial 0 with value: 1.0.
[I 2024-01-25 11:22:22,848] Trial 58 finished with value: 0.9736842105263158 and parameters: {'min_samples_leaf': 5, 'max_depth': 9, 'min_samples_split': 3}. Best is trial 0 with value: 1.0.
[I 2024-01-25 11:22:22,954] Trial 59 finished with value: 0.868421052631579 and parameters: {'min_samples_leaf': 3, 'max_depth': 10, 'min_samples_split': 5}. Best is trial 0 with value: 1.0.
[I 2024-01-25 11:22:23,062] Trial 60 finished with value: 0.9473684210526315 and parameters: {'min_samples_leaf': 4, 'max_depth': 7, 'min_samples_split': 7}. Best is trial 0 with value: 1.0.
[I 2024-01-25 11:22:23,169] Trial 61 finished with value: 0.8947368421052632 and parameters: {'min_samples_leaf': 6, 'max_depth': 12, 'min_samples_split': 9}. Best is trial 0 with value: 1.0.
[I 2024-01-25 11:22:23,275] Trial 62 finished with value: 0.9210526315789473 and parameters: {'min_samples_leaf': 7, 'max_depth': 13, 'min_samples_split': 10}. Best is trial 0 with value: 1.0.
[I 2024-01-25 11:22:23,414] Trial 63 finished with value: 0.9210526315789473 and parameters: {'min_samples_leaf': 7, 'max_depth': 11, 'min_samples_split': 9}. Best is trial 0 with value: 1.0.
[I 2024-01-25 11:22:23,521] Trial 64 finished with value: 1.0 and parameters: {'min_samples_leaf': 6, 'max_depth': 14, 'min_samples_split': 8}. Best is trial 0 with value: 1.0.
[I 2024-01-25 11:22:23,625] Trial 65 finished with value: 0.9736842105263158 and parameters: {'min_samples_leaf': 5, 'max_depth': 12, 'min_samples_split': 9}. Best is trial 0 with value: 1.0.
[I 2024-01-25 11:22:23,729] Trial 66 finished with value: 0.9736842105263158 and parameters: {'min_samples_leaf': 6, 'max_depth': 16, 'min_samples_split': 8}. Best is trial 0 with value: 1.0.
[I 2024-01-25 11:22:23,854] Trial 67 finished with value: 0.9210526315789473 and parameters: {'min_samples_leaf': 6, 'max_depth': 17, 'min_samples_split': 10}. Best is trial 0 with value: 1.0.
[I 2024-01-25 11:22:23,959] Trial 68 finished with value: 0.9473684210526315 and parameters: {'min_samples_leaf': 5, 'max_depth': 9, 'min_samples_split': 4}. Best is trial 0 with value: 1.0.
[I 2024-01-25 11:22:24,117] Trial 69 finished with value: 0.9473684210526315 and parameters: {'min_samples_leaf': 4, 'max_depth': 11, 'min_samples_split': 9}. Best is trial 0 with value: 1.0.
[I 2024-01-25 11:22:24,222] Trial 70 finished with value: 1.0 and parameters: {'min_samples_leaf': 3, 'max_depth': 20, 'min_samples_split': 8}. Best is trial 0 with value: 1.0.
[I 2024-01-25 11:22:24,325] Trial 71 finished with value: 0.9210526315789473 and parameters: {'min_samples_leaf': 3, 'max_depth': 15, 'min_samples_split': 5}. Best is trial 0 with value: 1.0.
[I 2024-01-25 11:22:24,428] Trial 72 finished with value: 0.9736842105263158 and parameters: {'min_samples_leaf': 2, 'max_depth': 14, 'min_samples_split': 5}. Best is trial 0 with value: 1.0.
[I 2024-01-25 11:22:24,533] Trial 73 finished with value: 0.8947368421052632 and parameters: {'min_samples_leaf': 4, 'max_depth': 13, 'min_samples_split': 5}. Best is trial 0 with value: 1.0.
[I 2024-01-25 11:22:24,639] Trial 74 finished with value: 0.9473684210526315 and parameters: {'min_samples_leaf': 3, 'max_depth': 8, 'min_samples_split': 6}. Best is trial 0 with value: 1.0.
[I 2024-01-25 11:22:24,742] Trial 75 finished with value: 0.9473684210526315 and parameters: {'min_samples_leaf': 3, 'max_depth': 10, 'min_samples_split': 7}. Best is trial 0 with value: 1.0.
[I 2024-01-25 11:22:24,845] Trial 76 finished with value: 0.9473684210526315 and parameters: {'min_samples_leaf': 4, 'max_depth': 16, 'min_samples_split': 3}. Best is trial 0 with value: 1.0.
[I 2024-01-25 11:22:24,950] Trial 77 finished with value: 0.9473684210526315 and parameters: {'min_samples_leaf': 7, 'max_depth': 18, 'min_samples_split': 4}. Best is trial 0 with value: 1.0.
[I 2024-01-25 11:22:25,054] Trial 78 finished with value: 0.9473684210526315 and parameters: {'min_samples_leaf': 6, 'max_depth': 14, 'min_samples_split': 4}. Best is trial 0 with value: 1.0.
[I 2024-01-25 11:22:25,177] Trial 79 finished with value: 0.9736842105263158 and parameters: {'min_samples_leaf': 2, 'max_depth': 6, 'min_samples_split': 5}. Best is trial 0 with value: 1.0.
[I 2024-01-25 11:22:25,282] Trial 80 finished with value: 0.8947368421052632 and parameters: {'min_samples_leaf': 3, 'max_depth': 12, 'min_samples_split': 6}. Best is trial 0 with value: 1.0.
[I 2024-01-25 11:22:25,425] Trial 81 finished with value: 0.9473684210526315 and parameters: {'min_samples_leaf': 5, 'max_depth': 15, 'min_samples_split': 7}. Best is trial 0 with value: 1.0.
[I 2024-01-25 11:22:25,529] Trial 82 finished with value: 0.9210526315789473 and parameters: {'min_samples_leaf': 5, 'max_depth': 17, 'min_samples_split': 8}. Best is trial 0 with value: 1.0.
[I 2024-01-25 11:22:25,634] Trial 83 finished with value: 0.9736842105263158 and parameters: {'min_samples_leaf': 6, 'max_depth': 19, 'min_samples_split': 7}. Best is trial 0 with value: 1.0.
[I 2024-01-25 11:22:25,739] Trial 84 finished with value: 0.9473684210526315 and parameters: {'min_samples_leaf': 4, 'max_depth': 14, 'min_samples_split': 7}. Best is trial 0 with value: 1.0.
[I 2024-01-25 11:22:25,852] Trial 85 finished with value: 0.9473684210526315 and parameters: {'min_samples_leaf': 5, 'max_depth': 13, 'min_samples_split': 8}. Best is trial 0 with value: 1.0.
[I 2024-01-25 11:22:25,956] Trial 86 finished with value: 0.9210526315789473 and parameters: {'min_samples_leaf': 5, 'max_depth': 15, 'min_samples_split': 8}. Best is trial 0 with value: 1.0.
[I 2024-01-25 11:22:26,062] Trial 87 finished with value: 1.0 and parameters: {'min_samples_leaf': 4, 'max_depth': 5, 'min_samples_split': 6}. Best is trial 0 with value: 1.0.
[I 2024-01-25 11:22:26,168] Trial 88 finished with value: 0.868421052631579 and parameters: {'min_samples_leaf': 4, 'max_depth': 11, 'min_samples_split': 9}. Best is trial 0 with value: 1.0.
[I 2024-01-25 11:22:26,271] Trial 89 finished with value: 0.868421052631579 and parameters: {'min_samples_leaf': 6, 'max_depth': 17, 'min_samples_split': 6}. Best is trial 0 with value: 1.0.
[I 2024-01-25 11:22:26,376] Trial 90 finished with value: 0.9736842105263158 and parameters: {'min_samples_leaf': 7, 'max_depth': 16, 'min_samples_split': 7}. Best is trial 0 with value: 1.0.
[I 2024-01-25 11:22:26,482] Trial 91 finished with value: 0.868421052631579 and parameters: {'min_samples_leaf': 6, 'max_depth': 14, 'min_samples_split': 8}. Best is trial 0 with value: 1.0.
[I 2024-01-25 11:22:26,586] Trial 92 finished with value: 0.9736842105263158 and parameters: {'min_samples_leaf': 6, 'max_depth': 13, 'min_samples_split': 8}. Best is trial 0 with value: 1.0.
[I 2024-01-25 11:22:26,690] Trial 93 finished with value: 0.9210526315789473 and parameters: {'min_samples_leaf': 6, 'max_depth': 15, 'min_samples_split': 8}. Best is trial 0 with value: 1.0.
[I 2024-01-25 11:22:26,797] Trial 94 finished with value: 0.9210526315789473 and parameters: {'min_samples_leaf': 6, 'max_depth': 14, 'min_samples_split': 7}. Best is trial 0 with value: 1.0.
[I 2024-01-25 11:22:26,901] Trial 95 finished with value: 0.9473684210526315 and parameters: {'min_samples_leaf': 7, 'max_depth': 12, 'min_samples_split': 9}. Best is trial 0 with value: 1.0.
[I 2024-01-25 11:22:27,053] Trial 96 finished with value: 0.9210526315789473 and parameters: {'min_samples_leaf': 5, 'max_depth': 18, 'min_samples_split': 8}. Best is trial 0 with value: 1.0.
[I 2024-01-25 11:22:27,194] Trial 97 finished with value: 1.0 and parameters: {'min_samples_leaf': 6, 'max_depth': 7, 'min_samples_split': 9}. Best is trial 0 with value: 1.0.
[I 2024-01-25 11:22:27,298] Trial 98 finished with value: 0.9736842105263158 and parameters: {'min_samples_leaf': 3, 'max_depth': 13, 'min_samples_split': 8}. Best is trial 0 with value: 1.0.
[I 2024-01-25 11:22:27,403] Trial 99 finished with value: 1.0 and parameters: {'min_samples_leaf': 5, 'max_depth': 10, 'min_samples_split': 8}. Best is trial 0 with value: 1.0.
Number of finished trials:  100
Best trial:
  Value:  1.0
  Params:
    min_samples_leaf: 4
    max_depth: 12
    min_samples_split: 5